==========Running program evaluation 1/1...==========
{"batch_size": 10, "data_seed": 2027, "dataset": {"all_valid_unique_boards": {"class_counts": {"circle": 316, "cross": 626, "draw": 4536}, "total": 5478}, "overlap_train_test": 2, "overlap_train_validation": 1, "overlap_validation_test": 3, "test": {"class_counts": {"circle": 20, "cross": 20, "draw": 20}, "rows": 60, "unique_boards": 59}, "train": {"class_counts": {"circle": 30, "cross": 30, "draw": 30}, "rows": 90, "unique_boards": 87}, "validation": {"class_counts": {"circle": 20, "cross": 20, "draw": 20}, "rows": 60, "unique_boards": 60}}, "event": "start", "learning_rate": 0.03, "n_epochs": 10, "n_params": 72, "n_params_per_block": 12, "n_repeats": 2, "n_uploads": 3, "seed": 1000, "steps_per_epoch": 5}
{"batch_loss": 5.60832554648903, "epoch": 1, "event": "epoch", "global_step": 5, "test_accuracy": 0.35, "test_loss": 4.907356972147397, "train_accuracy": 0.43333333333333335, "train_loss": 4.736235946433979, "validation_accuracy": 0.4166666666666667, "validation_loss": 4.758186989483877}
{"batch_loss": 3.0423182446766694, "epoch": 2, "event": "epoch", "global_step": 10, "test_accuracy": 0.35, "test_loss": 3.3842714112344185, "train_accuracy": 0.4222222222222222, "train_loss": 3.198688629207015, "validation_accuracy": 0.38333333333333336, "validation_loss": 3.2217399281609933}
{"batch_loss": 2.55927925315837, "epoch": 3, "event": "epoch", "global_step": 15, "test_accuracy": 0.38333333333333336, "test_loss": 2.935244490844427, "train_accuracy": 0.4111111111111111, "train_loss": 2.771803753274086, "validation_accuracy": 0.4166666666666667, "validation_loss": 2.7369117237655396}
{"batch_loss": 2.6574557408198087, "epoch": 4, "event": "epoch", "global_step": 20, "test_accuracy": 0.35, "test_loss": 2.7720840668455837, "train_accuracy": 0.5222222222222223, "train_loss": 2.648349026687938, "validation_accuracy": 0.5666666666666667, "validation_loss": 2.5801903508669968}
{"batch_loss": 2.7211529637985876, "epoch": 5, "event": "epoch", "global_step": 25, "test_accuracy": 0.36666666666666664, "test_loss": 2.742428934440616, "train_accuracy": 0.4777777777777778, "train_loss": 2.630866689431684, "validation_accuracy": 0.5, "validation_loss": 2.5808088401694516}
{"batch_loss": 2.6233126335076458, "epoch": 6, "event": "epoch", "global_step": 30, "test_accuracy": 0.31666666666666665, "test_loss": 2.7500579398331224, "train_accuracy": 0.5111111111111111, "train_loss": 2.6010557157158343, "validation_accuracy": 0.4166666666666667, "validation_loss": 2.641221690412249}
{"batch_loss": 2.5237925527380356, "epoch": 7, "event": "epoch", "global_step": 35, "test_accuracy": 0.4, "test_loss": 2.6904653189142427, "train_accuracy": 0.4888888888888889, "train_loss": 2.533458686052855, "validation_accuracy": 0.4666666666666667, "validation_loss": 2.560654274441965}
{"batch_loss": 2.4519867294212334, "epoch": 8, "event": "epoch", "global_step": 40, "test_accuracy": 0.4166666666666667, "test_loss": 2.6409217375086653, "train_accuracy": 0.4666666666666667, "train_loss": 2.4984036186070204, "validation_accuracy": 0.48333333333333334, "validation_loss": 2.4727963577496452}
{"batch_loss": 2.2855922212896354, "epoch": 9, "event": "epoch", "global_step": 45, "test_accuracy": 0.45, "test_loss": 2.6063505848426867, "train_accuracy": 0.4777777777777778, "train_loss": 2.463676402010252, "validation_accuracy": 0.48333333333333334, "validation_loss": 2.4109857527290766}
{"batch_loss": 2.2895726356780672, "epoch": 10, "event": "epoch", "global_step": 50, "test_accuracy": 0.45, "test_loss": 2.590080946812572, "train_accuracy": 0.4777777777777778, "train_loss": 2.434812350052784, "validation_accuracy": 0.5333333333333333, "validation_loss": 2.378541165815054}
{"convergence_epoch": null, "convergence_step": null, "convergence_threshold": 0.9, "depth": 70, "event": "final", "gate_count": 261, "generalization_gap": 0.02777777777777779, "history_tail": [{"batch_loss": 5.60832554648903, "epoch": 1, "event": "epoch", "global_step": 5, "test_accuracy": 0.35, "test_loss": 4.907356972147397, "train_accuracy": 0.43333333333333335, "train_loss": 4.736235946433979, "validation_accuracy": 0.4166666666666667, "validation_loss": 4.758186989483877}, {"batch_loss": 3.0423182446766694, "epoch": 2, "event": "epoch", "global_step": 10, "test_accuracy": 0.35, "test_loss": 3.3842714112344185, "train_accuracy": 0.4222222222222222, "train_loss": 3.198688629207015, "validation_accuracy": 0.38333333333333336, "validation_loss": 3.2217399281609933}, {"batch_loss": 2.55927925315837, "epoch": 3, "event": "epoch", "global_step": 15, "test_accuracy": 0.38333333333333336, "test_loss": 2.935244490844427, "train_accuracy": 0.4111111111111111, "train_loss": 2.771803753274086, "validation_accuracy": 0.4166666666666667, "validation_loss": 2.7369117237655396}, {"batch_loss": 2.6574557408198087, "epoch": 4, "event": "epoch", "global_step": 20, "test_accuracy": 0.35, "test_loss": 2.7720840668455837, "train_accuracy": 0.5222222222222223, "train_loss": 2.648349026687938, "validation_accuracy": 0.5666666666666667, "validation_loss": 2.5801903508669968}, {"batch_loss": 2.7211529637985876, "epoch": 5, "event": "epoch", "global_step": 25, "test_accuracy": 0.36666666666666664, "test_loss": 2.742428934440616, "train_accuracy": 0.4777777777777778, "train_loss": 2.630866689431684, "validation_accuracy": 0.5, "validation_loss": 2.5808088401694516}, {"batch_loss": 2.6233126335076458, "epoch": 6, "event": "epoch", "global_step": 30, "test_accuracy": 0.31666666666666665, "test_loss": 2.7500579398331224, "train_accuracy": 0.5111111111111111, "train_loss": 2.6010557157158343, "validation_accuracy": 0.4166666666666667, "validation_loss": 2.641221690412249}, {"batch_loss": 2.5237925527380356, "epoch": 7, "event": "epoch", "global_step": 35, "test_accuracy": 0.4, "test_loss": 2.6904653189142427, "train_accuracy": 0.4888888888888889, "train_loss": 2.533458686052855, "validation_accuracy": 0.4666666666666667, "validation_loss": 2.560654274441965}, {"batch_loss": 2.4519867294212334, "epoch": 8, "event": "epoch", "global_step": 40, "test_accuracy": 0.4166666666666667, "test_loss": 2.6409217375086653, "train_accuracy": 0.4666666666666667, "train_loss": 2.4984036186070204, "validation_accuracy": 0.48333333333333334, "validation_loss": 2.4727963577496452}, {"batch_loss": 2.2855922212896354, "epoch": 9, "event": "epoch", "global_step": 45, "test_accuracy": 0.45, "test_loss": 2.6063505848426867, "train_accuracy": 0.4777777777777778, "train_loss": 2.463676402010252, "validation_accuracy": 0.48333333333333334, "validation_loss": 2.4109857527290766}, {"batch_loss": 2.2895726356780672, "epoch": 10, "event": "epoch", "global_step": 50, "test_accuracy": 0.45, "test_loss": 2.590080946812572, "train_accuracy": 0.4777777777777778, "train_loss": 2.434812350052784, "validation_accuracy": 0.5333333333333333, "validation_loss": 2.378541165815054}], "max_steps": 50, "n_params": 72, "n_params_per_block": 12, "n_qubits": 9, "n_repeats": 2, "n_uploads": 3, "operations": [["RX", [0]], ["RX", [1]], ["RX", [2]], ["RX", [3]], ["RX", [4]], ["RX", [5]], ["RX", [6]], ["RX", [7]], ["RX", [8]], ["RZ", [0]], ["RZ", [2]], ["RZ", [4]], ["RZ", [6]], ["RZ", [1]], ["RZ", [3]], ["RZ", [5]], ["RZ", [7]], ["RZ", [8]], ["RY", [0]], ["RY", [2]], ["RY", [4]], ["RY", [6]], ["RY", [1]], ["RY", [3]], ["RY", [5]], ["RY", [7]], ["RY", [8]], ["CRX", [0, 1]], ["CRX", [1, 2]], ["CRX", [2, 3]], ["CRX", [3, 4]], ["CRX", [4, 5]], ["CRX", [5, 6]], ["CRX", [6, 7]], ["CRX", [7, 0]], ["CRX", [8, 1]], ["CRY", [8, 3]], ["CRX", [8, 5]], ["CRY", [8, 7]], ["RZ", [0]], ["RZ", [2]], ["RZ", [4]], ["RZ", [6]], ["RZ", [1]], ["RZ", [3]], ["RZ", [5]], ["RZ", [7]], ["RZ", [8]], ["RZ", [0]], ["RZ", [2]], ["RZ", [4]], ["RZ", [6]], ["RZ", [1]], ["RZ", [3]], ["RZ", [5]], ["RZ", [7]], ["RZ", [8]], ["RY", [0]], ["RY", [2]], ["RY", [4]], ["RY", [6]], ["RY", [1]], ["RY", [3]], ["RY", [5]], ["RY", [7]], ["RY", [8]], ["CRX", [0, 1]], ["CRX", [1, 2]], ["CRX", [2, 3]], ["CRX", [3, 4]], ["CRX", [4, 5]], ["CRX", [5, 6]], ["CRX", [6, 7]], ["CRX", [7, 0]], ["CRX", [8, 1]], ["CRY", [8, 3]], ["CRX", [8, 5]], ["CRY", [8, 7]], ["RZ", [0]], ["RZ", [2]], ["RZ", [4]], ["RZ", [6]], ["RZ", [1]], ["RZ", [3]], ["RZ", [5]], ["RZ", [7]], ["RZ", [8]], ["RX", [0]], ["RX", [1]], ["RX", [2]], ["RX", [3]], ["RX", [4]], ["RX", [5]], ["RX", [6]], ["RX", [7]], ["RX", [8]], ["RZ", [0]], ["RZ", [2]], ["RZ", [4]], ["RZ", [6]], ["RZ", [1]], ["RZ", [3]], ["RZ", [5]], ["RZ", [7]], ["RZ", [8]], ["RY", [0]], ["RY", [2]], ["RY", [4]], ["RY", [6]], ["RY", [1]], ["RY", [3]], ["RY", [5]], ["RY", [7]], ["RY", [8]], ["CRX", [0, 1]], ["CRX", [1, 2]], ["CRX", [2, 3]], ["CRX", [3, 4]], ["CRX", [4, 5]], ["CRX", [5, 6]], ["CRX", [6, 7]], ["CRX", [7, 0]], ["CRX", [8, 1]], ["CRY", [8, 3]], ["CRX", [8, 5]], ["CRY", [8, 7]], ["RZ", [0]], ["RZ", [2]], ["RZ", [4]], ["RZ", [6]], ["RZ", [1]], ["RZ", [3]], ["RZ", [5]], ["RZ", [7]], ["RZ", [8]], ["RZ", [0]], ["RZ", [2]], ["RZ", [4]], ["RZ", [6]], ["RZ", [1]], ["RZ", [3]], ["RZ", [5]], ["RZ", [7]], ["RZ", [8]], ["RY", [0]], ["RY", [2]], ["RY", [4]], ["RY", [6]], ["RY", [1]], ["RY", [3]], ["RY", [5]], ["RY", [7]], ["RY", [8]], ["CRX", [0, 1]], ["CRX", [1, 2]], ["CRX", [2, 3]], ["CRX", [3, 4]], ["CRX", [4, 5]], ["CRX", [5, 6]], ["CRX", [6, 7]], ["CRX", [7, 0]], ["CRX", [8, 1]], ["CRY", [8, 3]], ["CRX", [8, 5]], ["CRY", [8, 7]], ["RZ", [0]], ["RZ", [2]], ["RZ", [4]], ["RZ", [6]], ["RZ", [1]], ["RZ", [3]], ["RZ", [5]], ["RZ", [7]], ["RZ", [8]], ["RX", [0]], ["RX", [1]], ["RX", [2]], ["RX", [3]], ["RX", [4]], ["RX", [5]], ["RX", [6]], ["RX", [7]], ["RX", [8]], ["RZ", [0]], ["RZ", [2]], ["RZ", [4]], ["RZ", [6]], ["RZ", [1]], ["RZ", [3]], ["RZ", [5]], ["RZ", [7]], ["RZ", [8]], ["RY", [0]], ["RY", [2]], ["RY", [4]], ["RY", [6]], ["RY", [1]], ["RY", [3]], ["RY", [5]], ["RY", [7]], ["RY", [8]], ["CRX", [0, 1]], ["CRX", [1, 2]], ["CRX", [2, 3]], ["CRX", [3, 4]], ["CRX", [4, 5]], ["CRX", [5, 6]], ["CRX", [6, 7]], ["CRX", [7, 0]], ["CRX", [8, 1]], ["CRY", [8, 3]], ["CRX", [8, 5]], ["CRY", [8, 7]], ["RZ", [0]], ["RZ", [2]], ["RZ", [4]], ["RZ", [6]], ["RZ", [1]], ["RZ", [3]], ["RZ", [5]], ["RZ", [7]], ["RZ", [8]], ["RZ", [0]], ["RZ", [2]], ["RZ", [4]], ["RZ", [6]], ["RZ", [1]], ["RZ", [3]], ["RZ", [5]], ["RZ", [7]], ["RZ", [8]], ["RY", [0]], ["RY", [2]], ["RY", [4]], ["RY", [6]], ["RY", [1]], ["RY", [3]], ["RY", [5]], ["RY", [7]], ["RY", [8]], ["CRX", [0, 1]], ["CRX", [1, 2]], ["CRX", [2, 3]], ["CRX", [3, 4]], ["CRX", [4, 5]], ["CRX", [5, 6]], ["CRX", [6, 7]], ["CRX", [7, 0]], ["CRX", [8, 1]], ["CRY", [8, 3]], ["CRX", [8, 5]], ["CRY", [8, 7]], ["RZ", [0]], ["RZ", [2]], ["RZ", [4]], ["RZ", [6]], ["RZ", [1]], ["RZ", [3]], ["RZ", [5]], ["RZ", [7]], ["RZ", [8]]], "parameter_efficiency": 0.00625, "spec_valid": true, "test_accuracy": 0.45, "test_loss": 2.590080946812572, "train_accuracy": 0.4777777777777778, "train_loss": 2.434812350052784, "validation_accuracy": 0.5333333333333333, "validation_loss": 2.378541165815054}
==========Run 1/1 completed in 145.33 seconds==========
Correctness and error status saved to /home/chengyou1368/QuantumAnsatz/tic-tac-toe/results/ttt_qml_cli_20260605_124906/gen_12/results/correct.json
Metrics saved to /home/chengyou1368/QuantumAnsatz/tic-tac-toe/results/ttt_qml_cli_20260605_124906/gen_12/results/metrics.json
OK
{
  "combined_score": 0.5469375432251578,
  "public": {
    "train_accuracy_mean": 0.4778,
    "train_accuracy_std": 0.0,
    "validation_accuracy_mean": 0.5333,
    "validation_accuracy_std": 0.0,
    "test_accuracy_mean": 0.45,
    "test_accuracy_std": 0.0,
    "generalization_gap_mean": 0.0278,
    "validation_loss_mean": 2.3785,
    "test_loss_mean": 2.5901,
    "parameter_efficiency_mean": 0.00625,
    "n_params": 72,
    "depth_mean": 70.0,
    "gate_count_mean": 261.0,
    "score_uses_test": false,
    "convergence_step_mean": null
  },
  "private": {
    "per_run_scores": [
      {
        "combined_score": 0.5469375432251578,
        "primary_accuracy": 0.5333333333333333,
        "gap_score": 0.9206349206349206,
        "loss_score": 0.2959857379031685,
        "parameter_efficiency_score": 1.0,
        "convergence_score": 0.0
      }
    ],
    "per_run_test_accuracies": [
      0.45
    ]
  },
  "text_feedback": "Combined score: 0.5469\nValidation accuracy mean: 0.5333\nTest accuracy mean: 0.4500\nTrain-test generalization gap mean: 0.0278\nValidation L2 loss mean: 2.3785\nParameters: 72, depth mean: 70.0, gate count mean: 261.0\nFitness uses validation metrics; test metrics are reported as holdout diagnostics.\nAccuracy is still low; explore more expressive local entanglement or rotation diversity.\nDid not reach convergence threshold 0.90 in these runs.",
  "execution_time_mean": 145.3254060140007,
  "execution_time_std": 0.0,
  "num_valid_runs": 1,
  "num_invalid_runs": 0,
  "all_validation_errors": []
}
