
░██████╗██╗░░██╗██╗███╗░░██╗██╗░░██╗░█████╗░   ░█████╗░██╗░░░░░██╗
██╔════╝██║░░██║██║████╗░██║██║░██╔╝██╔══██╗   ██╔══██╗██║░░░░░██║
╚█████╗░███████║██║██╔██╗██║█████═╝░███████║   ██║░░╚═╝██║░░░░░██║
░╚═══██╗██╔══██║██║██║╚████║██╔═██╗░██╔══██║   ██║░░██╗██║░░░░░██║
██████╔╝██║░░██║██║██║░╚███║██║░╚██╗██║░░██║   ╚█████╔╝███████╗██║
╚═════╝░╚═╝░░╚═╝╚═╝╚═╝░░╚══╝╚═╝░░╚═╝╚═╝░░╚═╝   ░╚════╝░╚══════╝╚═╝
2026-06-05 10:26:28 - shinka.core.async_runner - INFO - Saved init_program_str to /home/chengyou1368/QuantumAnsatz/tic-tac-toe/results/ttt_qml_cli_20260605_102627/init_program.py
2026-06-05 10:26:28 - shinka.core.async_runner - INFO - Saved evaluate_str to /home/chengyou1368/QuantumAnsatz/tic-tac-toe/results/ttt_qml_cli_20260605_102627/evaluate.py
2026-06-05 10:26:28 - shinka.core.async_runner - INFO - 🖥️  System resources detected:
2026-06-05 10:26:28 - shinka.core.async_runner - INFO -    • CPU cores: 16
2026-06-05 10:26:28 - shinka.core.async_runner - INFO -    • Memory: 7.6 GB
2026-06-05 10:26:28 - shinka.core.async_runner - INFO - 🔧 Concurrency settings:
2026-06-05 10:26:28 - shinka.core.async_runner - INFO -    • Evaluation jobs: 1
2026-06-05 10:26:28 - shinka.core.async_runner - INFO -    • Proposal jobs: 1
2026-06-05 10:26:28 - shinka.core.async_runner - INFO -    • DB workers: 2
2026-06-05 10:26:28 - shinka.core.async_runner - INFO -    • Total threads: 4
2026-06-05 10:26:28 - shinka.core.async_runner - INFO - Configured local numeric thread cap per eval process: 16
2026-06-05 10:26:28 - shinka.core.async_runner - INFO - ================================================================================
2026-06-05 10:26:28 - shinka.core.async_runner - INFO - ASYNC EVOLUTION RUN STARTED
2026-06-05 10:26:28 - shinka.core.async_runner - INFO - ================================================================================
2026-06-05 10:26:28 - shinka.core.async_runner - INFO - Max evaluation jobs: 1
2026-06-05 10:26:28 - shinka.core.async_runner - INFO - Max proposal jobs: 1
2026-06-05 10:26:28 - shinka.core.async_runner - INFO - Target generations: 5
2026-06-05 10:26:28 - shinka.core.async_runner - INFO - Language: python
2026-06-05 10:26:28 - shinka.core.async_runner - INFO - Results directory: /home/chengyou1368/QuantumAnsatz/tic-tac-toe/results/ttt_qml_cli_20260605_102627
2026-06-05 10:26:28 - shinka.core.async_runner - INFO - Log file: /home/chengyou1368/QuantumAnsatz/tic-tac-toe/results/ttt_qml_cli_20260605_102627/evolution_run.log
2026-06-05 10:26:28 - shinka.core.async_runner - INFO - Max API costs: $3.00
2026-06-05 10:26:28 - shinka.core.async_runner - INFO - ================================================================================
2026-06-05 10:26:29 - shinka.database.async_dbase - INFO - 🔧 AsyncDB initialized with 2 workers, 2 concurrent DB ops (WAL mode)
2026-06-05 10:26:29 - shinka.core.async_runner - INFO - Copying initial program from /home/chengyou1368/QuantumAnsatz/tic-tac-toe/results/ttt_qml_cli_20260605_102627/init_program.py
2026-06-05 10:26:29 - shinka.core.async_runner - INFO - Starting initial program evaluation: /home/chengyou1368/QuantumAnsatz/tic-tac-toe/results/ttt_qml_cli_20260605_102627/gen_0/main.py
2026-06-05 10:26:29 - shinka.launch.local - INFO - Submitted local process with PID: 12125
2026-06-05 10:26:29 - shinka.launch.local - INFO - Launched local command: bash -lc set -e; source "/home/chengyou1368/QuantumAnsatz/tic-tac-toe/.venv-shinka-ttt/bin/activate"; exec python /home/chengyou1368/QuantumAnsatz/tic-tac-toe/results/ttt_qml_cli_20260605_102627/evaluate.py --program_path /home/chengyou1368/QuantumAnsatz/tic-tac-toe/results/ttt_qml_cli_20260605_102627/gen_0/main.py --results_dir /home/chengyou1368/QuantumAnsatz/tic-tac-toe/results/ttt_qml_cli_20260605_102627/gen_0/results
