==========Running program evaluation 1/1...==========
{"batch_size": 10, "data_seed": 2027, "dataset": {"all_valid_unique_boards": {"class_counts": {"circle": 316, "cross": 626, "draw": 4536}, "total": 5478}, "overlap_train_test": 2, "overlap_train_validation": 1, "overlap_validation_test": 3, "test": {"class_counts": {"circle": 20, "cross": 20, "draw": 20}, "rows": 60, "unique_boards": 59}, "train": {"class_counts": {"circle": 30, "cross": 30, "draw": 30}, "rows": 90, "unique_boards": 87}, "validation": {"class_counts": {"circle": 20, "cross": 20, "draw": 20}, "rows": 60, "unique_boards": 60}}, "event": "start", "learning_rate": 0.03, "n_epochs": 10, "n_params": 66, "n_params_per_block": 11, "n_repeats": 2, "n_uploads": 3, "seed": 1000, "steps_per_epoch": 5}
{"batch_loss": 6.121498045060216, "epoch": 1, "event": "epoch", "global_step": 5, "test_accuracy": 0.43333333333333335, "test_loss": 5.111813241342218, "train_accuracy": 0.36666666666666664, "train_loss": 5.126639918052759, "validation_accuracy": 0.35, "validation_loss": 4.939138372472127}
{"batch_loss": 2.7940457681499997, "epoch": 2, "event": "epoch", "global_step": 10, "test_accuracy": 0.4166666666666667, "test_loss": 3.492328865621161, "train_accuracy": 0.4777777777777778, "train_loss": 3.372310148137492, "validation_accuracy": 0.4666666666666667, "validation_loss": 3.308724948001794}
{"batch_loss": 3.0018384523017976, "epoch": 3, "event": "epoch", "global_step": 15, "test_accuracy": 0.45, "test_loss": 3.112159753679384, "train_accuracy": 0.4111111111111111, "train_loss": 3.001231554981302, "validation_accuracy": 0.45, "validation_loss": 2.963707240069771}
{"batch_loss": 3.1805947112100386, "epoch": 4, "event": "epoch", "global_step": 20, "test_accuracy": 0.45, "test_loss": 2.977440016756754, "train_accuracy": 0.45555555555555555, "train_loss": 2.7888399735133174, "validation_accuracy": 0.45, "validation_loss": 2.7603577172233145}
{"batch_loss": 2.8004613825312115, "epoch": 5, "event": "epoch", "global_step": 25, "test_accuracy": 0.45, "test_loss": 2.8881611820798607, "train_accuracy": 0.5, "train_loss": 2.6702311354544204, "validation_accuracy": 0.48333333333333334, "validation_loss": 2.685802724933916}
{"batch_loss": 3.1186595508903014, "epoch": 6, "event": "epoch", "global_step": 30, "test_accuracy": 0.4166666666666667, "test_loss": 2.8255198379234874, "train_accuracy": 0.5333333333333333, "train_loss": 2.6230905671484654, "validation_accuracy": 0.4166666666666667, "validation_loss": 2.678708124446156}
{"batch_loss": 2.129524962895968, "epoch": 7, "event": "epoch", "global_step": 35, "test_accuracy": 0.4166666666666667, "test_loss": 2.8230511927651096, "train_accuracy": 0.5777777777777777, "train_loss": 2.584307583192246, "validation_accuracy": 0.48333333333333334, "validation_loss": 2.649852016624046}
{"batch_loss": 2.971082534529761, "epoch": 8, "event": "epoch", "global_step": 40, "test_accuracy": 0.4, "test_loss": 2.815671619468824, "train_accuracy": 0.5777777777777777, "train_loss": 2.520650148322083, "validation_accuracy": 0.5166666666666667, "validation_loss": 2.5976772605850997}
{"batch_loss": 2.165622682020524, "epoch": 9, "event": "epoch", "global_step": 45, "test_accuracy": 0.36666666666666664, "test_loss": 2.79390933467924, "train_accuracy": 0.5888888888888889, "train_loss": 2.450781905769082, "validation_accuracy": 0.5166666666666667, "validation_loss": 2.5681082611390815}
{"batch_loss": 2.111398668428284, "epoch": 10, "event": "epoch", "global_step": 50, "test_accuracy": 0.4, "test_loss": 2.7625173683131266, "train_accuracy": 0.6111111111111112, "train_loss": 2.3991171745484974, "validation_accuracy": 0.5, "validation_loss": 2.5608576081380225}
{"convergence_epoch": null, "convergence_step": null, "convergence_threshold": 0.9, "depth": 82, "event": "final", "gate_count": 273, "generalization_gap": 0.21111111111111114, "history_tail": [{"batch_loss": 6.121498045060216, "epoch": 1, "event": "epoch", "global_step": 5, "test_accuracy": 0.43333333333333335, "test_loss": 5.111813241342218, "train_accuracy": 0.36666666666666664, "train_loss": 5.126639918052759, "validation_accuracy": 0.35, "validation_loss": 4.939138372472127}, {"batch_loss": 2.7940457681499997, "epoch": 2, "event": "epoch", "global_step": 10, "test_accuracy": 0.4166666666666667, "test_loss": 3.492328865621161, "train_accuracy": 0.4777777777777778, "train_loss": 3.372310148137492, "validation_accuracy": 0.4666666666666667, "validation_loss": 3.308724948001794}, {"batch_loss": 3.0018384523017976, "epoch": 3, "event": "epoch", "global_step": 15, "test_accuracy": 0.45, "test_loss": 3.112159753679384, "train_accuracy": 0.4111111111111111, "train_loss": 3.001231554981302, "validation_accuracy": 0.45, "validation_loss": 2.963707240069771}, {"batch_loss": 3.1805947112100386, "epoch": 4, "event": "epoch", "global_step": 20, "test_accuracy": 0.45, "test_loss": 2.977440016756754, "train_accuracy": 0.45555555555555555, "train_loss": 2.7888399735133174, "validation_accuracy": 0.45, "validation_loss": 2.7603577172233145}, {"batch_loss": 2.8004613825312115, "epoch": 5, "event": "epoch", "global_step": 25, "test_accuracy": 0.45, "test_loss": 2.8881611820798607, "train_accuracy": 0.5, "train_loss": 2.6702311354544204, "validation_accuracy": 0.48333333333333334, "validation_loss": 2.685802724933916}, {"batch_loss": 3.1186595508903014, "epoch": 6, "event": "epoch", "global_step": 30, "test_accuracy": 0.4166666666666667, "test_loss": 2.8255198379234874, "train_accuracy": 0.5333333333333333, "train_loss": 2.6230905671484654, "validation_accuracy": 0.4166666666666667, "validation_loss": 2.678708124446156}, {"batch_loss": 2.129524962895968, "epoch": 7, "event": "epoch", "global_step": 35, "test_accuracy": 0.4166666666666667, "test_loss": 2.8230511927651096, "train_accuracy": 0.5777777777777777, "train_loss": 2.584307583192246, "validation_accuracy": 0.48333333333333334, "validation_loss": 2.649852016624046}, {"batch_loss": 2.971082534529761, "epoch": 8, "event": "epoch", "global_step": 40, "test_accuracy": 0.4, "test_loss": 2.815671619468824, "train_accuracy": 0.5777777777777777, "train_loss": 2.520650148322083, "validation_accuracy": 0.5166666666666667, "validation_loss": 2.5976772605850997}, {"batch_loss": 2.165622682020524, "epoch": 9, "event": "epoch", "global_step": 45, "test_accuracy": 0.36666666666666664, "test_loss": 2.79390933467924, "train_accuracy": 0.5888888888888889, "train_loss": 2.450781905769082, "validation_accuracy": 0.5166666666666667, "validation_loss": 2.5681082611390815}, {"batch_loss": 2.111398668428284, "epoch": 10, "event": "epoch", "global_step": 50, "test_accuracy": 0.4, "test_loss": 2.7625173683131266, "train_accuracy": 0.6111111111111112, "train_loss": 2.3991171745484974, "validation_accuracy": 0.5, "validation_loss": 2.5608576081380225}], "max_steps": 50, "n_params": 66, "n_params_per_block": 11, "n_qubits": 9, "n_repeats": 2, "n_uploads": 3, "operations": [["RX", [0]], ["RX", [1]], ["RX", [2]], ["RX", [3]], ["RX", [4]], ["RX", [5]], ["RX", [6]], ["RX", [7]], ["RX", [8]], ["RZ", [0]], ["RZ", [2]], ["RZ", [4]], ["RZ", [6]], ["RZ", [1]], ["RZ", [3]], ["RZ", [5]], ["RZ", [7]], ["RZ", [8]], ["RY", [0]], ["RY", [2]], ["RY", [4]], ["RY", [6]], ["RY", [1]], ["RY", [3]], ["RY", [5]], ["RY", [7]], ["RY", [8]], ["CRY", [0, 1]], ["CRY", [1, 2]], ["CRY", [2, 3]], ["CRY", [3, 4]], ["CRY", [4, 5]], ["CRY", [5, 6]], ["CRY", [6, 7]], ["CRY", [7, 0]], ["CRX", [8, 1]], ["CRX", [8, 3]], ["CRX", [8, 5]], ["CRX", [8, 7]], ["CZ", [8, 1]], ["CZ", [8, 3]], ["RZ", [0]], ["RZ", [2]], ["RZ", [4]], ["RZ", [6]], ["RZ", [1]], ["RZ", [3]], ["RZ", [5]], ["RZ", [7]], ["RZ", [8]], ["RZ", [0]], ["RZ", [2]], ["RZ", [4]], ["RZ", [6]], ["RZ", [1]], ["RZ", [3]], ["RZ", [5]], ["RZ", [7]], ["RZ", [8]], ["RY", [0]], ["RY", [2]], ["RY", [4]], ["RY", [6]], ["RY", [1]], ["RY", [3]], ["RY", [5]], ["RY", [7]], ["RY", [8]], ["CRY", [0, 1]], ["CRY", [1, 2]], ["CRY", [2, 3]], ["CRY", [3, 4]], ["CRY", [4, 5]], ["CRY", [5, 6]], ["CRY", [6, 7]], ["CRY", [7, 0]], ["CRX", [8, 1]], ["CRX", [8, 3]], ["CRX", [8, 5]], ["CRX", [8, 7]], ["CZ", [8, 1]], ["CZ", [8, 3]], ["RZ", [0]], ["RZ", [2]], ["RZ", [4]], ["RZ", [6]], ["RZ", [1]], ["RZ", [3]], ["RZ", [5]], ["RZ", [7]], ["RZ", [8]], ["RX", [0]], ["RX", [1]], ["RX", [2]], ["RX", [3]], ["RX", [4]], ["RX", [5]], ["RX", [6]], ["RX", [7]], ["RX", [8]], ["RZ", [0]], ["RZ", [2]], ["RZ", [4]], ["RZ", [6]], ["RZ", [1]], ["RZ", [3]], ["RZ", [5]], ["RZ", [7]], ["RZ", [8]], ["RY", [0]], ["RY", [2]], ["RY", [4]], ["RY", [6]], ["RY", [1]], ["RY", [3]], ["RY", [5]], ["RY", [7]], ["RY", [8]], ["CRY", [0, 1]], ["CRY", [1, 2]], ["CRY", [2, 3]], ["CRY", [3, 4]], ["CRY", [4, 5]], ["CRY", [5, 6]], ["CRY", [6, 7]], ["CRY", [7, 0]], ["CRX", [8, 1]], ["CRX", [8, 3]], ["CRX", [8, 5]], ["CRX", [8, 7]], ["CZ", [8, 1]], ["CZ", [8, 3]], ["RZ", [0]], ["RZ", [2]], ["RZ", [4]], ["RZ", [6]], ["RZ", [1]], ["RZ", [3]], ["RZ", [5]], ["RZ", [7]], ["RZ", [8]], ["RZ", [0]], ["RZ", [2]], ["RZ", [4]], ["RZ", [6]], ["RZ", [1]], ["RZ", [3]], ["RZ", [5]], ["RZ", [7]], ["RZ", [8]], ["RY", [0]], ["RY", [2]], ["RY", [4]], ["RY", [6]], ["RY", [1]], ["RY", [3]], ["RY", [5]], ["RY", [7]], ["RY", [8]], ["CRY", [0, 1]], ["CRY", [1, 2]], ["CRY", [2, 3]], ["CRY", [3, 4]], ["CRY", [4, 5]], ["CRY", [5, 6]], ["CRY", [6, 7]], ["CRY", [7, 0]], ["CRX", [8, 1]], ["CRX", [8, 3]], ["CRX", [8, 5]], ["CRX", [8, 7]], ["CZ", [8, 1]], ["CZ", [8, 3]], ["RZ", [0]], ["RZ", [2]], ["RZ", [4]], ["RZ", [6]], ["RZ", [1]], ["RZ", [3]], ["RZ", [5]], ["RZ", [7]], ["RZ", [8]], ["RX", [0]], ["RX", [1]], ["RX", [2]], ["RX", [3]], ["RX", [4]], ["RX", [5]], ["RX", [6]], ["RX", [7]], ["RX", [8]], ["RZ", [0]], ["RZ", [2]], ["RZ", [4]], ["RZ", [6]], ["RZ", [1]], ["RZ", [3]], ["RZ", [5]], ["RZ", [7]], ["RZ", [8]], ["RY", [0]], ["RY", [2]], ["RY", [4]], ["RY", [6]], ["RY", [1]], ["RY", [3]], ["RY", [5]], ["RY", [7]], ["RY", [8]], ["CRY", [0, 1]], ["CRY", [1, 2]], ["CRY", [2, 3]], ["CRY", [3, 4]], ["CRY", [4, 5]], ["CRY", [5, 6]], ["CRY", [6, 7]], ["CRY", [7, 0]], ["CRX", [8, 1]], ["CRX", [8, 3]], ["CRX", [8, 5]], ["CRX", [8, 7]], ["CZ", [8, 1]], ["CZ", [8, 3]], ["RZ", [0]], ["RZ", [2]], ["RZ", [4]], ["RZ", [6]], ["RZ", [1]], ["RZ", [3]], ["RZ", [5]], ["RZ", [7]], ["RZ", [8]], ["RZ", [0]], ["RZ", [2]], ["RZ", [4]], ["RZ", [6]], ["RZ", [1]], ["RZ", [3]], ["RZ", [5]], ["RZ", [7]], ["RZ", [8]], ["RY", [0]], ["RY", [2]], ["RY", [4]], ["RY", [6]], ["RY", [1]], ["RY", [3]], ["RY", [5]], ["RY", [7]], ["RY", [8]], ["CRY", [0, 1]], ["CRY", [1, 2]], ["CRY", [2, 3]], ["CRY", [3, 4]], ["CRY", [4, 5]], ["CRY", [5, 6]], ["CRY", [6, 7]], ["CRY", [7, 0]], ["CRX", [8, 1]], ["CRX", [8, 3]], ["CRX", [8, 5]], ["CRX", [8, 7]], ["CZ", [8, 1]], ["CZ", [8, 3]], ["RZ", [0]], ["RZ", [2]], ["RZ", [4]], ["RZ", [6]], ["RZ", [1]], ["RZ", [3]], ["RZ", [5]], ["RZ", [7]], ["RZ", [8]]], "parameter_efficiency": 0.006060606060606061, "spec_valid": true, "test_accuracy": 0.4, "test_loss": 2.7625173683131266, "train_accuracy": 0.6111111111111112, "train_loss": 2.3991171745484974, "validation_accuracy": 0.5, "validation_loss": 2.5608576081380225}
==========Run 1/1 completed in 150.03 seconds==========
Correctness and error status saved to /home/chengyou1368/QuantumAnsatz/tic-tac-toe/results/ttt_qml_cli_20260605_124906/gen_18/results/correct.json
Metrics saved to /home/chengyou1368/QuantumAnsatz/tic-tac-toe/results/ttt_qml_cli_20260605_124906/gen_18/results/metrics.json
OK
{
  "combined_score": 0.46275960421035717,
  "public": {
    "train_accuracy_mean": 0.6111,
    "train_accuracy_std": 0.0,
    "validation_accuracy_mean": 0.5,
    "validation_accuracy_std": 0.0,
    "test_accuracy_mean": 0.4,
    "test_accuracy_std": 0.0,
    "generalization_gap_mean": 0.2111,
    "validation_loss_mean": 2.5609,
    "test_loss_mean": 2.7625,
    "parameter_efficiency_mean": 0.006061,
    "n_params": 66,
    "depth_mean": 82.0,
    "gate_count_mean": 273.0,
    "score_uses_test": false,
    "convergence_step_mean": null
  },
  "private": {
    "per_run_scores": [
      {
        "combined_score": 0.46275960421035717,
        "primary_accuracy": 0.5,
        "gap_score": 0.39682539682539675,
        "loss_score": 0.2808312238362436,
        "parameter_efficiency_score": 1.0,
        "convergence_score": 0.0
      }
    ],
    "per_run_test_accuracies": [
      0.4
    ]
  },
  "text_feedback": "Combined score: 0.4628\nValidation accuracy mean: 0.5000\nTest accuracy mean: 0.4000\nTrain-test generalization gap mean: 0.2111\nValidation L2 loss mean: 2.5609\nParameters: 66, depth mean: 82.0, gate count mean: 273.0\nFitness uses validation metrics; test metrics are reported as holdout diagnostics.\nAccuracy is still low; explore more expressive local entanglement or rotation diversity.\nLarge train-test gap; prefer parameter sharing, fewer parameters, or symmetry-inspired repeated motifs.\nDid not reach convergence threshold 0.90 in these runs.",
  "execution_time_mean": 150.02888495799925,
  "execution_time_std": 0.0,
  "num_valid_runs": 1,
  "num_invalid_runs": 0,
  "all_validation_errors": []
}
