==========Running program evaluation 1/1...==========
{"batch_size": 10, "data_seed": 2027, "dataset": {"all_valid_unique_boards": {"class_counts": {"circle": 316, "cross": 626, "draw": 4536}, "total": 5478}, "overlap_train_test": 2, "overlap_train_validation": 1, "overlap_validation_test": 3, "test": {"class_counts": {"circle": 20, "cross": 20, "draw": 20}, "rows": 60, "unique_boards": 59}, "train": {"class_counts": {"circle": 30, "cross": 30, "draw": 30}, "rows": 90, "unique_boards": 87}, "validation": {"class_counts": {"circle": 20, "cross": 20, "draw": 20}, "rows": 60, "unique_boards": 60}}, "event": "start", "learning_rate": 0.03, "n_epochs": 10, "n_params": 78, "n_params_per_block": 13, "n_repeats": 2, "n_uploads": 3, "seed": 1000, "steps_per_epoch": 5}
{"batch_loss": 6.474679771671378, "epoch": 1, "event": "epoch", "global_step": 5, "test_accuracy": 0.36666666666666664, "test_loss": 5.196011933867069, "train_accuracy": 0.3333333333333333, "train_loss": 5.522068691582072, "validation_accuracy": 0.3333333333333333, "validation_loss": 5.221882536108097}
{"batch_loss": 3.990303381912517, "epoch": 2, "event": "epoch", "global_step": 10, "test_accuracy": 0.35, "test_loss": 3.3958254578590084, "train_accuracy": 0.28888888888888886, "train_loss": 3.5845355038777944, "validation_accuracy": 0.31666666666666665, "validation_loss": 3.2487301570173055}
{"batch_loss": 3.2286346039975813, "epoch": 3, "event": "epoch", "global_step": 15, "test_accuracy": 0.4, "test_loss": 2.9616901082142832, "train_accuracy": 0.4111111111111111, "train_loss": 3.025476118659348, "validation_accuracy": 0.35, "validation_loss": 2.8107622161080235}
{"batch_loss": 2.265493455003906, "epoch": 4, "event": "epoch", "global_step": 20, "test_accuracy": 0.4666666666666667, "test_loss": 2.7301201052626696, "train_accuracy": 0.43333333333333335, "train_loss": 2.7637265379299816, "validation_accuracy": 0.38333333333333336, "validation_loss": 2.662632641986896}
{"batch_loss": 2.729847243273359, "epoch": 5, "event": "epoch", "global_step": 25, "test_accuracy": 0.5166666666666667, "test_loss": 2.645213968296396, "train_accuracy": 0.4666666666666667, "train_loss": 2.605373496907522, "validation_accuracy": 0.4, "validation_loss": 2.6164335252697524}
{"batch_loss": 2.731232309044009, "epoch": 6, "event": "epoch", "global_step": 30, "test_accuracy": 0.3333333333333333, "test_loss": 2.7179982888496195, "train_accuracy": 0.4666666666666667, "train_loss": 2.5864063171681733, "validation_accuracy": 0.35, "validation_loss": 2.6914829414745163}
{"batch_loss": 2.703494345132056, "epoch": 7, "event": "epoch", "global_step": 35, "test_accuracy": 0.3333333333333333, "test_loss": 2.6985833301317403, "train_accuracy": 0.5444444444444444, "train_loss": 2.5156913420938105, "validation_accuracy": 0.45, "validation_loss": 2.6315805805014665}
{"batch_loss": 2.6416185452696825, "epoch": 8, "event": "epoch", "global_step": 40, "test_accuracy": 0.45, "test_loss": 2.6281204283568274, "train_accuracy": 0.5666666666666667, "train_loss": 2.426727638075391, "validation_accuracy": 0.48333333333333334, "validation_loss": 2.5065700646956848}
{"batch_loss": 2.4128249247625626, "epoch": 9, "event": "epoch", "global_step": 45, "test_accuracy": 0.5, "test_loss": 2.5990037170339284, "train_accuracy": 0.5555555555555556, "train_loss": 2.393625603920508, "validation_accuracy": 0.5666666666666667, "validation_loss": 2.4219034323782807}
{"batch_loss": 2.34536600458376, "epoch": 10, "event": "epoch", "global_step": 50, "test_accuracy": 0.5, "test_loss": 2.5947594704697656, "train_accuracy": 0.5666666666666667, "train_loss": 2.3672917008551604, "validation_accuracy": 0.55, "validation_loss": 2.3818810470739185}
{"convergence_epoch": null, "convergence_step": null, "convergence_threshold": 0.9, "depth": 70, "event": "final", "gate_count": 261, "generalization_gap": 0.06666666666666665, "history_tail": [{"batch_loss": 6.474679771671378, "epoch": 1, "event": "epoch", "global_step": 5, "test_accuracy": 0.36666666666666664, "test_loss": 5.196011933867069, "train_accuracy": 0.3333333333333333, "train_loss": 5.522068691582072, "validation_accuracy": 0.3333333333333333, "validation_loss": 5.221882536108097}, {"batch_loss": 3.990303381912517, "epoch": 2, "event": "epoch", "global_step": 10, "test_accuracy": 0.35, "test_loss": 3.3958254578590084, "train_accuracy": 0.28888888888888886, "train_loss": 3.5845355038777944, "validation_accuracy": 0.31666666666666665, "validation_loss": 3.2487301570173055}, {"batch_loss": 3.2286346039975813, "epoch": 3, "event": "epoch", "global_step": 15, "test_accuracy": 0.4, "test_loss": 2.9616901082142832, "train_accuracy": 0.4111111111111111, "train_loss": 3.025476118659348, "validation_accuracy": 0.35, "validation_loss": 2.8107622161080235}, {"batch_loss": 2.265493455003906, "epoch": 4, "event": "epoch", "global_step": 20, "test_accuracy": 0.4666666666666667, "test_loss": 2.7301201052626696, "train_accuracy": 0.43333333333333335, "train_loss": 2.7637265379299816, "validation_accuracy": 0.38333333333333336, "validation_loss": 2.662632641986896}, {"batch_loss": 2.729847243273359, "epoch": 5, "event": "epoch", "global_step": 25, "test_accuracy": 0.5166666666666667, "test_loss": 2.645213968296396, "train_accuracy": 0.4666666666666667, "train_loss": 2.605373496907522, "validation_accuracy": 0.4, "validation_loss": 2.6164335252697524}, {"batch_loss": 2.731232309044009, "epoch": 6, "event": "epoch", "global_step": 30, "test_accuracy": 0.3333333333333333, "test_loss": 2.7179982888496195, "train_accuracy": 0.4666666666666667, "train_loss": 2.5864063171681733, "validation_accuracy": 0.35, "validation_loss": 2.6914829414745163}, {"batch_loss": 2.703494345132056, "epoch": 7, "event": "epoch", "global_step": 35, "test_accuracy": 0.3333333333333333, "test_loss": 2.6985833301317403, "train_accuracy": 0.5444444444444444, "train_loss": 2.5156913420938105, "validation_accuracy": 0.45, "validation_loss": 2.6315805805014665}, {"batch_loss": 2.6416185452696825, "epoch": 8, "event": "epoch", "global_step": 40, "test_accuracy": 0.45, "test_loss": 2.6281204283568274, "train_accuracy": 0.5666666666666667, "train_loss": 2.426727638075391, "validation_accuracy": 0.48333333333333334, "validation_loss": 2.5065700646956848}, {"batch_loss": 2.4128249247625626, "epoch": 9, "event": "epoch", "global_step": 45, "test_accuracy": 0.5, "test_loss": 2.5990037170339284, "train_accuracy": 0.5555555555555556, "train_loss": 2.393625603920508, "validation_accuracy": 0.5666666666666667, "validation_loss": 2.4219034323782807}, {"batch_loss": 2.34536600458376, "epoch": 10, "event": "epoch", "global_step": 50, "test_accuracy": 0.5, "test_loss": 2.5947594704697656, "train_accuracy": 0.5666666666666667, "train_loss": 2.3672917008551604, "validation_accuracy": 0.55, "validation_loss": 2.3818810470739185}], "max_steps": 50, "n_params": 78, "n_params_per_block": 13, "n_qubits": 9, "n_repeats": 2, "n_uploads": 3, "operations": [["RX", [0]], ["RX", [1]], ["RX", [2]], ["RX", [3]], ["RX", [4]], ["RX", [5]], ["RX", [6]], ["RX", [7]], ["RX", [8]], ["RZ", [0]], ["RZ", [2]], ["RZ", [4]], ["RZ", [6]], ["RZ", [1]], ["RZ", [3]], ["RZ", [5]], ["RZ", [7]], ["RZ", [8]], ["RY", [0]], ["RY", [2]], ["RY", [4]], ["RY", [6]], ["RY", [1]], ["RY", [3]], ["RY", [5]], ["RY", [7]], ["RY", [8]], ["CZ", [0, 1]], ["CZ", [1, 2]], ["CZ", [2, 3]], ["CZ", [3, 4]], ["CZ", [4, 5]], ["CZ", [5, 6]], ["CZ", [6, 7]], ["CZ", [7, 0]], ["CRX", [8, 1]], ["CRY", [8, 3]], ["CRX", [8, 5]], ["CRY", [8, 7]], ["RZ", [0]], ["RZ", [2]], ["RZ", [4]], ["RZ", [6]], ["RZ", [1]], ["RZ", [3]], ["RZ", [5]], ["RZ", [7]], ["RZ", [8]], ["RZ", [0]], ["RZ", [2]], ["RZ", [4]], ["RZ", [6]], ["RZ", [1]], ["RZ", [3]], ["RZ", [5]], ["RZ", [7]], ["RZ", [8]], ["RY", [0]], ["RY", [2]], ["RY", [4]], ["RY", [6]], ["RY", [1]], ["RY", [3]], ["RY", [5]], ["RY", [7]], ["RY", [8]], ["CZ", [0, 1]], ["CZ", [1, 2]], ["CZ", [2, 3]], ["CZ", [3, 4]], ["CZ", [4, 5]], ["CZ", [5, 6]], ["CZ", [6, 7]], ["CZ", [7, 0]], ["CRX", [8, 1]], ["CRY", [8, 3]], ["CRX", [8, 5]], ["CRY", [8, 7]], ["RZ", [0]], ["RZ", [2]], ["RZ", [4]], ["RZ", [6]], ["RZ", [1]], ["RZ", [3]], ["RZ", [5]], ["RZ", [7]], ["RZ", [8]], ["RX", [0]], ["RX", [1]], ["RX", [2]], ["RX", [3]], ["RX", [4]], ["RX", [5]], ["RX", [6]], ["RX", [7]], ["RX", [8]], ["RZ", [0]], ["RZ", [2]], ["RZ", [4]], ["RZ", [6]], ["RZ", [1]], ["RZ", [3]], ["RZ", [5]], ["RZ", [7]], ["RZ", [8]], ["RY", [0]], ["RY", [2]], ["RY", [4]], ["RY", [6]], ["RY", [1]], ["RY", [3]], ["RY", [5]], ["RY", [7]], ["RY", [8]], ["CZ", [0, 1]], ["CZ", [1, 2]], ["CZ", [2, 3]], ["CZ", [3, 4]], ["CZ", [4, 5]], ["CZ", [5, 6]], ["CZ", [6, 7]], ["CZ", [7, 0]], ["CRX", [8, 1]], ["CRY", [8, 3]], ["CRX", [8, 5]], ["CRY", [8, 7]], ["RZ", [0]], ["RZ", [2]], ["RZ", [4]], ["RZ", [6]], ["RZ", [1]], ["RZ", [3]], ["RZ", [5]], ["RZ", [7]], ["RZ", [8]], ["RZ", [0]], ["RZ", [2]], ["RZ", [4]], ["RZ", [6]], ["RZ", [1]], ["RZ", [3]], ["RZ", [5]], ["RZ", [7]], ["RZ", [8]], ["RY", [0]], ["RY", [2]], ["RY", [4]], ["RY", [6]], ["RY", [1]], ["RY", [3]], ["RY", [5]], ["RY", [7]], ["RY", [8]], ["CZ", [0, 1]], ["CZ", [1, 2]], ["CZ", [2, 3]], ["CZ", [3, 4]], ["CZ", [4, 5]], ["CZ", [5, 6]], ["CZ", [6, 7]], ["CZ", [7, 0]], ["CRX", [8, 1]], ["CRY", [8, 3]], ["CRX", [8, 5]], ["CRY", [8, 7]], ["RZ", [0]], ["RZ", [2]], ["RZ", [4]], ["RZ", [6]], ["RZ", [1]], ["RZ", [3]], ["RZ", [5]], ["RZ", [7]], ["RZ", [8]], ["RX", [0]], ["RX", [1]], ["RX", [2]], ["RX", [3]], ["RX", [4]], ["RX", [5]], ["RX", [6]], ["RX", [7]], ["RX", [8]], ["RZ", [0]], ["RZ", [2]], ["RZ", [4]], ["RZ", [6]], ["RZ", [1]], ["RZ", [3]], ["RZ", [5]], ["RZ", [7]], ["RZ", [8]], ["RY", [0]], ["RY", [2]], ["RY", [4]], ["RY", [6]], ["RY", [1]], ["RY", [3]], ["RY", [5]], ["RY", [7]], ["RY", [8]], ["CZ", [0, 1]], ["CZ", [1, 2]], ["CZ", [2, 3]], ["CZ", [3, 4]], ["CZ", [4, 5]], ["CZ", [5, 6]], ["CZ", [6, 7]], ["CZ", [7, 0]], ["CRX", [8, 1]], ["CRY", [8, 3]], ["CRX", [8, 5]], ["CRY", [8, 7]], ["RZ", [0]], ["RZ", [2]], ["RZ", [4]], ["RZ", [6]], ["RZ", [1]], ["RZ", [3]], ["RZ", [5]], ["RZ", [7]], ["RZ", [8]], ["RZ", [0]], ["RZ", [2]], ["RZ", [4]], ["RZ", [6]], ["RZ", [1]], ["RZ", [3]], ["RZ", [5]], ["RZ", [7]], ["RZ", [8]], ["RY", [0]], ["RY", [2]], ["RY", [4]], ["RY", [6]], ["RY", [1]], ["RY", [3]], ["RY", [5]], ["RY", [7]], ["RY", [8]], ["CZ", [0, 1]], ["CZ", [1, 2]], ["CZ", [2, 3]], ["CZ", [3, 4]], ["CZ", [4, 5]], ["CZ", [5, 6]], ["CZ", [6, 7]], ["CZ", [7, 0]], ["CRX", [8, 1]], ["CRY", [8, 3]], ["CRX", [8, 5]], ["CRY", [8, 7]], ["RZ", [0]], ["RZ", [2]], ["RZ", [4]], ["RZ", [6]], ["RZ", [1]], ["RZ", [3]], ["RZ", [5]], ["RZ", [7]], ["RZ", [8]]], "parameter_efficiency": 0.00641025641025641, "spec_valid": true, "test_accuracy": 0.5, "test_loss": 2.5947594704697656, "train_accuracy": 0.5666666666666667, "train_loss": 2.3672917008551604, "validation_accuracy": 0.55, "validation_loss": 2.3818810470739185}
==========Run 1/1 completed in 155.05 seconds==========
Correctness and error status saved to /home/chengyou1368/QuantumAnsatz/tic-tac-toe/results/ttt_qml_cli_20260605_124906/gen_9/results/correct.json
Metrics saved to /home/chengyou1368/QuantumAnsatz/tic-tac-toe/results/ttt_qml_cli_20260605_124906/gen_9/results/metrics.json
OK
{
  "combined_score": 0.5474492522997837,
  "public": {
    "train_accuracy_mean": 0.5667,
    "train_accuracy_std": 0.0,
    "validation_accuracy_mean": 0.55,
    "validation_accuracy_std": 0.0,
    "test_accuracy_mean": 0.5,
    "test_accuracy_std": 0.0,
    "generalization_gap_mean": 0.0667,
    "validation_loss_mean": 2.3819,
    "test_loss_mean": 2.5948,
    "parameter_efficiency_mean": 0.00641,
    "n_params": 78,
    "depth_mean": 70.0,
    "gate_count_mean": 261.0,
    "score_uses_test": false,
    "convergence_step_mean": null
  },
  "private": {
    "per_run_scores": [
      {
        "combined_score": 0.5474492522997837,
        "primary_accuracy": 0.55,
        "gap_score": 0.8095238095238095,
        "loss_score": 0.29569342803030374,
        "parameter_efficiency_score": 1.0,
        "convergence_score": 0.0
      }
    ],
    "per_run_test_accuracies": [
      0.5
    ]
  },
  "text_feedback": "Combined score: 0.5474\nValidation accuracy mean: 0.5500\nTest accuracy mean: 0.5000\nTrain-test generalization gap mean: 0.0667\nValidation L2 loss mean: 2.3819\nParameters: 78, depth mean: 70.0, gate count mean: 261.0\nFitness uses validation metrics; test metrics are reported as holdout diagnostics.\nDid not reach convergence threshold 0.90 in these runs.",
  "execution_time_mean": 155.0458439899994,
  "execution_time_std": 0.0,
  "num_valid_runs": 1,
  "num_invalid_runs": 0,
  "all_validation_errors": []
}
