==========Running program evaluation 1/1...==========
{"batch_size": 10, "data_seed": 2027, "dataset": {"all_valid_unique_boards": {"class_counts": {"circle": 316, "cross": 626, "draw": 4536}, "total": 5478}, "overlap_train_test": 4, "overlap_train_validation": 1, "overlap_validation_test": 3, "test": {"class_counts": {"circle": 20, "cross": 20, "draw": 20}, "rows": 60, "unique_boards": 59}, "train": {"class_counts": {"circle": 20, "cross": 20, "draw": 20}, "rows": 60, "unique_boards": 59}, "validation": {"class_counts": {"circle": 15, "cross": 15, "draw": 15}, "rows": 45, "unique_boards": 44}}, "event": "start", "learning_rate": 0.03, "n_epochs": 3, "n_params": 18, "n_params_per_block": 3, "n_repeats": 2, "n_uploads": 3, "seed": 1000, "steps_per_epoch": 3}
{"batch_loss": 7.758014674348759, "epoch": 1, "event": "epoch", "global_step": 3, "test_accuracy": 0.4, "test_loss": 7.5727679046836665, "train_accuracy": 0.4666666666666667, "train_loss": 7.573752860590495, "validation_accuracy": 0.4444444444444444, "validation_loss": 7.576468491415809}
{"batch_loss": 7.047579623642198, "epoch": 2, "event": "epoch", "global_step": 6, "test_accuracy": 0.4, "test_loss": 6.756649396784753, "train_accuracy": 0.43333333333333335, "train_loss": 6.760636285682032, "validation_accuracy": 0.4444444444444444, "validation_loss": 6.762209154381875}
{"batch_loss": 6.303687076770722, "epoch": 3, "event": "epoch", "global_step": 9, "test_accuracy": 0.43333333333333335, "test_loss": 5.790170700274249, "train_accuracy": 0.4166666666666667, "train_loss": 5.797424700533923, "validation_accuracy": 0.4888888888888889, "validation_loss": 5.793287092368479}
{"convergence_epoch": null, "convergence_step": null, "convergence_threshold": 0.9, "depth": 58, "event": "final", "gate_count": 153, "generalization_gap": 0.016666666666666663, "history_tail": [{"batch_loss": 7.758014674348759, "epoch": 1, "event": "epoch", "global_step": 3, "test_accuracy": 0.4, "test_loss": 7.5727679046836665, "train_accuracy": 0.4666666666666667, "train_loss": 7.573752860590495, "validation_accuracy": 0.4444444444444444, "validation_loss": 7.576468491415809}, {"batch_loss": 7.047579623642198, "epoch": 2, "event": "epoch", "global_step": 6, "test_accuracy": 0.4, "test_loss": 6.756649396784753, "train_accuracy": 0.43333333333333335, "train_loss": 6.760636285682032, "validation_accuracy": 0.4444444444444444, "validation_loss": 6.762209154381875}, {"batch_loss": 6.303687076770722, "epoch": 3, "event": "epoch", "global_step": 9, "test_accuracy": 0.43333333333333335, "test_loss": 5.790170700274249, "train_accuracy": 0.4166666666666667, "train_loss": 5.797424700533923, "validation_accuracy": 0.4888888888888889, "validation_loss": 5.793287092368479}], "max_steps": 9, "n_params": 18, "n_params_per_block": 3, "n_qubits": 9, "n_repeats": 2, "n_uploads": 3, "operations": [["RX", [0]], ["RX", [1]], ["RX", [2]], ["RX", [3]], ["RX", [4]], ["RX", [5]], ["RX", [6]], ["RX", [7]], ["RX", [8]], ["RY", [0]], ["RY", [1]], ["RY", [2]], ["RY", [3]], ["RY", [4]], ["RY", [5]], ["RY", [6]], ["RY", [7]], ["RY", [8]], ["CZ", [0, 1]], ["CZ", [1, 2]], ["CZ", [2, 3]], ["CZ", [3, 4]], ["CZ", [4, 5]], ["CZ", [5, 6]], ["CZ", [6, 7]], ["CZ", [7, 0]], ["CZ", [1, 8]], ["CZ", [3, 8]], ["CZ", [5, 8]], ["CZ", [7, 8]], ["RY", [0]], ["RY", [1]], ["RY", [2]], ["RY", [3]], ["RY", [4]], ["RY", [5]], ["RY", [6]], ["RY", [7]], ["RY", [8]], ["CZ", [0, 1]], ["CZ", [1, 2]], ["CZ", [2, 3]], ["CZ", [3, 4]], ["CZ", [4, 5]], ["CZ", [5, 6]], ["CZ", [6, 7]], ["CZ", [7, 0]], ["CZ", [1, 8]], ["CZ", [3, 8]], ["CZ", [5, 8]], ["CZ", [7, 8]], ["RX", [0]], ["RX", [1]], ["RX", [2]], ["RX", [3]], ["RX", [4]], ["RX", [5]], ["RX", [6]], ["RX", [7]], ["RX", [8]], ["RY", [0]], ["RY", [1]], ["RY", [2]], ["RY", [3]], ["RY", [4]], ["RY", [5]], ["RY", [6]], ["RY", [7]], ["RY", [8]], ["CZ", [0, 1]], ["CZ", [1, 2]], ["CZ", [2, 3]], ["CZ", [3, 4]], ["CZ", [4, 5]], ["CZ", [5, 6]], ["CZ", [6, 7]], ["CZ", [7, 0]], ["CZ", [1, 8]], ["CZ", [3, 8]], ["CZ", [5, 8]], ["CZ", [7, 8]], ["RY", [0]], ["RY", [1]], ["RY", [2]], ["RY", [3]], ["RY", [4]], ["RY", [5]], ["RY", [6]], ["RY", [7]], ["RY", [8]], ["CZ", [0, 1]], ["CZ", [1, 2]], ["CZ", [2, 3]], ["CZ", [3, 4]], ["CZ", [4, 5]], ["CZ", [5, 6]], ["CZ", [6, 7]], ["CZ", [7, 0]], ["CZ", [1, 8]], ["CZ", [3, 8]], ["CZ", [5, 8]], ["CZ", [7, 8]], ["RX", [0]], ["RX", [1]], ["RX", [2]], ["RX", [3]], ["RX", [4]], ["RX", [5]], ["RX", [6]], ["RX", [7]], ["RX", [8]], ["RY", [0]], ["RY", [1]], ["RY", [2]], ["RY", [3]], ["RY", [4]], ["RY", [5]], ["RY", [6]], ["RY", [7]], ["RY", [8]], ["CZ", [0, 1]], ["CZ", [1, 2]], ["CZ", [2, 3]], ["CZ", [3, 4]], ["CZ", [4, 5]], ["CZ", [5, 6]], ["CZ", [6, 7]], ["CZ", [7, 0]], ["CZ", [1, 8]], ["CZ", [3, 8]], ["CZ", [5, 8]], ["CZ", [7, 8]], ["RY", [0]], ["RY", [1]], ["RY", [2]], ["RY", [3]], ["RY", [4]], ["RY", [5]], ["RY", [6]], ["RY", [7]], ["RY", [8]], ["CZ", [0, 1]], ["CZ", [1, 2]], ["CZ", [2, 3]], ["CZ", [3, 4]], ["CZ", [4, 5]], ["CZ", [5, 6]], ["CZ", [6, 7]], ["CZ", [7, 0]], ["CZ", [1, 8]], ["CZ", [3, 8]], ["CZ", [5, 8]], ["CZ", [7, 8]]], "parameter_efficiency": 0.024074074074074074, "spec_valid": true, "test_accuracy": 0.43333333333333335, "test_loss": 5.790170700274249, "train_accuracy": 0.4166666666666667, "train_loss": 5.797424700533923, "validation_accuracy": 0.4888888888888889, "validation_loss": 5.793287092368479}
==========Run 1/1 completed in 16.04 seconds==========
Correctness and error status saved to /home/chengyou1368/QuantumAnsatz/tic-tac-toe/results/ttt_qml_cli_20260605_113556/gen_0/results/correct.json
Metrics saved to /home/chengyou1368/QuantumAnsatz/tic-tac-toe/results/ttt_qml_cli_20260605_113556/gen_0/results/metrics.json
OK
{
  "combined_score": 0.5010488753170129,
  "public": {
    "train_accuracy_mean": 0.4167,
    "train_accuracy_std": 0.0,
    "validation_accuracy_mean": 0.4889,
    "validation_accuracy_std": 0.0,
    "test_accuracy_mean": 0.4333,
    "test_accuracy_std": 0.0,
    "generalization_gap_mean": 0.0167,
    "validation_loss_mean": 5.7933,
    "test_loss_mean": 5.7902,
    "parameter_efficiency_mean": 0.024074,
    "n_params": 18,
    "depth_mean": 58.0,
    "gate_count_mean": 153.0,
    "score_uses_test": false,
    "convergence_step_mean": null
  },
  "private": {
    "per_run_scores": [
      {
        "combined_score": 0.5010488753170129,
        "primary_accuracy": 0.4888888888888889,
        "gap_score": 0.9523809523809524,
        "loss_score": 0.1472041423250596,
        "parameter_efficiency_score": 1.0,
        "convergence_score": 0.0
      }
    ],
    "per_run_test_accuracies": [
      0.43333333333333335
    ]
  },
  "text_feedback": "Combined score: 0.5010\nValidation accuracy mean: 0.4889\nTest accuracy mean: 0.4333\nTrain-test generalization gap mean: 0.0167\nValidation L2 loss mean: 5.7933\nParameters: 18, depth mean: 58.0, gate count mean: 153.0\nFitness uses validation metrics; test metrics are reported as holdout diagnostics.\nAccuracy is still low; explore more expressive local entanglement or rotation diversity.\nDid not reach convergence threshold 0.90 in these runs.",
  "execution_time_mean": 16.035849758998665,
  "execution_time_std": 0.0,
  "num_valid_runs": 1,
  "num_invalid_runs": 0,
  "all_validation_errors": []
}
