==========Running program evaluation 1/1...==========
{"batch_size": 10, "data_seed": 2027, "dataset": {"all_valid_unique_boards": {"class_counts": {"circle": 316, "cross": 626, "draw": 4536}, "total": 5478}, "overlap_train_test": 2, "overlap_train_validation": 1, "overlap_validation_test": 3, "test": {"class_counts": {"circle": 20, "cross": 20, "draw": 20}, "rows": 60, "unique_boards": 59}, "train": {"class_counts": {"circle": 30, "cross": 30, "draw": 30}, "rows": 90, "unique_boards": 87}, "validation": {"class_counts": {"circle": 20, "cross": 20, "draw": 20}, "rows": 60, "unique_boards": 60}}, "event": "start", "learning_rate": 0.03, "n_epochs": 10, "n_params": 66, "n_params_per_block": 11, "n_repeats": 2, "n_uploads": 3, "seed": 1000, "steps_per_epoch": 5}
{"batch_loss": 4.975670261407777, "epoch": 1, "event": "epoch", "global_step": 5, "test_accuracy": 0.31666666666666665, "test_loss": 4.648243503954777, "train_accuracy": 0.36666666666666664, "train_loss": 4.6142666868521, "validation_accuracy": 0.31666666666666665, "validation_loss": 4.528788154273174}
{"batch_loss": 2.818261944318908, "epoch": 2, "event": "epoch", "global_step": 10, "test_accuracy": 0.38333333333333336, "test_loss": 3.3565384440303707, "train_accuracy": 0.45555555555555555, "train_loss": 3.2665837775447875, "validation_accuracy": 0.4166666666666667, "validation_loss": 3.302766934112468}
{"batch_loss": 3.169735700635966, "epoch": 3, "event": "epoch", "global_step": 15, "test_accuracy": 0.36666666666666664, "test_loss": 2.7610686396502624, "train_accuracy": 0.4222222222222222, "train_loss": 2.757346738515162, "validation_accuracy": 0.43333333333333335, "validation_loss": 2.6248500780584934}
{"batch_loss": 2.859682634480408, "epoch": 4, "event": "epoch", "global_step": 20, "test_accuracy": 0.4, "test_loss": 2.6601067534459504, "train_accuracy": 0.45555555555555555, "train_loss": 2.589726246576559, "validation_accuracy": 0.48333333333333334, "validation_loss": 2.4687892413962684}
{"batch_loss": 2.796263889313411, "epoch": 5, "event": "epoch", "global_step": 25, "test_accuracy": 0.3333333333333333, "test_loss": 2.6802255138809827, "train_accuracy": 0.4888888888888889, "train_loss": 2.5809668775292156, "validation_accuracy": 0.43333333333333335, "validation_loss": 2.505611645593541}
{"batch_loss": 2.3580903923785703, "epoch": 6, "event": "epoch", "global_step": 30, "test_accuracy": 0.5, "test_loss": 2.6783422135630257, "train_accuracy": 0.5222222222222223, "train_loss": 2.5434713864413583, "validation_accuracy": 0.5833333333333334, "validation_loss": 2.5168707988804857}
{"batch_loss": 2.274025146927495, "epoch": 7, "event": "epoch", "global_step": 35, "test_accuracy": 0.5, "test_loss": 2.6770939926325488, "train_accuracy": 0.5444444444444444, "train_loss": 2.525595584327262, "validation_accuracy": 0.5833333333333334, "validation_loss": 2.521896557413601}
{"batch_loss": 2.325744841212239, "epoch": 8, "event": "epoch", "global_step": 40, "test_accuracy": 0.4, "test_loss": 2.616866049118216, "train_accuracy": 0.5555555555555556, "train_loss": 2.476630368712907, "validation_accuracy": 0.5666666666666667, "validation_loss": 2.4399877771292298}
{"batch_loss": 2.1305660813890044, "epoch": 9, "event": "epoch", "global_step": 45, "test_accuracy": 0.4, "test_loss": 2.6188607023309998, "train_accuracy": 0.5, "train_loss": 2.4760297054992817, "validation_accuracy": 0.5333333333333333, "validation_loss": 2.4118552318752453}
{"batch_loss": 1.812821217399185, "epoch": 10, "event": "epoch", "global_step": 50, "test_accuracy": 0.45, "test_loss": 2.634799445856916, "train_accuracy": 0.5444444444444444, "train_loss": 2.4703738460171474, "validation_accuracy": 0.55, "validation_loss": 2.412731452315614}
{"convergence_epoch": null, "convergence_step": null, "convergence_threshold": 0.9, "depth": 70, "event": "final", "gate_count": 261, "generalization_gap": 0.09444444444444439, "history_tail": [{"batch_loss": 4.975670261407777, "epoch": 1, "event": "epoch", "global_step": 5, "test_accuracy": 0.31666666666666665, "test_loss": 4.648243503954777, "train_accuracy": 0.36666666666666664, "train_loss": 4.6142666868521, "validation_accuracy": 0.31666666666666665, "validation_loss": 4.528788154273174}, {"batch_loss": 2.818261944318908, "epoch": 2, "event": "epoch", "global_step": 10, "test_accuracy": 0.38333333333333336, "test_loss": 3.3565384440303707, "train_accuracy": 0.45555555555555555, "train_loss": 3.2665837775447875, "validation_accuracy": 0.4166666666666667, "validation_loss": 3.302766934112468}, {"batch_loss": 3.169735700635966, "epoch": 3, "event": "epoch", "global_step": 15, "test_accuracy": 0.36666666666666664, "test_loss": 2.7610686396502624, "train_accuracy": 0.4222222222222222, "train_loss": 2.757346738515162, "validation_accuracy": 0.43333333333333335, "validation_loss": 2.6248500780584934}, {"batch_loss": 2.859682634480408, "epoch": 4, "event": "epoch", "global_step": 20, "test_accuracy": 0.4, "test_loss": 2.6601067534459504, "train_accuracy": 0.45555555555555555, "train_loss": 2.589726246576559, "validation_accuracy": 0.48333333333333334, "validation_loss": 2.4687892413962684}, {"batch_loss": 2.796263889313411, "epoch": 5, "event": "epoch", "global_step": 25, "test_accuracy": 0.3333333333333333, "test_loss": 2.6802255138809827, "train_accuracy": 0.4888888888888889, "train_loss": 2.5809668775292156, "validation_accuracy": 0.43333333333333335, "validation_loss": 2.505611645593541}, {"batch_loss": 2.3580903923785703, "epoch": 6, "event": "epoch", "global_step": 30, "test_accuracy": 0.5, "test_loss": 2.6783422135630257, "train_accuracy": 0.5222222222222223, "train_loss": 2.5434713864413583, "validation_accuracy": 0.5833333333333334, "validation_loss": 2.5168707988804857}, {"batch_loss": 2.274025146927495, "epoch": 7, "event": "epoch", "global_step": 35, "test_accuracy": 0.5, "test_loss": 2.6770939926325488, "train_accuracy": 0.5444444444444444, "train_loss": 2.525595584327262, "validation_accuracy": 0.5833333333333334, "validation_loss": 2.521896557413601}, {"batch_loss": 2.325744841212239, "epoch": 8, "event": "epoch", "global_step": 40, "test_accuracy": 0.4, "test_loss": 2.616866049118216, "train_accuracy": 0.5555555555555556, "train_loss": 2.476630368712907, "validation_accuracy": 0.5666666666666667, "validation_loss": 2.4399877771292298}, {"batch_loss": 2.1305660813890044, "epoch": 9, "event": "epoch", "global_step": 45, "test_accuracy": 0.4, "test_loss": 2.6188607023309998, "train_accuracy": 0.5, "train_loss": 2.4760297054992817, "validation_accuracy": 0.5333333333333333, "validation_loss": 2.4118552318752453}, {"batch_loss": 1.812821217399185, "epoch": 10, "event": "epoch", "global_step": 50, "test_accuracy": 0.45, "test_loss": 2.634799445856916, "train_accuracy": 0.5444444444444444, "train_loss": 2.4703738460171474, "validation_accuracy": 0.55, "validation_loss": 2.412731452315614}], "max_steps": 50, "n_params": 66, "n_params_per_block": 11, "n_qubits": 9, "n_repeats": 2, "n_uploads": 3, "operations": [["RX", [0]], ["RX", [1]], ["RX", [2]], ["RX", [3]], ["RX", [4]], ["RX", [5]], ["RX", [6]], ["RX", [7]], ["RX", [8]], ["RZ", [0]], ["RZ", [2]], ["RZ", [4]], ["RZ", [6]], ["RZ", [1]], ["RZ", [3]], ["RZ", [5]], ["RZ", [7]], ["RZ", [8]], ["RY", [0]], ["RY", [2]], ["RY", [4]], ["RY", [6]], ["RY", [1]], ["RY", [3]], ["RY", [5]], ["RY", [7]], ["RY", [8]], ["CRZ", [0, 1]], ["CRZ", [1, 2]], ["CRZ", [2, 3]], ["CRZ", [3, 4]], ["CRZ", [4, 5]], ["CRZ", [5, 6]], ["CRZ", [6, 7]], ["CRZ", [7, 0]], ["CRZ", [8, 1]], ["CRZ", [8, 3]], ["CRZ", [8, 5]], ["CRZ", [8, 7]], ["RZ", [0]], ["RZ", [2]], ["RZ", [4]], ["RZ", [6]], ["RZ", [1]], ["RZ", [3]], ["RZ", [5]], ["RZ", [7]], ["RZ", [8]], ["RZ", [0]], ["RZ", [2]], ["RZ", [4]], ["RZ", [6]], ["RZ", [1]], ["RZ", [3]], ["RZ", [5]], ["RZ", [7]], ["RZ", [8]], ["RY", [0]], ["RY", [2]], ["RY", [4]], ["RY", [6]], ["RY", [1]], ["RY", [3]], ["RY", [5]], ["RY", [7]], ["RY", [8]], ["CRZ", [0, 1]], ["CRZ", [1, 2]], ["CRZ", [2, 3]], ["CRZ", [3, 4]], ["CRZ", [4, 5]], ["CRZ", [5, 6]], ["CRZ", [6, 7]], ["CRZ", [7, 0]], ["CRZ", [8, 1]], ["CRZ", [8, 3]], ["CRZ", [8, 5]], ["CRZ", [8, 7]], ["RZ", [0]], ["RZ", [2]], ["RZ", [4]], ["RZ", [6]], ["RZ", [1]], ["RZ", [3]], ["RZ", [5]], ["RZ", [7]], ["RZ", [8]], ["RX", [0]], ["RX", [1]], ["RX", [2]], ["RX", [3]], ["RX", [4]], ["RX", [5]], ["RX", [6]], ["RX", [7]], ["RX", [8]], ["RZ", [0]], ["RZ", [2]], ["RZ", [4]], ["RZ", [6]], ["RZ", [1]], ["RZ", [3]], ["RZ", [5]], ["RZ", [7]], ["RZ", [8]], ["RY", [0]], ["RY", [2]], ["RY", [4]], ["RY", [6]], ["RY", [1]], ["RY", [3]], ["RY", [5]], ["RY", [7]], ["RY", [8]], ["CRZ", [0, 1]], ["CRZ", [1, 2]], ["CRZ", [2, 3]], ["CRZ", [3, 4]], ["CRZ", [4, 5]], ["CRZ", [5, 6]], ["CRZ", [6, 7]], ["CRZ", [7, 0]], ["CRZ", [8, 1]], ["CRZ", [8, 3]], ["CRZ", [8, 5]], ["CRZ", [8, 7]], ["RZ", [0]], ["RZ", [2]], ["RZ", [4]], ["RZ", [6]], ["RZ", [1]], ["RZ", [3]], ["RZ", [5]], ["RZ", [7]], ["RZ", [8]], ["RZ", [0]], ["RZ", [2]], ["RZ", [4]], ["RZ", [6]], ["RZ", [1]], ["RZ", [3]], ["RZ", [5]], ["RZ", [7]], ["RZ", [8]], ["RY", [0]], ["RY", [2]], ["RY", [4]], ["RY", [6]], ["RY", [1]], ["RY", [3]], ["RY", [5]], ["RY", [7]], ["RY", [8]], ["CRZ", [0, 1]], ["CRZ", [1, 2]], ["CRZ", [2, 3]], ["CRZ", [3, 4]], ["CRZ", [4, 5]], ["CRZ", [5, 6]], ["CRZ", [6, 7]], ["CRZ", [7, 0]], ["CRZ", [8, 1]], ["CRZ", [8, 3]], ["CRZ", [8, 5]], ["CRZ", [8, 7]], ["RZ", [0]], ["RZ", [2]], ["RZ", [4]], ["RZ", [6]], ["RZ", [1]], ["RZ", [3]], ["RZ", [5]], ["RZ", [7]], ["RZ", [8]], ["RX", [0]], ["RX", [1]], ["RX", [2]], ["RX", [3]], ["RX", [4]], ["RX", [5]], ["RX", [6]], ["RX", [7]], ["RX", [8]], ["RZ", [0]], ["RZ", [2]], ["RZ", [4]], ["RZ", [6]], ["RZ", [1]], ["RZ", [3]], ["RZ", [5]], ["RZ", [7]], ["RZ", [8]], ["RY", [0]], ["RY", [2]], ["RY", [4]], ["RY", [6]], ["RY", [1]], ["RY", [3]], ["RY", [5]], ["RY", [7]], ["RY", [8]], ["CRZ", [0, 1]], ["CRZ", [1, 2]], ["CRZ", [2, 3]], ["CRZ", [3, 4]], ["CRZ", [4, 5]], ["CRZ", [5, 6]], ["CRZ", [6, 7]], ["CRZ", [7, 0]], ["CRZ", [8, 1]], ["CRZ", [8, 3]], ["CRZ", [8, 5]], ["CRZ", [8, 7]], ["RZ", [0]], ["RZ", [2]], ["RZ", [4]], ["RZ", [6]], ["RZ", [1]], ["RZ", [3]], ["RZ", [5]], ["RZ", [7]], ["RZ", [8]], ["RZ", [0]], ["RZ", [2]], ["RZ", [4]], ["RZ", [6]], ["RZ", [1]], ["RZ", [3]], ["RZ", [5]], ["RZ", [7]], ["RZ", [8]], ["RY", [0]], ["RY", [2]], ["RY", [4]], ["RY", [6]], ["RY", [1]], ["RY", [3]], ["RY", [5]], ["RY", [7]], ["RY", [8]], ["CRZ", [0, 1]], ["CRZ", [1, 2]], ["CRZ", [2, 3]], ["CRZ", [3, 4]], ["CRZ", [4, 5]], ["CRZ", [5, 6]], ["CRZ", [6, 7]], ["CRZ", [7, 0]], ["CRZ", [8, 1]], ["CRZ", [8, 3]], ["CRZ", [8, 5]], ["CRZ", [8, 7]], ["RZ", [0]], ["RZ", [2]], ["RZ", [4]], ["RZ", [6]], ["RZ", [1]], ["RZ", [3]], ["RZ", [5]], ["RZ", [7]], ["RZ", [8]]], "parameter_efficiency": 0.006818181818181819, "spec_valid": true, "test_accuracy": 0.45, "test_loss": 2.634799445856916, "train_accuracy": 0.5444444444444444, "train_loss": 2.4703738460171474, "validation_accuracy": 0.55, "validation_loss": 2.412731452315614}
==========Run 1/1 completed in 135.16 seconds==========
Correctness and error status saved to /home/chengyou1368/QuantumAnsatz/tic-tac-toe/results/ttt_qml_cli_20260605_124906/gen_6/results/correct.json
Metrics saved to /home/chengyou1368/QuantumAnsatz/tic-tac-toe/results/ttt_qml_cli_20260605_124906/gen_6/results/metrics.json
OK
{
  "combined_score": 0.5329213168142104,
  "public": {
    "train_accuracy_mean": 0.5444,
    "train_accuracy_std": 0.0,
    "validation_accuracy_mean": 0.55,
    "validation_accuracy_std": 0.0,
    "test_accuracy_mean": 0.45,
    "test_accuracy_std": 0.0,
    "generalization_gap_mean": 0.0944,
    "validation_loss_mean": 2.4127,
    "test_loss_mean": 2.6348,
    "parameter_efficiency_mean": 0.006818,
    "n_params": 66,
    "depth_mean": 70.0,
    "gate_count_mean": 261.0,
    "score_uses_test": false,
    "convergence_step_mean": null
  },
  "private": {
    "per_run_scores": [
      {
        "combined_score": 0.5329213168142104,
        "primary_accuracy": 0.55,
        "gap_score": 0.7301587301587302,
        "loss_score": 0.2930204189730422,
        "parameter_efficiency_score": 1.0,
        "convergence_score": 0.0
      }
    ],
    "per_run_test_accuracies": [
      0.45
    ]
  },
  "text_feedback": "Combined score: 0.5329\nValidation accuracy mean: 0.5500\nTest accuracy mean: 0.4500\nTrain-test generalization gap mean: 0.0944\nValidation L2 loss mean: 2.4127\nParameters: 66, depth mean: 70.0, gate count mean: 261.0\nFitness uses validation metrics; test metrics are reported as holdout diagnostics.\nDid not reach convergence threshold 0.90 in these runs.",
  "execution_time_mean": 135.1631404339987,
  "execution_time_std": 0.0,
  "num_valid_runs": 1,
  "num_invalid_runs": 0,
  "all_validation_errors": []
}
