  @@@@@@@@@@@@@@@@@@@@@      ‚ĖĎ‚Ėą‚Ėą‚Ėą‚Ėą‚Ėą‚Ėą‚ēó‚Ėą‚Ėą‚ēó‚ĖĎ‚ĖĎ‚Ėą‚Ėą‚ēó‚Ėą‚Ėą‚ēó‚Ėą‚Ėą‚Ėą‚ēó‚ĖĎ‚ĖĎ‚Ėą‚Ėą‚ēó‚Ėą‚Ėą‚ēó‚ĖĎ‚ĖĎ‚Ėą‚Ėą‚ēó‚ĖĎ‚Ėą‚Ėą‚Ėą‚Ėą‚Ėą‚ēó‚ĖĎ
  @                   @      ‚Ėą‚Ėą‚ēĒ‚ēź‚ēź‚ēź‚ēź‚ēĚ‚Ėą‚Ėą‚ēĎ‚ĖĎ‚ĖĎ‚Ėą‚Ėą‚ēĎ‚Ėą‚Ėą‚ēĎ‚Ėą‚Ėą‚Ėą‚Ėą‚ēó‚ĖĎ‚Ėą‚Ėą‚ēĎ‚Ėą‚Ėą‚ēĎ‚ĖĎ‚Ėą‚Ėą‚ēĒ‚ēĚ‚Ėą‚Ėą‚ēĒ‚ēź‚ēź‚Ėą‚Ėą‚ēó
  @          @        @      ‚ēö‚Ėą‚Ėą‚Ėą‚Ėą‚Ėą‚ēó‚ĖĎ‚Ėą‚Ėą‚Ėą‚Ėą‚Ėą‚Ėą‚Ėą‚ēĎ‚Ėą‚Ėą‚ēĎ‚Ėą‚Ėą‚ēĒ‚Ėą‚Ėą‚ēó‚Ėą‚Ėą‚ēĎ‚Ėą‚Ėą‚Ėą‚Ėą‚Ėą‚ēź‚ēĚ‚ĖĎ‚Ėą‚Ėą‚Ėą‚Ėą‚Ėą‚Ėą‚Ėą‚ēĎ
  @    @@   @@  @@    @      ‚ĖĎ‚ēö‚ēź‚ēź‚ēź‚Ėą‚Ėą‚ēó‚Ėą‚Ėą‚ēĒ‚ēź‚ēź‚Ėą‚Ėą‚ēĎ‚Ėą‚Ėą‚ēĎ‚Ėą‚Ėą‚ēĎ‚ēö‚Ėą‚Ėą‚Ėą‚Ėą‚ēĎ‚Ėą‚Ėą‚ēĒ‚ēź‚Ėą‚Ėą‚ēó‚ĖĎ‚Ėą‚Ėą‚ēĒ‚ēź‚ēź‚Ėą‚Ėą‚ēĎ
  @   @     @    @@   @      ‚Ėą‚Ėą‚Ėą‚Ėą‚Ėą‚Ėą‚ēĒ‚ēĚ‚Ėą‚Ėą‚ēĎ‚ĖĎ‚ĖĎ‚Ėą‚Ėą‚ēĎ‚Ėą‚Ėą‚ēĎ‚Ėą‚Ėą‚ēĎ‚ĖĎ‚ēö‚Ėą‚Ėą‚Ėą‚ēĎ‚Ėą‚Ėą‚ēĎ‚ĖĎ‚ēö‚Ėą‚Ėą‚ēó‚Ėą‚Ėą‚ēĎ‚ĖĎ‚ĖĎ‚Ėą‚Ėą‚ēĎ
  @    @@  @    @     @      ‚ēö‚ēź‚ēź‚ēź‚ēź‚ēź‚ēĚ‚ĖĎ‚ēö‚ēź‚ēĚ‚ĖĎ‚ĖĎ‚ēö‚ēź‚ēĚ‚ēö‚ēź‚ēĚ‚ēö‚ēź‚ēĚ‚ĖĎ‚ĖĎ‚ēö‚ēź‚ēź‚ēĚ‚ēö‚ēź‚ēĚ‚ĖĎ‚ĖĎ‚ēö‚ēź‚ēĚ‚ēö‚ēź‚ēĚ‚ĖĎ‚ĖĎ‚ēö‚ēź‚ēĚ
  @        @          @      @@@@@@@@@@@@@@@
  @                   @   @@                 @@@@@
  @@@@@@@@@@@@@@@@@@@@ @@                       @  @@                 ‚Ėą‚ĖÄ‚ĖÄ
                      @                          @@  @                ‚Ėą‚Ėą‚ĖĄ
                    @      @@                      @  @@
                   @       @         @              @   @             ‚Ėą‚ĖĎ‚Ėą
                   @                 @               @  @             ‚ĖÄ‚ĖĄ‚ĖÄ
                     @@@@@          @     @           @  @
                      @            @          @       @ @@            ‚Ėą‚ĖÄ‚Ėą
                   @@    @@     @@       @@   @        @              ‚Ėą‚ĖĄ‚Ėą
                  @@        @@         @     @         @
                 @@       @@   @@       @@@@@          @        @@    ‚Ėą‚ĖĎ‚ĖĎ
              @ @@                @                    @              ‚Ėą‚ĖĄ‚ĖĄ
             @ @@@@@             @@ @@                 @      @@
            @                  @       @@              @    @@        ‚Ėą‚ĖĎ‚Ėą
       @@@@@@@@@@@@@@@@@@@@@@             @@@          @@@@@@@  @@    ‚ĖÄ‚ĖĄ‚ĖÄ
       @     @         @                      @@         @@@  @@
        @@               @                      @      @   @  @@      ‚Ėą‚ĖÄ‚ĖÄ
          @@@@@@@@@@@@@@@@@@                   @    @   @   @@        ‚Ėą‚Ėą‚ĖĄ
                                               @  @  @   @
                                               @  @  @@@@
                                               @  @@
2026-06-05 09:47:00 - shinka.core.async_runner - INFO - ūüĖ•ÔłŹ  System resources detected:
2026-06-05 09:47:00 - shinka.core.async_runner - INFO -    ‚ÄĘ CPU cores: 16
2026-06-05 09:47:00 - shinka.core.async_runner - INFO -    ‚ÄĘ Memory: 7.6 GB
2026-06-05 09:47:00 - shinka.core.async_runner - INFO - ūüĒß Concurrency settings:
2026-06-05 09:47:00 - shinka.core.async_runner - INFO -    ‚ÄĘ Evaluation jobs: 1
2026-06-05 09:47:00 - shinka.core.async_runner - INFO -    ‚ÄĘ Proposal jobs: 1
2026-06-05 09:47:00 - shinka.core.async_runner - INFO -    ‚ÄĘ DB workers: 2
2026-06-05 09:47:00 - shinka.core.async_runner - INFO -    ‚ÄĘ Total threads: 4
2026-06-05 09:47:00 - shinka.core.async_runner - INFO - Configured local numeric thread cap per eval process: 16
2026-06-05 09:47:00 - shinka.core.async_runner - INFO - ================================================================================
2026-06-05 09:47:00 - shinka.core.async_runner - INFO - ASYNC EVOLUTION RUN STARTED
2026-06-05 09:47:00 - shinka.core.async_runner - INFO - ================================================================================
2026-06-05 09:47:00 - shinka.core.async_runner - INFO - Max evaluation jobs: 1
2026-06-05 09:47:00 - shinka.core.async_runner - INFO - Max proposal jobs: 1
2026-06-05 09:47:00 - shinka.core.async_runner - INFO - Target generations: 5
2026-06-05 09:47:00 - shinka.core.async_runner - INFO - Language: python
2026-06-05 09:47:00 - shinka.core.async_runner - INFO - Results directory: results/ttt_qml_20260605_094700
2026-06-05 09:47:00 - shinka.core.async_runner - INFO - Log file: results/ttt_qml_20260605_094700/evolution_run.log
2026-06-05 09:47:00 - shinka.core.async_runner - INFO - Max API costs: $3.00
2026-06-05 09:47:00 - shinka.core.async_runner - INFO - ================================================================================
2026-06-05 09:47:00 - shinka.database.async_dbase - INFO - ūüĒß AsyncDB initialized with 2 workers, 2 concurrent DB ops (WAL mode)
2026-06-05 09:47:00 - shinka.core.async_runner - INFO - Copying initial program from initial_program.py
2026-06-05 09:47:00 - shinka.core.async_runner - INFO - Starting initial program evaluation: results/ttt_qml_20260605_094700/gen_0/main.py
2026-06-05 09:47:00 - shinka.launch.local - INFO - Submitted local process with PID: 8163
2026-06-05 09:47:00 - shinka.launch.local - INFO - Launched local command: bash -lc set -e; source "/home/chengyou1368/QuantumAnsatz/tic-tac-toe/.venv-shinka-ttt/bin/activate"; exec python evaluate.py --program_path results/ttt_qml_20260605_094700/gen_0/main.py --results_dir results/ttt_qml_20260605_094700/gen_0/results
2026-06-05 10:04:49 - shinka.utils.general - WARNING - Metrics file not found at results/ttt_qml_20260605_094700/gen_0/results/metrics.json
2026-06-05 10:04:49 - shinka.database.async_dbase - INFO - ūüĒß Closing async database with monitoring...
2026-06-05 10:04:49 - shinka.database.async_dbase - INFO - Async database closed
  @@@@@@@@@@@@@@@@@@@@@      ‚ĖĎ‚Ėą‚Ėą‚Ėą‚Ėą‚Ėą‚Ėą‚ēó‚Ėą‚Ėą‚ēó‚ĖĎ‚ĖĎ‚Ėą‚Ėą‚ēó‚Ėą‚Ėą‚ēó‚Ėą‚Ėą‚Ėą‚ēó‚ĖĎ‚ĖĎ‚Ėą‚Ėą‚ēó‚Ėą‚Ėą‚ēó‚ĖĎ‚ĖĎ‚Ėą‚Ėą‚ēó‚ĖĎ‚Ėą‚Ėą‚Ėą‚Ėą‚Ėą‚ēó‚ĖĎ
  @                   @      ‚Ėą‚Ėą‚ēĒ‚ēź‚ēź‚ēź‚ēź‚ēĚ‚Ėą‚Ėą‚ēĎ‚ĖĎ‚ĖĎ‚Ėą‚Ėą‚ēĎ‚Ėą‚Ėą‚ēĎ‚Ėą‚Ėą‚Ėą‚Ėą‚ēó‚ĖĎ‚Ėą‚Ėą‚ēĎ‚Ėą‚Ėą‚ēĎ‚ĖĎ‚Ėą‚Ėą‚ēĒ‚ēĚ‚Ėą‚Ėą‚ēĒ‚ēź‚ēź‚Ėą‚Ėą‚ēó
  @          @        @      ‚ēö‚Ėą‚Ėą‚Ėą‚Ėą‚Ėą‚ēó‚ĖĎ‚Ėą‚Ėą‚Ėą‚Ėą‚Ėą‚Ėą‚Ėą‚ēĎ‚Ėą‚Ėą‚ēĎ‚Ėą‚Ėą‚ēĒ‚Ėą‚Ėą‚ēó‚Ėą‚Ėą‚ēĎ‚Ėą‚Ėą‚Ėą‚Ėą‚Ėą‚ēź‚ēĚ‚ĖĎ‚Ėą‚Ėą‚Ėą‚Ėą‚Ėą‚Ėą‚Ėą‚ēĎ
  @    @@   @@  @@    @      ‚ĖĎ‚ēö‚ēź‚ēź‚ēź‚Ėą‚Ėą‚ēó‚Ėą‚Ėą‚ēĒ‚ēź‚ēź‚Ėą‚Ėą‚ēĎ‚Ėą‚Ėą‚ēĎ‚Ėą‚Ėą‚ēĎ‚ēö‚Ėą‚Ėą‚Ėą‚Ėą‚ēĎ‚Ėą‚Ėą‚ēĒ‚ēź‚Ėą‚Ėą‚ēó‚ĖĎ‚Ėą‚Ėą‚ēĒ‚ēź‚ēź‚Ėą‚Ėą‚ēĎ
  @   @     @    @@   @      ‚Ėą‚Ėą‚Ėą‚Ėą‚Ėą‚Ėą‚ēĒ‚ēĚ‚Ėą‚Ėą‚ēĎ‚ĖĎ‚ĖĎ‚Ėą‚Ėą‚ēĎ‚Ėą‚Ėą‚ēĎ‚Ėą‚Ėą‚ēĎ‚ĖĎ‚ēö‚Ėą‚Ėą‚Ėą‚ēĎ‚Ėą‚Ėą‚ēĎ‚ĖĎ‚ēö‚Ėą‚Ėą‚ēó‚Ėą‚Ėą‚ēĎ‚ĖĎ‚ĖĎ‚Ėą‚Ėą‚ēĎ
  @    @@  @    @     @      ‚ēö‚ēź‚ēź‚ēź‚ēź‚ēź‚ēĚ‚ĖĎ‚ēö‚ēź‚ēĚ‚ĖĎ‚ĖĎ‚ēö‚ēź‚ēĚ‚ēö‚ēź‚ēĚ‚ēö‚ēź‚ēĚ‚ĖĎ‚ĖĎ‚ēö‚ēź‚ēź‚ēĚ‚ēö‚ēź‚ēĚ‚ĖĎ‚ĖĎ‚ēö‚ēź‚ēĚ‚ēö‚ēź‚ēĚ‚ĖĎ‚ĖĎ‚ēö‚ēź‚ēĚ
  @        @          @      @@@@@@@@@@@@@@@
  @                   @   @@                 @@@@@
  @@@@@@@@@@@@@@@@@@@@ @@                       @  @@                 ‚Ėą‚ĖÄ‚ĖÄ
                      @                          @@  @                ‚Ėą‚Ėą‚ĖĄ
                    @      @@                      @  @@
                   @       @         @              @   @             ‚Ėą‚ĖĎ‚Ėą
                   @                 @               @  @             ‚ĖÄ‚ĖĄ‚ĖÄ
                     @@@@@          @     @           @  @
                      @            @          @       @ @@            ‚Ėą‚ĖÄ‚Ėą
                   @@    @@     @@       @@   @        @              ‚Ėą‚ĖĄ‚Ėą
                  @@        @@         @     @         @
                 @@       @@   @@       @@@@@          @        @@    ‚Ėą‚ĖĎ‚ĖĎ
              @ @@                @                    @              ‚Ėą‚ĖĄ‚ĖĄ
             @ @@@@@             @@ @@                 @      @@
            @                  @       @@              @    @@        ‚Ėą‚ĖĎ‚Ėą
       @@@@@@@@@@@@@@@@@@@@@@             @@@          @@@@@@@  @@    ‚ĖÄ‚ĖĄ‚ĖÄ
       @     @         @                      @@         @@@  @@
        @@               @                      @      @   @  @@      ‚Ėą‚ĖÄ‚ĖÄ
          @@@@@@@@@@@@@@@@@@                   @    @   @   @@        ‚Ėą‚Ėą‚ĖĄ
                                               @  @  @   @
                                               @  @  @@@@
                                               @  @@
2026-06-05 10:04:57 - shinka.core.async_runner - INFO - ūüĖ•ÔłŹ  System resources detected:
2026-06-05 10:04:57 - shinka.core.async_runner - INFO -    ‚ÄĘ CPU cores: 16
2026-06-05 10:04:57 - shinka.core.async_runner - INFO -    ‚ÄĘ Memory: 7.6 GB
2026-06-05 10:04:57 - shinka.core.async_runner - INFO - ūüĒß Concurrency settings:
2026-06-05 10:04:57 - shinka.core.async_runner - INFO -    ‚ÄĘ Evaluation jobs: 1
2026-06-05 10:04:57 - shinka.core.async_runner - INFO -    ‚ÄĘ Proposal jobs: 1
2026-06-05 10:04:57 - shinka.core.async_runner - INFO -    ‚ÄĘ DB workers: 2
2026-06-05 10:04:57 - shinka.core.async_runner - INFO -    ‚ÄĘ Total threads: 4
2026-06-05 10:04:57 - shinka.core.async_runner - INFO - ================================================================================
2026-06-05 10:04:57 - shinka.core.async_runner - INFO - ASYNC EVOLUTION RUN STARTED
2026-06-05 10:04:57 - shinka.core.async_runner - INFO - ================================================================================
2026-06-05 10:04:57 - shinka.core.async_runner - INFO - Max evaluation jobs: 1
2026-06-05 10:04:57 - shinka.core.async_runner - INFO - Max proposal jobs: 1
2026-06-05 10:04:57 - shinka.core.async_runner - INFO - Target generations: 5
2026-06-05 10:04:57 - shinka.core.async_runner - INFO - Language: python
2026-06-05 10:04:57 - shinka.core.async_runner - INFO - Results directory: results/ttt_qml_20260605_094700
2026-06-05 10:04:57 - shinka.core.async_runner - INFO - Log file: results/ttt_qml_20260605_094700/evolution_run.log
2026-06-05 10:04:57 - shinka.core.async_runner - INFO - Max API costs: $3.00
2026-06-05 10:04:57 - shinka.core.async_runner - INFO - ================================================================================
2026-06-05 10:04:57 - shinka.database.async_dbase - INFO - ūüĒß AsyncDB initialized with 2 workers, 2 concurrent DB ops (WAL mode)
2026-06-05 10:04:57 - shinka.core.async_runner - INFO - Copying initial program from initial_program.py
2026-06-05 10:04:57 - shinka.core.async_runner - INFO - Starting initial program evaluation: results/ttt_qml_20260605_094700/gen_0/main.py
2026-06-05 10:04:57 - shinka.launch.local - INFO - Submitted local process with PID: 8547
2026-06-05 10:04:57 - shinka.launch.local - INFO - Launched local command: bash -lc set -e; source "/home/chengyou1368/QuantumAnsatz/tic-tac-toe/.venv-shinka-ttt/bin/activate"; exec python evaluate.py --program_path results/ttt_qml_20260605_094700/gen_0/main.py --results_dir results/ttt_qml_20260605_094700/gen_0/results
2026-06-05 10:18:22 - shinka.utils.general - WARNING - Metrics file not found at results/ttt_qml_20260605_094700/gen_0/results/metrics.json
2026-06-05 10:18:22 - shinka.database.async_dbase - INFO - ūüĒß Closing async database with monitoring...
2026-06-05 10:18:22 - shinka.database.async_dbase - INFO - Async database closed
