==========Running program evaluation 1/1...==========
{"batch_size": 10, "data_seed": 2027, "dataset": {"all_valid_unique_boards": {"class_counts": {"circle": 316, "cross": 626, "draw": 4536}, "total": 5478}, "overlap_train_test": 2, "overlap_train_validation": 1, "overlap_validation_test": 3, "test": {"class_counts": {"circle": 20, "cross": 20, "draw": 20}, "rows": 60, "unique_boards": 59}, "train": {"class_counts": {"circle": 30, "cross": 30, "draw": 30}, "rows": 90, "unique_boards": 87}, "validation": {"class_counts": {"circle": 20, "cross": 20, "draw": 20}, "rows": 60, "unique_boards": 60}}, "event": "start", "learning_rate": 0.03, "n_epochs": 10, "n_params": 60, "n_params_per_block": 10, "n_repeats": 2, "n_uploads": 3, "seed": 1000, "steps_per_epoch": 5}
{"batch_loss": 6.3428728906773175, "epoch": 1, "event": "epoch", "global_step": 5, "test_accuracy": 0.4, "test_loss": 5.341644132643012, "train_accuracy": 0.37777777777777777, "train_loss": 5.649896264442373, "validation_accuracy": 0.4166666666666667, "validation_loss": 5.369238408062903}
{"batch_loss": 3.62121843447091, "epoch": 2, "event": "epoch", "global_step": 10, "test_accuracy": 0.38333333333333336, "test_loss": 3.4657442703294685, "train_accuracy": 0.3, "train_loss": 3.6406189067947587, "validation_accuracy": 0.38333333333333336, "validation_loss": 3.3989304513780856}
{"batch_loss": 3.083261668279942, "epoch": 3, "event": "epoch", "global_step": 15, "test_accuracy": 0.43333333333333335, "test_loss": 2.9984198624311245, "train_accuracy": 0.36666666666666664, "train_loss": 3.073725562147611, "validation_accuracy": 0.4166666666666667, "validation_loss": 2.895153954944527}
{"batch_loss": 3.6225986885752413, "epoch": 4, "event": "epoch", "global_step": 20, "test_accuracy": 0.4166666666666667, "test_loss": 2.775391061792093, "train_accuracy": 0.37777777777777777, "train_loss": 2.8576708694026642, "validation_accuracy": 0.4666666666666667, "validation_loss": 2.7185821622308595}
{"batch_loss": 2.9061681321993444, "epoch": 5, "event": "epoch", "global_step": 25, "test_accuracy": 0.36666666666666664, "test_loss": 2.6970394714520394, "train_accuracy": 0.4, "train_loss": 2.747037459066368, "validation_accuracy": 0.45, "validation_loss": 2.658486175877616}
{"batch_loss": 2.4683409961347627, "epoch": 6, "event": "epoch", "global_step": 30, "test_accuracy": 0.35, "test_loss": 2.704923560886927, "train_accuracy": 0.4, "train_loss": 2.717554549432084, "validation_accuracy": 0.4, "validation_loss": 2.6513737496252383}
{"batch_loss": 2.684218873060427, "epoch": 7, "event": "epoch", "global_step": 35, "test_accuracy": 0.4, "test_loss": 2.6993689887191095, "train_accuracy": 0.45555555555555555, "train_loss": 2.6658679578577975, "validation_accuracy": 0.4666666666666667, "validation_loss": 2.6128035590350236}
{"batch_loss": 2.53051495238948, "epoch": 8, "event": "epoch", "global_step": 40, "test_accuracy": 0.43333333333333335, "test_loss": 2.6596390414688926, "train_accuracy": 0.4777777777777778, "train_loss": 2.572365535533422, "validation_accuracy": 0.48333333333333334, "validation_loss": 2.5433053342879623}
{"batch_loss": 2.3207376855483988, "epoch": 9, "event": "epoch", "global_step": 45, "test_accuracy": 0.5166666666666667, "test_loss": 2.6441201919475303, "train_accuracy": 0.4666666666666667, "train_loss": 2.5332805465072505, "validation_accuracy": 0.5166666666666667, "validation_loss": 2.5064848140633313}
{"batch_loss": 2.299382355114729, "epoch": 10, "event": "epoch", "global_step": 50, "test_accuracy": 0.5, "test_loss": 2.651402929127527, "train_accuracy": 0.4444444444444444, "train_loss": 2.504452549616543, "validation_accuracy": 0.5166666666666667, "validation_loss": 2.507893507601049}
{"convergence_epoch": null, "convergence_step": null, "convergence_threshold": 0.9, "depth": 70, "event": "final", "gate_count": 261, "generalization_gap": 0.05555555555555558, "history_tail": [{"batch_loss": 6.3428728906773175, "epoch": 1, "event": "epoch", "global_step": 5, "test_accuracy": 0.4, "test_loss": 5.341644132643012, "train_accuracy": 0.37777777777777777, "train_loss": 5.649896264442373, "validation_accuracy": 0.4166666666666667, "validation_loss": 5.369238408062903}, {"batch_loss": 3.62121843447091, "epoch": 2, "event": "epoch", "global_step": 10, "test_accuracy": 0.38333333333333336, "test_loss": 3.4657442703294685, "train_accuracy": 0.3, "train_loss": 3.6406189067947587, "validation_accuracy": 0.38333333333333336, "validation_loss": 3.3989304513780856}, {"batch_loss": 3.083261668279942, "epoch": 3, "event": "epoch", "global_step": 15, "test_accuracy": 0.43333333333333335, "test_loss": 2.9984198624311245, "train_accuracy": 0.36666666666666664, "train_loss": 3.073725562147611, "validation_accuracy": 0.4166666666666667, "validation_loss": 2.895153954944527}, {"batch_loss": 3.6225986885752413, "epoch": 4, "event": "epoch", "global_step": 20, "test_accuracy": 0.4166666666666667, "test_loss": 2.775391061792093, "train_accuracy": 0.37777777777777777, "train_loss": 2.8576708694026642, "validation_accuracy": 0.4666666666666667, "validation_loss": 2.7185821622308595}, {"batch_loss": 2.9061681321993444, "epoch": 5, "event": "epoch", "global_step": 25, "test_accuracy": 0.36666666666666664, "test_loss": 2.6970394714520394, "train_accuracy": 0.4, "train_loss": 2.747037459066368, "validation_accuracy": 0.45, "validation_loss": 2.658486175877616}, {"batch_loss": 2.4683409961347627, "epoch": 6, "event": "epoch", "global_step": 30, "test_accuracy": 0.35, "test_loss": 2.704923560886927, "train_accuracy": 0.4, "train_loss": 2.717554549432084, "validation_accuracy": 0.4, "validation_loss": 2.6513737496252383}, {"batch_loss": 2.684218873060427, "epoch": 7, "event": "epoch", "global_step": 35, "test_accuracy": 0.4, "test_loss": 2.6993689887191095, "train_accuracy": 0.45555555555555555, "train_loss": 2.6658679578577975, "validation_accuracy": 0.4666666666666667, "validation_loss": 2.6128035590350236}, {"batch_loss": 2.53051495238948, "epoch": 8, "event": "epoch", "global_step": 40, "test_accuracy": 0.43333333333333335, "test_loss": 2.6596390414688926, "train_accuracy": 0.4777777777777778, "train_loss": 2.572365535533422, "validation_accuracy": 0.48333333333333334, "validation_loss": 2.5433053342879623}, {"batch_loss": 2.3207376855483988, "epoch": 9, "event": "epoch", "global_step": 45, "test_accuracy": 0.5166666666666667, "test_loss": 2.6441201919475303, "train_accuracy": 0.4666666666666667, "train_loss": 2.5332805465072505, "validation_accuracy": 0.5166666666666667, "validation_loss": 2.5064848140633313}, {"batch_loss": 2.299382355114729, "epoch": 10, "event": "epoch", "global_step": 50, "test_accuracy": 0.5, "test_loss": 2.651402929127527, "train_accuracy": 0.4444444444444444, "train_loss": 2.504452549616543, "validation_accuracy": 0.5166666666666667, "validation_loss": 2.507893507601049}], "max_steps": 50, "n_params": 60, "n_params_per_block": 10, "n_qubits": 9, "n_repeats": 2, "n_uploads": 3, "operations": [["RX", [0]], ["RX", [1]], ["RX", [2]], ["RX", [3]], ["RX", [4]], ["RX", [5]], ["RX", [6]], ["RX", [7]], ["RX", [8]], ["RZ", [0]], ["RZ", [2]], ["RZ", [4]], ["RZ", [6]], ["RZ", [1]], ["RZ", [3]], ["RZ", [5]], ["RZ", [7]], ["RZ", [8]], ["RY", [0]], ["RY", [2]], ["RY", [4]], ["RY", [6]], ["RY", [1]], ["RY", [3]], ["RY", [5]], ["RY", [7]], ["RY", [8]], ["CZ", [0, 1]], ["CZ", [1, 2]], ["CZ", [2, 3]], ["CZ", [3, 4]], ["CZ", [4, 5]], ["CZ", [5, 6]], ["CZ", [6, 7]], ["CZ", [7, 0]], ["CRX", [8, 1]], ["CRX", [8, 3]], ["CRX", [8, 5]], ["CRX", [8, 7]], ["RZ", [0]], ["RZ", [2]], ["RZ", [4]], ["RZ", [6]], ["RZ", [1]], ["RZ", [3]], ["RZ", [5]], ["RZ", [7]], ["RZ", [8]], ["RZ", [0]], ["RZ", [2]], ["RZ", [4]], ["RZ", [6]], ["RZ", [1]], ["RZ", [3]], ["RZ", [5]], ["RZ", [7]], ["RZ", [8]], ["RY", [0]], ["RY", [2]], ["RY", [4]], ["RY", [6]], ["RY", [1]], ["RY", [3]], ["RY", [5]], ["RY", [7]], ["RY", [8]], ["CZ", [0, 1]], ["CZ", [1, 2]], ["CZ", [2, 3]], ["CZ", [3, 4]], ["CZ", [4, 5]], ["CZ", [5, 6]], ["CZ", [6, 7]], ["CZ", [7, 0]], ["CRX", [8, 1]], ["CRX", [8, 3]], ["CRX", [8, 5]], ["CRX", [8, 7]], ["RZ", [0]], ["RZ", [2]], ["RZ", [4]], ["RZ", [6]], ["RZ", [1]], ["RZ", [3]], ["RZ", [5]], ["RZ", [7]], ["RZ", [8]], ["RX", [0]], ["RX", [1]], ["RX", [2]], ["RX", [3]], ["RX", [4]], ["RX", [5]], ["RX", [6]], ["RX", [7]], ["RX", [8]], ["RZ", [0]], ["RZ", [2]], ["RZ", [4]], ["RZ", [6]], ["RZ", [1]], ["RZ", [3]], ["RZ", [5]], ["RZ", [7]], ["RZ", [8]], ["RY", [0]], ["RY", [2]], ["RY", [4]], ["RY", [6]], ["RY", [1]], ["RY", [3]], ["RY", [5]], ["RY", [7]], ["RY", [8]], ["CZ", [0, 1]], ["CZ", [1, 2]], ["CZ", [2, 3]], ["CZ", [3, 4]], ["CZ", [4, 5]], ["CZ", [5, 6]], ["CZ", [6, 7]], ["CZ", [7, 0]], ["CRX", [8, 1]], ["CRX", [8, 3]], ["CRX", [8, 5]], ["CRX", [8, 7]], ["RZ", [0]], ["RZ", [2]], ["RZ", [4]], ["RZ", [6]], ["RZ", [1]], ["RZ", [3]], ["RZ", [5]], ["RZ", [7]], ["RZ", [8]], ["RZ", [0]], ["RZ", [2]], ["RZ", [4]], ["RZ", [6]], ["RZ", [1]], ["RZ", [3]], ["RZ", [5]], ["RZ", [7]], ["RZ", [8]], ["RY", [0]], ["RY", [2]], ["RY", [4]], ["RY", [6]], ["RY", [1]], ["RY", [3]], ["RY", [5]], ["RY", [7]], ["RY", [8]], ["CZ", [0, 1]], ["CZ", [1, 2]], ["CZ", [2, 3]], ["CZ", [3, 4]], ["CZ", [4, 5]], ["CZ", [5, 6]], ["CZ", [6, 7]], ["CZ", [7, 0]], ["CRX", [8, 1]], ["CRX", [8, 3]], ["CRX", [8, 5]], ["CRX", [8, 7]], ["RZ", [0]], ["RZ", [2]], ["RZ", [4]], ["RZ", [6]], ["RZ", [1]], ["RZ", [3]], ["RZ", [5]], ["RZ", [7]], ["RZ", [8]], ["RX", [0]], ["RX", [1]], ["RX", [2]], ["RX", [3]], ["RX", [4]], ["RX", [5]], ["RX", [6]], ["RX", [7]], ["RX", [8]], ["RZ", [0]], ["RZ", [2]], ["RZ", [4]], ["RZ", [6]], ["RZ", [1]], ["RZ", [3]], ["RZ", [5]], ["RZ", [7]], ["RZ", [8]], ["RY", [0]], ["RY", [2]], ["RY", [4]], ["RY", [6]], ["RY", [1]], ["RY", [3]], ["RY", [5]], ["RY", [7]], ["RY", [8]], ["CZ", [0, 1]], ["CZ", [1, 2]], ["CZ", [2, 3]], ["CZ", [3, 4]], ["CZ", [4, 5]], ["CZ", [5, 6]], ["CZ", [6, 7]], ["CZ", [7, 0]], ["CRX", [8, 1]], ["CRX", [8, 3]], ["CRX", [8, 5]], ["CRX", [8, 7]], ["RZ", [0]], ["RZ", [2]], ["RZ", [4]], ["RZ", [6]], ["RZ", [1]], ["RZ", [3]], ["RZ", [5]], ["RZ", [7]], ["RZ", [8]], ["RZ", [0]], ["RZ", [2]], ["RZ", [4]], ["RZ", [6]], ["RZ", [1]], ["RZ", [3]], ["RZ", [5]], ["RZ", [7]], ["RZ", [8]], ["RY", [0]], ["RY", [2]], ["RY", [4]], ["RY", [6]], ["RY", [1]], ["RY", [3]], ["RY", [5]], ["RY", [7]], ["RY", [8]], ["CZ", [0, 1]], ["CZ", [1, 2]], ["CZ", [2, 3]], ["CZ", [3, 4]], ["CZ", [4, 5]], ["CZ", [5, 6]], ["CZ", [6, 7]], ["CZ", [7, 0]], ["CRX", [8, 1]], ["CRX", [8, 3]], ["CRX", [8, 5]], ["CRX", [8, 7]], ["RZ", [0]], ["RZ", [2]], ["RZ", [4]], ["RZ", [6]], ["RZ", [1]], ["RZ", [3]], ["RZ", [5]], ["RZ", [7]], ["RZ", [8]]], "parameter_efficiency": 0.008333333333333333, "spec_valid": true, "test_accuracy": 0.5, "test_loss": 2.651402929127527, "train_accuracy": 0.4444444444444444, "train_loss": 2.504452549616543, "validation_accuracy": 0.5166666666666667, "validation_loss": 2.507893507601049}
==========Run 1/1 completed in 120.09 seconds==========
Correctness and error status saved to /home/chengyou1368/QuantumAnsatz/tic-tac-toe/results/ttt_qml_cli_20260605_124906/gen_4/results/correct.json
Metrics saved to /home/chengyou1368/QuantumAnsatz/tic-tac-toe/results/ttt_qml_cli_20260605_124906/gen_4/results/metrics.json
OK
{
  "combined_score": 0.5217289591250593,
  "public": {
    "train_accuracy_mean": 0.4444,
    "train_accuracy_std": 0.0,
    "validation_accuracy_mean": 0.5167,
    "validation_accuracy_std": 0.0,
    "test_accuracy_mean": 0.5,
    "test_accuracy_std": 0.0,
    "generalization_gap_mean": 0.0556,
    "validation_loss_mean": 2.5079,
    "test_loss_mean": 2.6514,
    "parameter_efficiency_mean": 0.008333,
    "n_params": 60,
    "depth_mean": 70.0,
    "gate_count_mean": 261.0,
    "score_uses_test": false,
    "convergence_step_mean": null
  },
  "private": {
    "per_run_scores": [
      {
        "combined_score": 0.5217289591250593,
        "primary_accuracy": 0.5166666666666667,
        "gap_score": 0.8412698412698412,
        "loss_score": 0.28507136771203534,
        "parameter_efficiency_score": 1.0,
        "convergence_score": 0.0
      }
    ],
    "per_run_test_accuracies": [
      0.5
    ]
  },
  "text_feedback": "Combined score: 0.5217\nValidation accuracy mean: 0.5167\nTest accuracy mean: 0.5000\nTrain-test generalization gap mean: 0.0556\nValidation L2 loss mean: 2.5079\nParameters: 60, depth mean: 70.0, gate count mean: 261.0\nFitness uses validation metrics; test metrics are reported as holdout diagnostics.\nAccuracy is still low; explore more expressive local entanglement or rotation diversity.\nDid not reach convergence threshold 0.90 in these runs.",
  "execution_time_mean": 120.08555612599957,
  "execution_time_std": 0.0,
  "num_valid_runs": 1,
  "num_invalid_runs": 0,
  "all_validation_errors": []
}
