==========Running program evaluation 1/1...==========
{"batch_size": 10, "data_seed": 2027, "dataset": {"all_valid_unique_boards": {"class_counts": {"circle": 316, "cross": 626, "draw": 4536}, "total": 5478}, "overlap_train_test": 2, "overlap_train_validation": 1, "overlap_validation_test": 3, "test": {"class_counts": {"circle": 20, "cross": 20, "draw": 20}, "rows": 60, "unique_boards": 59}, "train": {"class_counts": {"circle": 30, "cross": 30, "draw": 30}, "rows": 90, "unique_boards": 87}, "validation": {"class_counts": {"circle": 20, "cross": 20, "draw": 20}, "rows": 60, "unique_boards": 60}}, "event": "start", "learning_rate": 0.03, "n_epochs": 10, "n_params": 48, "n_params_per_block": 8, "n_repeats": 2, "n_uploads": 3, "seed": 1000, "steps_per_epoch": 5}
{"batch_loss": 5.561432265779127, "epoch": 1, "event": "epoch", "global_step": 5, "test_accuracy": 0.3333333333333333, "test_loss": 4.755008735898363, "train_accuracy": 0.35555555555555557, "train_loss": 4.703849583946727, "validation_accuracy": 0.31666666666666665, "validation_loss": 4.629828425686952}
{"batch_loss": 3.9360582546826657, "epoch": 2, "event": "epoch", "global_step": 10, "test_accuracy": 0.4166666666666667, "test_loss": 2.8611682377641996, "train_accuracy": 0.37777777777777777, "train_loss": 2.8163632796331006, "validation_accuracy": 0.48333333333333334, "validation_loss": 2.633852554837072}
{"batch_loss": 2.7428832804827117, "epoch": 3, "event": "epoch", "global_step": 15, "test_accuracy": 0.4666666666666667, "test_loss": 2.6757904660274887, "train_accuracy": 0.4, "train_loss": 2.6251543411237437, "validation_accuracy": 0.48333333333333334, "validation_loss": 2.5007298936602367}
{"batch_loss": 2.8578783389328617, "epoch": 4, "event": "epoch", "global_step": 20, "test_accuracy": 0.45, "test_loss": 2.6432004098543773, "train_accuracy": 0.4666666666666667, "train_loss": 2.5398053031236496, "validation_accuracy": 0.48333333333333334, "validation_loss": 2.5082821639682633}
{"batch_loss": 2.9160627652786433, "epoch": 5, "event": "epoch", "global_step": 25, "test_accuracy": 0.36666666666666664, "test_loss": 2.684804949297184, "train_accuracy": 0.4777777777777778, "train_loss": 2.554457190816977, "validation_accuracy": 0.4, "validation_loss": 2.5769042549435683}
{"batch_loss": 2.35787365144965, "epoch": 6, "event": "epoch", "global_step": 30, "test_accuracy": 0.3333333333333333, "test_loss": 2.6897286798672937, "train_accuracy": 0.4777777777777778, "train_loss": 2.5384808745024343, "validation_accuracy": 0.4666666666666667, "validation_loss": 2.6102130520544353}
{"batch_loss": 2.325885894750577, "epoch": 7, "event": "epoch", "global_step": 35, "test_accuracy": 0.4, "test_loss": 2.662962093402979, "train_accuracy": 0.5888888888888889, "train_loss": 2.458106146986928, "validation_accuracy": 0.45, "validation_loss": 2.5270124248313364}
{"batch_loss": 2.5577332098013352, "epoch": 8, "event": "epoch", "global_step": 40, "test_accuracy": 0.4, "test_loss": 2.699289255151572, "train_accuracy": 0.5333333333333333, "train_loss": 2.442236401475246, "validation_accuracy": 0.48333333333333334, "validation_loss": 2.491684034139889}
{"batch_loss": 2.089584639674041, "epoch": 9, "event": "epoch", "global_step": 45, "test_accuracy": 0.43333333333333335, "test_loss": 2.743001262513127, "train_accuracy": 0.5444444444444444, "train_loss": 2.4597688584476125, "validation_accuracy": 0.5166666666666667, "validation_loss": 2.484281636221948}
{"batch_loss": 1.853045291197708, "epoch": 10, "event": "epoch", "global_step": 50, "test_accuracy": 0.4, "test_loss": 2.723359886296605, "train_accuracy": 0.5666666666666667, "train_loss": 2.4411037876246615, "validation_accuracy": 0.48333333333333334, "validation_loss": 2.4481305611210242}
{"convergence_epoch": null, "convergence_step": null, "convergence_threshold": 0.9, "depth": 70, "event": "final", "gate_count": 261, "generalization_gap": 0.16666666666666663, "history_tail": [{"batch_loss": 5.561432265779127, "epoch": 1, "event": "epoch", "global_step": 5, "test_accuracy": 0.3333333333333333, "test_loss": 4.755008735898363, "train_accuracy": 0.35555555555555557, "train_loss": 4.703849583946727, "validation_accuracy": 0.31666666666666665, "validation_loss": 4.629828425686952}, {"batch_loss": 3.9360582546826657, "epoch": 2, "event": "epoch", "global_step": 10, "test_accuracy": 0.4166666666666667, "test_loss": 2.8611682377641996, "train_accuracy": 0.37777777777777777, "train_loss": 2.8163632796331006, "validation_accuracy": 0.48333333333333334, "validation_loss": 2.633852554837072}, {"batch_loss": 2.7428832804827117, "epoch": 3, "event": "epoch", "global_step": 15, "test_accuracy": 0.4666666666666667, "test_loss": 2.6757904660274887, "train_accuracy": 0.4, "train_loss": 2.6251543411237437, "validation_accuracy": 0.48333333333333334, "validation_loss": 2.5007298936602367}, {"batch_loss": 2.8578783389328617, "epoch": 4, "event": "epoch", "global_step": 20, "test_accuracy": 0.45, "test_loss": 2.6432004098543773, "train_accuracy": 0.4666666666666667, "train_loss": 2.5398053031236496, "validation_accuracy": 0.48333333333333334, "validation_loss": 2.5082821639682633}, {"batch_loss": 2.9160627652786433, "epoch": 5, "event": "epoch", "global_step": 25, "test_accuracy": 0.36666666666666664, "test_loss": 2.684804949297184, "train_accuracy": 0.4777777777777778, "train_loss": 2.554457190816977, "validation_accuracy": 0.4, "validation_loss": 2.5769042549435683}, {"batch_loss": 2.35787365144965, "epoch": 6, "event": "epoch", "global_step": 30, "test_accuracy": 0.3333333333333333, "test_loss": 2.6897286798672937, "train_accuracy": 0.4777777777777778, "train_loss": 2.5384808745024343, "validation_accuracy": 0.4666666666666667, "validation_loss": 2.6102130520544353}, {"batch_loss": 2.325885894750577, "epoch": 7, "event": "epoch", "global_step": 35, "test_accuracy": 0.4, "test_loss": 2.662962093402979, "train_accuracy": 0.5888888888888889, "train_loss": 2.458106146986928, "validation_accuracy": 0.45, "validation_loss": 2.5270124248313364}, {"batch_loss": 2.5577332098013352, "epoch": 8, "event": "epoch", "global_step": 40, "test_accuracy": 0.4, "test_loss": 2.699289255151572, "train_accuracy": 0.5333333333333333, "train_loss": 2.442236401475246, "validation_accuracy": 0.48333333333333334, "validation_loss": 2.491684034139889}, {"batch_loss": 2.089584639674041, "epoch": 9, "event": "epoch", "global_step": 45, "test_accuracy": 0.43333333333333335, "test_loss": 2.743001262513127, "train_accuracy": 0.5444444444444444, "train_loss": 2.4597688584476125, "validation_accuracy": 0.5166666666666667, "validation_loss": 2.484281636221948}, {"batch_loss": 1.853045291197708, "epoch": 10, "event": "epoch", "global_step": 50, "test_accuracy": 0.4, "test_loss": 2.723359886296605, "train_accuracy": 0.5666666666666667, "train_loss": 2.4411037876246615, "validation_accuracy": 0.48333333333333334, "validation_loss": 2.4481305611210242}], "max_steps": 50, "n_params": 48, "n_params_per_block": 8, "n_qubits": 9, "n_repeats": 2, "n_uploads": 3, "operations": [["RX", [0]], ["RX", [1]], ["RX", [2]], ["RX", [3]], ["RX", [4]], ["RX", [5]], ["RX", [6]], ["RX", [7]], ["RX", [8]], ["RZ", [0]], ["RZ", [2]], ["RZ", [4]], ["RZ", [6]], ["RZ", [1]], ["RZ", [3]], ["RZ", [5]], ["RZ", [7]], ["RZ", [8]], ["RY", [0]], ["RY", [2]], ["RY", [4]], ["RY", [6]], ["RY", [1]], ["RY", [3]], ["RY", [5]], ["RY", [7]], ["RY", [8]], ["CRX", [0, 1]], ["CRX", [1, 2]], ["CRX", [2, 3]], ["CRX", [3, 4]], ["CRX", [4, 5]], ["CRX", [5, 6]], ["CRX", [6, 7]], ["CRX", [7, 0]], ["CRY", [8, 1]], ["CRY", [8, 3]], ["CRY", [8, 5]], ["CRY", [8, 7]], ["RZ", [0]], ["RZ", [2]], ["RZ", [4]], ["RZ", [6]], ["RZ", [1]], ["RZ", [3]], ["RZ", [5]], ["RZ", [7]], ["RZ", [8]], ["RZ", [0]], ["RZ", [2]], ["RZ", [4]], ["RZ", [6]], ["RZ", [1]], ["RZ", [3]], ["RZ", [5]], ["RZ", [7]], ["RZ", [8]], ["RY", [0]], ["RY", [2]], ["RY", [4]], ["RY", [6]], ["RY", [1]], ["RY", [3]], ["RY", [5]], ["RY", [7]], ["RY", [8]], ["CRX", [0, 1]], ["CRX", [1, 2]], ["CRX", [2, 3]], ["CRX", [3, 4]], ["CRX", [4, 5]], ["CRX", [5, 6]], ["CRX", [6, 7]], ["CRX", [7, 0]], ["CRY", [8, 1]], ["CRY", [8, 3]], ["CRY", [8, 5]], ["CRY", [8, 7]], ["RZ", [0]], ["RZ", [2]], ["RZ", [4]], ["RZ", [6]], ["RZ", [1]], ["RZ", [3]], ["RZ", [5]], ["RZ", [7]], ["RZ", [8]], ["RX", [0]], ["RX", [1]], ["RX", [2]], ["RX", [3]], ["RX", [4]], ["RX", [5]], ["RX", [6]], ["RX", [7]], ["RX", [8]], ["RZ", [0]], ["RZ", [2]], ["RZ", [4]], ["RZ", [6]], ["RZ", [1]], ["RZ", [3]], ["RZ", [5]], ["RZ", [7]], ["RZ", [8]], ["RY", [0]], ["RY", [2]], ["RY", [4]], ["RY", [6]], ["RY", [1]], ["RY", [3]], ["RY", [5]], ["RY", [7]], ["RY", [8]], ["CRX", [0, 1]], ["CRX", [1, 2]], ["CRX", [2, 3]], ["CRX", [3, 4]], ["CRX", [4, 5]], ["CRX", [5, 6]], ["CRX", [6, 7]], ["CRX", [7, 0]], ["CRY", [8, 1]], ["CRY", [8, 3]], ["CRY", [8, 5]], ["CRY", [8, 7]], ["RZ", [0]], ["RZ", [2]], ["RZ", [4]], ["RZ", [6]], ["RZ", [1]], ["RZ", [3]], ["RZ", [5]], ["RZ", [7]], ["RZ", [8]], ["RZ", [0]], ["RZ", [2]], ["RZ", [4]], ["RZ", [6]], ["RZ", [1]], ["RZ", [3]], ["RZ", [5]], ["RZ", [7]], ["RZ", [8]], ["RY", [0]], ["RY", [2]], ["RY", [4]], ["RY", [6]], ["RY", [1]], ["RY", [3]], ["RY", [5]], ["RY", [7]], ["RY", [8]], ["CRX", [0, 1]], ["CRX", [1, 2]], ["CRX", [2, 3]], ["CRX", [3, 4]], ["CRX", [4, 5]], ["CRX", [5, 6]], ["CRX", [6, 7]], ["CRX", [7, 0]], ["CRY", [8, 1]], ["CRY", [8, 3]], ["CRY", [8, 5]], ["CRY", [8, 7]], ["RZ", [0]], ["RZ", [2]], ["RZ", [4]], ["RZ", [6]], ["RZ", [1]], ["RZ", [3]], ["RZ", [5]], ["RZ", [7]], ["RZ", [8]], ["RX", [0]], ["RX", [1]], ["RX", [2]], ["RX", [3]], ["RX", [4]], ["RX", [5]], ["RX", [6]], ["RX", [7]], ["RX", [8]], ["RZ", [0]], ["RZ", [2]], ["RZ", [4]], ["RZ", [6]], ["RZ", [1]], ["RZ", [3]], ["RZ", [5]], ["RZ", [7]], ["RZ", [8]], ["RY", [0]], ["RY", [2]], ["RY", [4]], ["RY", [6]], ["RY", [1]], ["RY", [3]], ["RY", [5]], ["RY", [7]], ["RY", [8]], ["CRX", [0, 1]], ["CRX", [1, 2]], ["CRX", [2, 3]], ["CRX", [3, 4]], ["CRX", [4, 5]], ["CRX", [5, 6]], ["CRX", [6, 7]], ["CRX", [7, 0]], ["CRY", [8, 1]], ["CRY", [8, 3]], ["CRY", [8, 5]], ["CRY", [8, 7]], ["RZ", [0]], ["RZ", [2]], ["RZ", [4]], ["RZ", [6]], ["RZ", [1]], ["RZ", [3]], ["RZ", [5]], ["RZ", [7]], ["RZ", [8]], ["RZ", [0]], ["RZ", [2]], ["RZ", [4]], ["RZ", [6]], ["RZ", [1]], ["RZ", [3]], ["RZ", [5]], ["RZ", [7]], ["RZ", [8]], ["RY", [0]], ["RY", [2]], ["RY", [4]], ["RY", [6]], ["RY", [1]], ["RY", [3]], ["RY", [5]], ["RY", [7]], ["RY", [8]], ["CRX", [0, 1]], ["CRX", [1, 2]], ["CRX", [2, 3]], ["CRX", [3, 4]], ["CRX", [4, 5]], ["CRX", [5, 6]], ["CRX", [6, 7]], ["CRX", [7, 0]], ["CRY", [8, 1]], ["CRY", [8, 3]], ["CRY", [8, 5]], ["CRY", [8, 7]], ["RZ", [0]], ["RZ", [2]], ["RZ", [4]], ["RZ", [6]], ["RZ", [1]], ["RZ", [3]], ["RZ", [5]], ["RZ", [7]], ["RZ", [8]]], "parameter_efficiency": 0.008333333333333333, "spec_valid": true, "test_accuracy": 0.4, "test_loss": 2.723359886296605, "train_accuracy": 0.5666666666666667, "train_loss": 2.4411037876246615, "validation_accuracy": 0.48333333333333334, "validation_loss": 2.4481305611210242}
==========Run 1/1 completed in 138.85 seconds==========
Correctness and error status saved to /home/chengyou1368/QuantumAnsatz/tic-tac-toe/results/ttt_qml_cli_20260605_124906/gen_14/results/correct.json
Metrics saved to /home/chengyou1368/QuantumAnsatz/tic-tac-toe/results/ttt_qml_cli_20260605_124906/gen_14/results/metrics.json
OK
{
  "combined_score": 0.4704065949534599,
  "public": {
    "train_accuracy_mean": 0.5667,
    "train_accuracy_std": 0.0,
    "validation_accuracy_mean": 0.4833,
    "validation_accuracy_std": 0.0,
    "test_accuracy_mean": 0.4,
    "test_accuracy_std": 0.0,
    "generalization_gap_mean": 0.1667,
    "validation_loss_mean": 2.4481,
    "test_loss_mean": 2.7234,
    "parameter_efficiency_mean": 0.008333,
    "n_params": 48,
    "depth_mean": 70.0,
    "gate_count_mean": 261.0,
    "score_uses_test": false,
    "convergence_step_mean": null
  },
  "private": {
    "per_run_scores": [
      {
        "combined_score": 0.4704065949534599,
        "primary_accuracy": 0.48333333333333334,
        "gap_score": 0.523809523809524,
        "loss_score": 0.290012220324653,
        "parameter_efficiency_score": 1.0,
        "convergence_score": 0.0
      }
    ],
    "per_run_test_accuracies": [
      0.4
    ]
  },
  "text_feedback": "Combined score: 0.4704\nValidation accuracy mean: 0.4833\nTest accuracy mean: 0.4000\nTrain-test generalization gap mean: 0.1667\nValidation L2 loss mean: 2.4481\nParameters: 48, depth mean: 70.0, gate count mean: 261.0\nFitness uses validation metrics; test metrics are reported as holdout diagnostics.\nAccuracy is still low; explore more expressive local entanglement or rotation diversity.\nLarge train-test gap; prefer parameter sharing, fewer parameters, or symmetry-inspired repeated motifs.\nDid not reach convergence threshold 0.90 in these runs.",
  "execution_time_mean": 138.8494428489994,
  "execution_time_std": 0.0,
  "num_valid_runs": 1,
  "num_invalid_runs": 0,
  "all_validation_errors": []
}
