==========Running program evaluation 1/1...==========
{"batch_size": 10, "data_seed": 2027, "dataset": {"all_valid_unique_boards": {"class_counts": {"circle": 316, "cross": 626, "draw": 4536}, "total": 5478}, "overlap_train_test": 2, "overlap_train_validation": 1, "overlap_validation_test": 3, "test": {"class_counts": {"circle": 20, "cross": 20, "draw": 20}, "rows": 60, "unique_boards": 59}, "train": {"class_counts": {"circle": 30, "cross": 30, "draw": 30}, "rows": 90, "unique_boards": 87}, "validation": {"class_counts": {"circle": 20, "cross": 20, "draw": 20}, "rows": 60, "unique_boards": 60}}, "event": "start", "learning_rate": 0.03, "n_epochs": 10, "n_params": 60, "n_params_per_block": 10, "n_repeats": 2, "n_uploads": 3, "seed": 1000, "steps_per_epoch": 5}
{"batch_loss": 6.313522887328607, "epoch": 1, "event": "epoch", "global_step": 5, "test_accuracy": 0.4, "test_loss": 5.3172935622502, "train_accuracy": 0.36666666666666664, "train_loss": 5.548461217597228, "validation_accuracy": 0.4166666666666667, "validation_loss": 5.35876041701069}
{"batch_loss": 3.72716056358993, "epoch": 2, "event": "epoch", "global_step": 10, "test_accuracy": 0.4, "test_loss": 3.471952696825057, "train_accuracy": 0.3111111111111111, "train_loss": 3.5025456580232595, "validation_accuracy": 0.38333333333333336, "validation_loss": 3.4517374454055862}
{"batch_loss": 3.352905569766694, "epoch": 3, "event": "epoch", "global_step": 15, "test_accuracy": 0.4166666666666667, "test_loss": 3.0214747982001686, "train_accuracy": 0.36666666666666664, "train_loss": 3.10818306614318, "validation_accuracy": 0.43333333333333335, "validation_loss": 2.964876798991183}
{"batch_loss": 3.401184272760516, "epoch": 4, "event": "epoch", "global_step": 20, "test_accuracy": 0.38333333333333336, "test_loss": 2.8904426291549443, "train_accuracy": 0.4, "train_loss": 2.925421726199325, "validation_accuracy": 0.38333333333333336, "validation_loss": 2.9565770112805247}
{"batch_loss": 2.701756956258272, "epoch": 5, "event": "epoch", "global_step": 25, "test_accuracy": 0.36666666666666664, "test_loss": 2.981979357033424, "train_accuracy": 0.43333333333333335, "train_loss": 2.903560717942198, "validation_accuracy": 0.36666666666666664, "validation_loss": 3.090754084022078}
{"batch_loss": 2.8970191952924305, "epoch": 6, "event": "epoch", "global_step": 30, "test_accuracy": 0.3, "test_loss": 2.871669076880203, "train_accuracy": 0.4666666666666667, "train_loss": 2.7873572941727005, "validation_accuracy": 0.31666666666666665, "validation_loss": 3.0274922716885895}
{"batch_loss": 2.7886743252085084, "epoch": 7, "event": "epoch", "global_step": 35, "test_accuracy": 0.31666666666666665, "test_loss": 2.7010716227051663, "train_accuracy": 0.4, "train_loss": 2.6379891733395144, "validation_accuracy": 0.2833333333333333, "validation_loss": 2.816733585917156}
{"batch_loss": 2.540823490374746, "epoch": 8, "event": "epoch", "global_step": 40, "test_accuracy": 0.45, "test_loss": 2.6113666814002214, "train_accuracy": 0.6333333333333333, "train_loss": 2.527207052981972, "validation_accuracy": 0.5, "validation_loss": 2.6081106414676887}
{"batch_loss": 2.464987408688416, "epoch": 9, "event": "epoch", "global_step": 45, "test_accuracy": 0.48333333333333334, "test_loss": 2.607328883938706, "train_accuracy": 0.5333333333333333, "train_loss": 2.4968932814615337, "validation_accuracy": 0.5333333333333333, "validation_loss": 2.5119273377094817}
{"batch_loss": 2.213300298533185, "epoch": 10, "event": "epoch", "global_step": 50, "test_accuracy": 0.48333333333333334, "test_loss": 2.6119608264118472, "train_accuracy": 0.5444444444444444, "train_loss": 2.4711094123061077, "validation_accuracy": 0.6, "validation_loss": 2.4819296917815024}
{"convergence_epoch": null, "convergence_step": null, "convergence_threshold": 0.9, "depth": 70, "event": "final", "gate_count": 261, "generalization_gap": 0.06111111111111106, "history_tail": [{"batch_loss": 6.313522887328607, "epoch": 1, "event": "epoch", "global_step": 5, "test_accuracy": 0.4, "test_loss": 5.3172935622502, "train_accuracy": 0.36666666666666664, "train_loss": 5.548461217597228, "validation_accuracy": 0.4166666666666667, "validation_loss": 5.35876041701069}, {"batch_loss": 3.72716056358993, "epoch": 2, "event": "epoch", "global_step": 10, "test_accuracy": 0.4, "test_loss": 3.471952696825057, "train_accuracy": 0.3111111111111111, "train_loss": 3.5025456580232595, "validation_accuracy": 0.38333333333333336, "validation_loss": 3.4517374454055862}, {"batch_loss": 3.352905569766694, "epoch": 3, "event": "epoch", "global_step": 15, "test_accuracy": 0.4166666666666667, "test_loss": 3.0214747982001686, "train_accuracy": 0.36666666666666664, "train_loss": 3.10818306614318, "validation_accuracy": 0.43333333333333335, "validation_loss": 2.964876798991183}, {"batch_loss": 3.401184272760516, "epoch": 4, "event": "epoch", "global_step": 20, "test_accuracy": 0.38333333333333336, "test_loss": 2.8904426291549443, "train_accuracy": 0.4, "train_loss": 2.925421726199325, "validation_accuracy": 0.38333333333333336, "validation_loss": 2.9565770112805247}, {"batch_loss": 2.701756956258272, "epoch": 5, "event": "epoch", "global_step": 25, "test_accuracy": 0.36666666666666664, "test_loss": 2.981979357033424, "train_accuracy": 0.43333333333333335, "train_loss": 2.903560717942198, "validation_accuracy": 0.36666666666666664, "validation_loss": 3.090754084022078}, {"batch_loss": 2.8970191952924305, "epoch": 6, "event": "epoch", "global_step": 30, "test_accuracy": 0.3, "test_loss": 2.871669076880203, "train_accuracy": 0.4666666666666667, "train_loss": 2.7873572941727005, "validation_accuracy": 0.31666666666666665, "validation_loss": 3.0274922716885895}, {"batch_loss": 2.7886743252085084, "epoch": 7, "event": "epoch", "global_step": 35, "test_accuracy": 0.31666666666666665, "test_loss": 2.7010716227051663, "train_accuracy": 0.4, "train_loss": 2.6379891733395144, "validation_accuracy": 0.2833333333333333, "validation_loss": 2.816733585917156}, {"batch_loss": 2.540823490374746, "epoch": 8, "event": "epoch", "global_step": 40, "test_accuracy": 0.45, "test_loss": 2.6113666814002214, "train_accuracy": 0.6333333333333333, "train_loss": 2.527207052981972, "validation_accuracy": 0.5, "validation_loss": 2.6081106414676887}, {"batch_loss": 2.464987408688416, "epoch": 9, "event": "epoch", "global_step": 45, "test_accuracy": 0.48333333333333334, "test_loss": 2.607328883938706, "train_accuracy": 0.5333333333333333, "train_loss": 2.4968932814615337, "validation_accuracy": 0.5333333333333333, "validation_loss": 2.5119273377094817}, {"batch_loss": 2.213300298533185, "epoch": 10, "event": "epoch", "global_step": 50, "test_accuracy": 0.48333333333333334, "test_loss": 2.6119608264118472, "train_accuracy": 0.5444444444444444, "train_loss": 2.4711094123061077, "validation_accuracy": 0.6, "validation_loss": 2.4819296917815024}], "max_steps": 50, "n_params": 60, "n_params_per_block": 10, "n_qubits": 9, "n_repeats": 2, "n_uploads": 3, "operations": [["RX", [0]], ["RX", [1]], ["RX", [2]], ["RX", [3]], ["RX", [4]], ["RX", [5]], ["RX", [6]], ["RX", [7]], ["RX", [8]], ["RZ", [0]], ["RZ", [2]], ["RZ", [4]], ["RZ", [6]], ["RZ", [1]], ["RZ", [3]], ["RZ", [5]], ["RZ", [7]], ["RZ", [8]], ["RY", [0]], ["RY", [2]], ["RY", [4]], ["RY", [6]], ["RY", [1]], ["RY", [3]], ["RY", [5]], ["RY", [7]], ["RY", [8]], ["CZ", [0, 1]], ["CZ", [1, 2]], ["CZ", [2, 3]], ["CZ", [3, 4]], ["CZ", [4, 5]], ["CZ", [5, 6]], ["CZ", [6, 7]], ["CZ", [7, 0]], ["CRZ", [8, 1]], ["CRZ", [8, 3]], ["CRZ", [8, 5]], ["CRZ", [8, 7]], ["RZ", [0]], ["RZ", [2]], ["RZ", [4]], ["RZ", [6]], ["RZ", [1]], ["RZ", [3]], ["RZ", [5]], ["RZ", [7]], ["RZ", [8]], ["RZ", [0]], ["RZ", [2]], ["RZ", [4]], ["RZ", [6]], ["RZ", [1]], ["RZ", [3]], ["RZ", [5]], ["RZ", [7]], ["RZ", [8]], ["RY", [0]], ["RY", [2]], ["RY", [4]], ["RY", [6]], ["RY", [1]], ["RY", [3]], ["RY", [5]], ["RY", [7]], ["RY", [8]], ["CZ", [0, 1]], ["CZ", [1, 2]], ["CZ", [2, 3]], ["CZ", [3, 4]], ["CZ", [4, 5]], ["CZ", [5, 6]], ["CZ", [6, 7]], ["CZ", [7, 0]], ["CRZ", [8, 1]], ["CRZ", [8, 3]], ["CRZ", [8, 5]], ["CRZ", [8, 7]], ["RZ", [0]], ["RZ", [2]], ["RZ", [4]], ["RZ", [6]], ["RZ", [1]], ["RZ", [3]], ["RZ", [5]], ["RZ", [7]], ["RZ", [8]], ["RX", [0]], ["RX", [1]], ["RX", [2]], ["RX", [3]], ["RX", [4]], ["RX", [5]], ["RX", [6]], ["RX", [7]], ["RX", [8]], ["RZ", [0]], ["RZ", [2]], ["RZ", [4]], ["RZ", [6]], ["RZ", [1]], ["RZ", [3]], ["RZ", [5]], ["RZ", [7]], ["RZ", [8]], ["RY", [0]], ["RY", [2]], ["RY", [4]], ["RY", [6]], ["RY", [1]], ["RY", [3]], ["RY", [5]], ["RY", [7]], ["RY", [8]], ["CZ", [0, 1]], ["CZ", [1, 2]], ["CZ", [2, 3]], ["CZ", [3, 4]], ["CZ", [4, 5]], ["CZ", [5, 6]], ["CZ", [6, 7]], ["CZ", [7, 0]], ["CRZ", [8, 1]], ["CRZ", [8, 3]], ["CRZ", [8, 5]], ["CRZ", [8, 7]], ["RZ", [0]], ["RZ", [2]], ["RZ", [4]], ["RZ", [6]], ["RZ", [1]], ["RZ", [3]], ["RZ", [5]], ["RZ", [7]], ["RZ", [8]], ["RZ", [0]], ["RZ", [2]], ["RZ", [4]], ["RZ", [6]], ["RZ", [1]], ["RZ", [3]], ["RZ", [5]], ["RZ", [7]], ["RZ", [8]], ["RY", [0]], ["RY", [2]], ["RY", [4]], ["RY", [6]], ["RY", [1]], ["RY", [3]], ["RY", [5]], ["RY", [7]], ["RY", [8]], ["CZ", [0, 1]], ["CZ", [1, 2]], ["CZ", [2, 3]], ["CZ", [3, 4]], ["CZ", [4, 5]], ["CZ", [5, 6]], ["CZ", [6, 7]], ["CZ", [7, 0]], ["CRZ", [8, 1]], ["CRZ", [8, 3]], ["CRZ", [8, 5]], ["CRZ", [8, 7]], ["RZ", [0]], ["RZ", [2]], ["RZ", [4]], ["RZ", [6]], ["RZ", [1]], ["RZ", [3]], ["RZ", [5]], ["RZ", [7]], ["RZ", [8]], ["RX", [0]], ["RX", [1]], ["RX", [2]], ["RX", [3]], ["RX", [4]], ["RX", [5]], ["RX", [6]], ["RX", [7]], ["RX", [8]], ["RZ", [0]], ["RZ", [2]], ["RZ", [4]], ["RZ", [6]], ["RZ", [1]], ["RZ", [3]], ["RZ", [5]], ["RZ", [7]], ["RZ", [8]], ["RY", [0]], ["RY", [2]], ["RY", [4]], ["RY", [6]], ["RY", [1]], ["RY", [3]], ["RY", [5]], ["RY", [7]], ["RY", [8]], ["CZ", [0, 1]], ["CZ", [1, 2]], ["CZ", [2, 3]], ["CZ", [3, 4]], ["CZ", [4, 5]], ["CZ", [5, 6]], ["CZ", [6, 7]], ["CZ", [7, 0]], ["CRZ", [8, 1]], ["CRZ", [8, 3]], ["CRZ", [8, 5]], ["CRZ", [8, 7]], ["RZ", [0]], ["RZ", [2]], ["RZ", [4]], ["RZ", [6]], ["RZ", [1]], ["RZ", [3]], ["RZ", [5]], ["RZ", [7]], ["RZ", [8]], ["RZ", [0]], ["RZ", [2]], ["RZ", [4]], ["RZ", [6]], ["RZ", [1]], ["RZ", [3]], ["RZ", [5]], ["RZ", [7]], ["RZ", [8]], ["RY", [0]], ["RY", [2]], ["RY", [4]], ["RY", [6]], ["RY", [1]], ["RY", [3]], ["RY", [5]], ["RY", [7]], ["RY", [8]], ["CZ", [0, 1]], ["CZ", [1, 2]], ["CZ", [2, 3]], ["CZ", [3, 4]], ["CZ", [4, 5]], ["CZ", [5, 6]], ["CZ", [6, 7]], ["CZ", [7, 0]], ["CRZ", [8, 1]], ["CRZ", [8, 3]], ["CRZ", [8, 5]], ["CRZ", [8, 7]], ["RZ", [0]], ["RZ", [2]], ["RZ", [4]], ["RZ", [6]], ["RZ", [1]], ["RZ", [3]], ["RZ", [5]], ["RZ", [7]], ["RZ", [8]]], "parameter_efficiency": 0.008055555555555555, "spec_valid": true, "test_accuracy": 0.48333333333333334, "test_loss": 2.6119608264118472, "train_accuracy": 0.5444444444444444, "train_loss": 2.4711094123061077, "validation_accuracy": 0.6, "validation_loss": 2.4819296917815024}
==========Run 1/1 completed in 98.77 seconds==========
Correctness and error status saved to /home/chengyou1368/QuantumAnsatz/tic-tac-toe/results/ttt_qml_cli_20260605_124906/gen_1/results/correct.json
Metrics saved to /home/chengyou1368/QuantumAnsatz/tic-tac-toe/results/ttt_qml_cli_20260605_124906/gen_1/results/metrics.json
OK
{
  "combined_score": 0.5713335285202337,
  "public": {
    "train_accuracy_mean": 0.5444,
    "train_accuracy_std": 0.0,
    "validation_accuracy_mean": 0.6,
    "validation_accuracy_std": 0.0,
    "test_accuracy_mean": 0.4833,
    "test_accuracy_std": 0.0,
    "generalization_gap_mean": 0.0611,
    "validation_loss_mean": 2.4819,
    "test_loss_mean": 2.612,
    "parameter_efficiency_mean": 0.008056,
    "n_params": 60,
    "depth_mean": 70.0,
    "gate_count_mean": 261.0,
    "score_uses_test": false,
    "convergence_step_mean": null
  },
  "private": {
    "per_run_scores": [
      {
        "combined_score": 0.5713335285202337,
        "primary_accuracy": 0.6,
        "gap_score": 0.8253968253968256,
        "loss_score": 0.28719706844176907,
        "parameter_efficiency_score": 1.0,
        "convergence_score": 0.0
      }
    ],
    "per_run_test_accuracies": [
      0.48333333333333334
    ]
  },
  "text_feedback": "Combined score: 0.5713\nValidation accuracy mean: 0.6000\nTest accuracy mean: 0.4833\nTrain-test generalization gap mean: 0.0611\nValidation L2 loss mean: 2.4819\nParameters: 60, depth mean: 70.0, gate count mean: 261.0\nFitness uses validation metrics; test metrics are reported as holdout diagnostics.\nDid not reach convergence threshold 0.90 in these runs.",
  "execution_time_mean": 98.77156853199995,
  "execution_time_std": 0.0,
  "num_valid_runs": 1,
  "num_invalid_runs": 0,
  "all_validation_errors": []
}
