Traceback (most recent call last):
  File [35m"/home/chengyou1368/QuantumAnsatz/tic-tac-toe/evaluate.py"[0m, line [35m234[0m, in [35m<module>[0m
    [31mmain[0m[1;31m(args.program_path, args.results_dir)[0m
    [31m~~~~[0m[1;31m^^^^^^^^^^^^^^^^^^^^^^^^^^^^^^^^^^^^^[0m
  File [35m"/home/chengyou1368/QuantumAnsatz/tic-tac-toe/evaluate.py"[0m, line [35m211[0m, in [35mmain[0m
    metrics, correct, error_msg = [31mrun_shinka_eval[0m[1;31m([0m
                                  [31m~~~~~~~~~~~~~~~[0m[1;31m^[0m
        [1;31mprogram_path=program_path,[0m
        [1;31m^^^^^^^^^^^^^^^^^^^^^^^^^^[0m
    ...<6 lines>...
        [1;31mrun_workers=NUM_WORKERS,[0m
        [1;31m^^^^^^^^^^^^^^^^^^^^^^^^[0m
    [1;31m)[0m
    [1;31m^[0m
  File [35m"/home/chengyou1368/QuantumAnsatz/tic-tac-toe/.venv-shinka-ttt/lib/python3.14/site-packages/shinka/core/wrap_eval.py"[0m, line [35m327[0m, in [35mrun_shinka_eval[0m
    run_result = experiment_fn(**run_kwargs)
  File [35m"/home/chengyou1368/QuantumAnsatz/tic-tac-toe/results/ttt_qml_20260605_094700/gen_0/main.py"[0m, line [35m513[0m, in [35mrun_experiment[0m
    test_metrics = evaluate_split(params, x_test, y_test)
  File [35m"/home/chengyou1368/QuantumAnsatz/tic-tac-toe/results/ttt_qml_20260605_094700/gen_0/main.py"[0m, line [35m362[0m, in [35mevaluate_split[0m
    predictions = np.asarray([31mpredict_batch[0m[1;31m(params, x)[0m, dtype=float)
                             [31m~~~~~~~~~~~~~[0m[1;31m^^^^^^^^^^^[0m
  File [35m"/home/chengyou1368/QuantumAnsatz/tic-tac-toe/results/ttt_qml_20260605_094700/gen_0/main.py"[0m, line [35m352[0m, in [35mpredict_batch[0m
    return pnp.stack([[31mclass_expectations[0m[1;31m(board, params)[0m for board in x_batch])
                      [31m~~~~~~~~~~~~~~~~~~[0m[1;31m^^^^^^^^^^^^^^^[0m
  File [35m"/home/chengyou1368/QuantumAnsatz/tic-tac-toe/results/ttt_qml_20260605_094700/gen_0/main.py"[0m, line [35m344[0m, in [35mclass_expectations[0m
    z = pnp.stack([31mcircuit_z_expectations[0m[1;31m(board, params)[0m)
                  [31m~~~~~~~~~~~~~~~~~~~~~~[0m[1;31m^^^^^^^^^^^^^^^[0m
  File [35m"/home/chengyou1368/QuantumAnsatz/tic-tac-toe/.venv-shinka-ttt/lib/python3.14/site-packages/pennylane/workflow/qnode.py"[0m, line [35m880[0m, in [35m__call__[0m
    return [31mself._impl_call[0m[1;31m(*args, **kwargs)[0m
           [31m~~~~~~~~~~~~~~~[0m[1;31m^^^^^^^^^^^^^^^^^[0m
  File [35m"/home/chengyou1368/QuantumAnsatz/tic-tac-toe/.venv-shinka-ttt/lib/python3.14/site-packages/pennylane/workflow/qnode.py"[0m, line [35m848[0m, in [35m_impl_call[0m
    tape = self.construct(args, kwargs)
  File [35m"/home/chengyou1368/QuantumAnsatz/tic-tac-toe/.venv-shinka-ttt/lib/python3.14/site-packages/pennylane/logging/decorators.py"[0m, line [35m61[0m, in [35mwrapper_entry[0m
    return func(*args, **kwargs)
  File [35m"/home/chengyou1368/QuantumAnsatz/tic-tac-toe/.venv-shinka-ttt/lib/python3.14/site-packages/pennylane/workflow/qnode.py"[0m, line [35m835[0m, in [35mconstruct[0m
    self._qfunc_output = [31mself.func[0m[1;31m(*args, **kwargs)[0m
                         [31m~~~~~~~~~[0m[1;31m^^^^^^^^^^^^^^^^^[0m
  File [35m"/home/chengyou1368/QuantumAnsatz/tic-tac-toe/results/ttt_qml_20260605_094700/gen_0/main.py"[0m, line [35m338[0m, in [35mcircuit_z_expectations[0m
    [31mapply_ansatz_block[0m[1;31m(params, block_index)[0m
    [31m~~~~~~~~~~~~~~~~~~[0m[1;31m^^^^^^^^^^^^^^^^^^^^^[0m
  File [35m"/home/chengyou1368/QuantumAnsatz/tic-tac-toe/results/ttt_qml_20260605_094700/gen_0/main.py"[0m, line [35m310[0m, in [35mapply_ansatz_block[0m
    [31mqml.RZ[0m[1;31m(angle, wires=wire)[0m
    [31m~~~~~~[0m[1;31m^^^^^^^^^^^^^^^^^^^[0m
  File [35m"/home/chengyou1368/QuantumAnsatz/tic-tac-toe/.venv-shinka-ttt/lib/python3.14/site-packages/pennylane/capture/capture_meta.py"[0m, line [35m31[0m, in [35mnew_f[0m
    return f(*args, **kwargs)
  File [35m"/home/chengyou1368/QuantumAnsatz/tic-tac-toe/.venv-shinka-ttt/lib/python3.14/site-packages/pennylane/capture/capture_meta.py"[0m, line [35m98[0m, in [35m__call__[0m
    return [31mtype.__call__[0m[1;31m(cls, *args, **kwargs)[0m
           [31m~~~~~~~~~~~~~[0m[1;31m^^^^^^^^^^^^^^^^^^^^^^[0m
  File [35m"/home/chengyou1368/QuantumAnsatz/tic-tac-toe/.venv-shinka-ttt/lib/python3.14/site-packages/pennylane/ops/qubit/parametric_ops_single_qubit.py"[0m, line [35m521[0m, in [35m__init__[0m
    [31msuper().__init__[0m[1;31m(phi, wires=wires, id=id)[0m
    [31m~~~~~~~~~~~~~~~~[0m[1;31m^^^^^^^^^^^^^^^^^^^^^^^^^[0m
  File [35m"/home/chengyou1368/QuantumAnsatz/tic-tac-toe/.venv-shinka-ttt/lib/python3.14/site-packages/pennylane/operation.py"[0m, line [35m1982[0m, in [35m__init__[0m
    [31msuper().__init__[0m[1;31m(*params, wires=wires, id=id)[0m
    [31m~~~~~~~~~~~~~~~~[0m[1;31m^^^^^^^^^^^^^^^^^^^^^^^^^^^^^[0m
  File [35m"/home/chengyou1368/QuantumAnsatz/tic-tac-toe/.venv-shinka-ttt/lib/python3.14/site-packages/pennylane/operation.py"[0m, line [35m1187[0m, in [35m__init__[0m
    self._wires: Wires = [31mWires[0m[1;31m(wires)[0m
                         [31m~~~~~[0m[1;31m^^^^^^^[0m
  File [35m"/home/chengyou1368/QuantumAnsatz/tic-tac-toe/.venv-shinka-ttt/lib/python3.14/site-packages/pennylane/wires.py"[0m, line [35m139[0m, in [35m__init__[0m
    self._labels = [31m_process[0m[1;31m(wires)[0m
                   [31m~~~~~~~~[0m[1;31m^^^^^^^[0m
  File [35m"/home/chengyou1368/QuantumAnsatz/tic-tac-toe/.venv-shinka-ttt/lib/python3.14/site-packages/pennylane/wires.py"[0m, line [35m64[0m, in [35m_process[0m
    if [31mmath.get_interface[0m[1;31m(wires)[0m == "jax" and not math.is_abstract(wires):
       [31m~~~~~~~~~~~~~~~~~~[0m[1;31m^^^^^^^[0m
  File [35m"/home/chengyou1368/QuantumAnsatz/tic-tac-toe/.venv-shinka-ttt/lib/python3.14/site-packages/pennylane/math/interface_utils.py"[0m, line [35m87[0m, in [35mget_interface[0m
    def get_interface(*values):
    
[1;35mKeyboardInterrupt[0m
