==========Running program evaluation 1/1...==========
{"batch_size": 10, "data_seed": 2027, "dataset": {"all_valid_unique_boards": {"class_counts": {"circle": 316, "cross": 626, "draw": 4536}, "total": 5478}, "overlap_train_test": 2, "overlap_train_validation": 1, "overlap_validation_test": 3, "test": {"class_counts": {"circle": 20, "cross": 20, "draw": 20}, "rows": 60, "unique_boards": 59}, "train": {"class_counts": {"circle": 30, "cross": 30, "draw": 30}, "rows": 90, "unique_boards": 87}, "validation": {"class_counts": {"circle": 20, "cross": 20, "draw": 20}, "rows": 60, "unique_boards": 60}}, "event": "start", "learning_rate": 0.03, "n_epochs": 10, "n_params": 162, "n_params_per_block": 27, "n_repeats": 2, "n_uploads": 3, "seed": 1000, "steps_per_epoch": 5}
{"batch_loss": 6.174830175515356, "epoch": 1, "event": "epoch", "global_step": 5, "test_accuracy": 0.43333333333333335, "test_loss": 5.407198122653807, "train_accuracy": 0.3111111111111111, "train_loss": 5.547894042155989, "validation_accuracy": 0.36666666666666664, "validation_loss": 5.305751585070818}
{"batch_loss": 3.884987633514585, "epoch": 2, "event": "epoch", "global_step": 10, "test_accuracy": 0.4, "test_loss": 3.552509739177993, "train_accuracy": 0.3333333333333333, "train_loss": 3.615922699680883, "validation_accuracy": 0.36666666666666664, "validation_loss": 3.3492744255084057}
{"batch_loss": 2.837447661303368, "epoch": 3, "event": "epoch", "global_step": 15, "test_accuracy": 0.36666666666666664, "test_loss": 3.245036476084638, "train_accuracy": 0.37777777777777777, "train_loss": 3.2652186538511785, "validation_accuracy": 0.4, "validation_loss": 3.067183181393508}
{"batch_loss": 2.8552182746149404, "epoch": 4, "event": "epoch", "global_step": 20, "test_accuracy": 0.4166666666666667, "test_loss": 3.149868434945758, "train_accuracy": 0.4, "train_loss": 3.1744592363686808, "validation_accuracy": 0.4, "validation_loss": 3.0218222152872216}
{"batch_loss": 2.025578437037225, "epoch": 5, "event": "epoch", "global_step": 25, "test_accuracy": 0.4166666666666667, "test_loss": 3.0713409894099017, "train_accuracy": 0.4, "train_loss": 3.0931072217096616, "validation_accuracy": 0.4, "validation_loss": 2.974458523075334}
{"batch_loss": 3.098925790528251, "epoch": 6, "event": "epoch", "global_step": 30, "test_accuracy": 0.4166666666666667, "test_loss": 3.0195993533048116, "train_accuracy": 0.36666666666666664, "train_loss": 3.0228828937403263, "validation_accuracy": 0.38333333333333336, "validation_loss": 2.9289957426816526}
{"batch_loss": 2.550393119014391, "epoch": 7, "event": "epoch", "global_step": 35, "test_accuracy": 0.4166666666666667, "test_loss": 2.9518512663923397, "train_accuracy": 0.37777777777777777, "train_loss": 2.9376372716198285, "validation_accuracy": 0.36666666666666664, "validation_loss": 2.884964913397543}
{"batch_loss": 2.6967352699259566, "epoch": 8, "event": "epoch", "global_step": 40, "test_accuracy": 0.45, "test_loss": 2.8938373558699793, "train_accuracy": 0.37777777777777777, "train_loss": 2.8631650329796607, "validation_accuracy": 0.4, "validation_loss": 2.8505813103582156}
{"batch_loss": 2.6438120646366245, "epoch": 9, "event": "epoch", "global_step": 45, "test_accuracy": 0.43333333333333335, "test_loss": 2.8499545452533512, "train_accuracy": 0.4111111111111111, "train_loss": 2.7862278292358678, "validation_accuracy": 0.38333333333333336, "validation_loss": 2.8169790255831857}
{"batch_loss": 2.5871176626815973, "epoch": 10, "event": "epoch", "global_step": 50, "test_accuracy": 0.43333333333333335, "test_loss": 2.8199747145154266, "train_accuracy": 0.4111111111111111, "train_loss": 2.7288179590026904, "validation_accuracy": 0.38333333333333336, "validation_loss": 2.7912590253570673}
{"convergence_epoch": null, "convergence_step": null, "convergence_threshold": 0.9, "depth": 70, "event": "final", "gate_count": 261, "generalization_gap": 0.022222222222222254, "history_tail": [{"batch_loss": 6.174830175515356, "epoch": 1, "event": "epoch", "global_step": 5, "test_accuracy": 0.43333333333333335, "test_loss": 5.407198122653807, "train_accuracy": 0.3111111111111111, "train_loss": 5.547894042155989, "validation_accuracy": 0.36666666666666664, "validation_loss": 5.305751585070818}, {"batch_loss": 3.884987633514585, "epoch": 2, "event": "epoch", "global_step": 10, "test_accuracy": 0.4, "test_loss": 3.552509739177993, "train_accuracy": 0.3333333333333333, "train_loss": 3.615922699680883, "validation_accuracy": 0.36666666666666664, "validation_loss": 3.3492744255084057}, {"batch_loss": 2.837447661303368, "epoch": 3, "event": "epoch", "global_step": 15, "test_accuracy": 0.36666666666666664, "test_loss": 3.245036476084638, "train_accuracy": 0.37777777777777777, "train_loss": 3.2652186538511785, "validation_accuracy": 0.4, "validation_loss": 3.067183181393508}, {"batch_loss": 2.8552182746149404, "epoch": 4, "event": "epoch", "global_step": 20, "test_accuracy": 0.4166666666666667, "test_loss": 3.149868434945758, "train_accuracy": 0.4, "train_loss": 3.1744592363686808, "validation_accuracy": 0.4, "validation_loss": 3.0218222152872216}, {"batch_loss": 2.025578437037225, "epoch": 5, "event": "epoch", "global_step": 25, "test_accuracy": 0.4166666666666667, "test_loss": 3.0713409894099017, "train_accuracy": 0.4, "train_loss": 3.0931072217096616, "validation_accuracy": 0.4, "validation_loss": 2.974458523075334}, {"batch_loss": 3.098925790528251, "epoch": 6, "event": "epoch", "global_step": 30, "test_accuracy": 0.4166666666666667, "test_loss": 3.0195993533048116, "train_accuracy": 0.36666666666666664, "train_loss": 3.0228828937403263, "validation_accuracy": 0.38333333333333336, "validation_loss": 2.9289957426816526}, {"batch_loss": 2.550393119014391, "epoch": 7, "event": "epoch", "global_step": 35, "test_accuracy": 0.4166666666666667, "test_loss": 2.9518512663923397, "train_accuracy": 0.37777777777777777, "train_loss": 2.9376372716198285, "validation_accuracy": 0.36666666666666664, "validation_loss": 2.884964913397543}, {"batch_loss": 2.6967352699259566, "epoch": 8, "event": "epoch", "global_step": 40, "test_accuracy": 0.45, "test_loss": 2.8938373558699793, "train_accuracy": 0.37777777777777777, "train_loss": 2.8631650329796607, "validation_accuracy": 0.4, "validation_loss": 2.8505813103582156}, {"batch_loss": 2.6438120646366245, "epoch": 9, "event": "epoch", "global_step": 45, "test_accuracy": 0.43333333333333335, "test_loss": 2.8499545452533512, "train_accuracy": 0.4111111111111111, "train_loss": 2.7862278292358678, "validation_accuracy": 0.38333333333333336, "validation_loss": 2.8169790255831857}, {"batch_loss": 2.5871176626815973, "epoch": 10, "event": "epoch", "global_step": 50, "test_accuracy": 0.43333333333333335, "test_loss": 2.8199747145154266, "train_accuracy": 0.4111111111111111, "train_loss": 2.7288179590026904, "validation_accuracy": 0.38333333333333336, "validation_loss": 2.7912590253570673}], "max_steps": 50, "n_params": 162, "n_params_per_block": 27, "n_qubits": 9, "n_repeats": 2, "n_uploads": 3, "operations": [["RX", [0]], ["RX", [1]], ["RX", [2]], ["RX", [3]], ["RX", [4]], ["RX", [5]], ["RX", [6]], ["RX", [7]], ["RX", [8]], ["RY", [0]], ["RY", [1]], ["RY", [2]], ["RY", [3]], ["RY", [4]], ["RY", [5]], ["RY", [6]], ["RY", [7]], ["RY", [8]], ["RZ", [0]], ["RZ", [1]], ["RZ", [2]], ["RZ", [3]], ["RZ", [4]], ["RZ", [5]], ["RZ", [6]], ["RZ", [7]], ["RZ", [8]], ["CZ", [0, 1]], ["CZ", [1, 2]], ["CZ", [2, 3]], ["CZ", [3, 4]], ["CZ", [4, 5]], ["CZ", [5, 6]], ["CZ", [6, 7]], ["CZ", [7, 0]], ["CZ", [1, 8]], ["CZ", [3, 8]], ["CZ", [5, 8]], ["CZ", [7, 8]], ["RZ", [0]], ["RZ", [1]], ["RZ", [2]], ["RZ", [3]], ["RZ", [4]], ["RZ", [5]], ["RZ", [6]], ["RZ", [7]], ["RZ", [8]], ["RY", [0]], ["RY", [1]], ["RY", [2]], ["RY", [3]], ["RY", [4]], ["RY", [5]], ["RY", [6]], ["RY", [7]], ["RY", [8]], ["RZ", [0]], ["RZ", [1]], ["RZ", [2]], ["RZ", [3]], ["RZ", [4]], ["RZ", [5]], ["RZ", [6]], ["RZ", [7]], ["RZ", [8]], ["CZ", [0, 1]], ["CZ", [1, 2]], ["CZ", [2, 3]], ["CZ", [3, 4]], ["CZ", [4, 5]], ["CZ", [5, 6]], ["CZ", [6, 7]], ["CZ", [7, 0]], ["CZ", [1, 8]], ["CZ", [3, 8]], ["CZ", [5, 8]], ["CZ", [7, 8]], ["RZ", [0]], ["RZ", [1]], ["RZ", [2]], ["RZ", [3]], ["RZ", [4]], ["RZ", [5]], ["RZ", [6]], ["RZ", [7]], ["RZ", [8]], ["RX", [0]], ["RX", [1]], ["RX", [2]], ["RX", [3]], ["RX", [4]], ["RX", [5]], ["RX", [6]], ["RX", [7]], ["RX", [8]], ["RY", [0]], ["RY", [1]], ["RY", [2]], ["RY", [3]], ["RY", [4]], ["RY", [5]], ["RY", [6]], ["RY", [7]], ["RY", [8]], ["RZ", [0]], ["RZ", [1]], ["RZ", [2]], ["RZ", [3]], ["RZ", [4]], ["RZ", [5]], ["RZ", [6]], ["RZ", [7]], ["RZ", [8]], ["CZ", [0, 1]], ["CZ", [1, 2]], ["CZ", [2, 3]], ["CZ", [3, 4]], ["CZ", [4, 5]], ["CZ", [5, 6]], ["CZ", [6, 7]], ["CZ", [7, 0]], ["CZ", [1, 8]], ["CZ", [3, 8]], ["CZ", [5, 8]], ["CZ", [7, 8]], ["RZ", [0]], ["RZ", [1]], ["RZ", [2]], ["RZ", [3]], ["RZ", [4]], ["RZ", [5]], ["RZ", [6]], ["RZ", [7]], ["RZ", [8]], ["RY", [0]], ["RY", [1]], ["RY", [2]], ["RY", [3]], ["RY", [4]], ["RY", [5]], ["RY", [6]], ["RY", [7]], ["RY", [8]], ["RZ", [0]], ["RZ", [1]], ["RZ", [2]], ["RZ", [3]], ["RZ", [4]], ["RZ", [5]], ["RZ", [6]], ["RZ", [7]], ["RZ", [8]], ["CZ", [0, 1]], ["CZ", [1, 2]], ["CZ", [2, 3]], ["CZ", [3, 4]], ["CZ", [4, 5]], ["CZ", [5, 6]], ["CZ", [6, 7]], ["CZ", [7, 0]], ["CZ", [1, 8]], ["CZ", [3, 8]], ["CZ", [5, 8]], ["CZ", [7, 8]], ["RZ", [0]], ["RZ", [1]], ["RZ", [2]], ["RZ", [3]], ["RZ", [4]], ["RZ", [5]], ["RZ", [6]], ["RZ", [7]], ["RZ", [8]], ["RX", [0]], ["RX", [1]], ["RX", [2]], ["RX", [3]], ["RX", [4]], ["RX", [5]], ["RX", [6]], ["RX", [7]], ["RX", [8]], ["RY", [0]], ["RY", [1]], ["RY", [2]], ["RY", [3]], ["RY", [4]], ["RY", [5]], ["RY", [6]], ["RY", [7]], ["RY", [8]], ["RZ", [0]], ["RZ", [1]], ["RZ", [2]], ["RZ", [3]], ["RZ", [4]], ["RZ", [5]], ["RZ", [6]], ["RZ", [7]], ["RZ", [8]], ["CZ", [0, 1]], ["CZ", [1, 2]], ["CZ", [2, 3]], ["CZ", [3, 4]], ["CZ", [4, 5]], ["CZ", [5, 6]], ["CZ", [6, 7]], ["CZ", [7, 0]], ["CZ", [1, 8]], ["CZ", [3, 8]], ["CZ", [5, 8]], ["CZ", [7, 8]], ["RZ", [0]], ["RZ", [1]], ["RZ", [2]], ["RZ", [3]], ["RZ", [4]], ["RZ", [5]], ["RZ", [6]], ["RZ", [7]], ["RZ", [8]], ["RY", [0]], ["RY", [1]], ["RY", [2]], ["RY", [3]], ["RY", [4]], ["RY", [5]], ["RY", [6]], ["RY", [7]], ["RY", [8]], ["RZ", [0]], ["RZ", [1]], ["RZ", [2]], ["RZ", [3]], ["RZ", [4]], ["RZ", [5]], ["RZ", [6]], ["RZ", [7]], ["RZ", [8]], ["CZ", [0, 1]], ["CZ", [1, 2]], ["CZ", [2, 3]], ["CZ", [3, 4]], ["CZ", [4, 5]], ["CZ", [5, 6]], ["CZ", [6, 7]], ["CZ", [7, 0]], ["CZ", [1, 8]], ["CZ", [3, 8]], ["CZ", [5, 8]], ["CZ", [7, 8]], ["RZ", [0]], ["RZ", [1]], ["RZ", [2]], ["RZ", [3]], ["RZ", [4]], ["RZ", [5]], ["RZ", [6]], ["RZ", [7]], ["RZ", [8]]], "parameter_efficiency": 0.002674897119341564, "spec_valid": true, "test_accuracy": 0.43333333333333335, "test_loss": 2.8199747145154266, "train_accuracy": 0.4111111111111111, "train_loss": 2.7288179590026904, "validation_accuracy": 0.38333333333333336, "validation_loss": 2.7912590253570673}
==========Run 1/1 completed in 92.97 seconds==========
Correctness and error status saved to /home/chengyou1368/QuantumAnsatz/tic-tac-toe/results/ttt_qml_cli_20260605_124906/gen_0/results/correct.json
Metrics saved to /home/chengyou1368/QuantumAnsatz/tic-tac-toe/results/ttt_qml_cli_20260605_124906/gen_0/results/metrics.json
OK
{
  "combined_score": 0.4319853280731617,
  "public": {
    "train_accuracy_mean": 0.4111,
    "train_accuracy_std": 0.0,
    "validation_accuracy_mean": 0.3833,
    "validation_accuracy_std": 0.0,
    "test_accuracy_mean": 0.4333,
    "test_accuracy_std": 0.0,
    "generalization_gap_mean": 0.0222,
    "validation_loss_mean": 2.7913,
    "test_loss_mean": 2.82,
    "parameter_efficiency_mean": 0.002675,
    "n_params": 162,
    "depth_mean": 70.0,
    "gate_count_mean": 261.0,
    "score_uses_test": false,
    "convergence_step_mean": null
  },
  "private": {
    "per_run_scores": [
      {
        "combined_score": 0.4319853280731617,
        "primary_accuracy": 0.38333333333333336,
        "gap_score": 0.9365079365079364,
        "loss_score": 0.263764621016845,
        "parameter_efficiency_score": 0.38333333333333336,
        "convergence_score": 0.0
      }
    ],
    "per_run_test_accuracies": [
      0.43333333333333335
    ]
  },
  "text_feedback": "Combined score: 0.4320\nValidation accuracy mean: 0.3833\nTest accuracy mean: 0.4333\nTrain-test generalization gap mean: 0.0222\nValidation L2 loss mean: 2.7913\nParameters: 162, depth mean: 70.0, gate count mean: 261.0\nFitness uses validation metrics; test metrics are reported as holdout diagnostics.\nAccuracy is still low; explore more expressive local entanglement or rotation diversity.\nDid not reach convergence threshold 0.90 in these runs.",
  "execution_time_mean": 92.96749603499848,
  "execution_time_std": 0.0,
  "num_valid_runs": 1,
  "num_invalid_runs": 0,
  "all_validation_errors": []
}
