==========Running program evaluation 1/1...==========
{"batch_size": 10, "data_seed": 2027, "dataset": {"all_valid_unique_boards": {"class_counts": {"circle": 316, "cross": 626, "draw": 4536}, "total": 5478}, "overlap_train_test": 2, "overlap_train_validation": 1, "overlap_validation_test": 3, "test": {"class_counts": {"circle": 20, "cross": 20, "draw": 20}, "rows": 60, "unique_boards": 59}, "train": {"class_counts": {"circle": 30, "cross": 30, "draw": 30}, "rows": 90, "unique_boards": 87}, "validation": {"class_counts": {"circle": 20, "cross": 20, "draw": 20}, "rows": 60, "unique_boards": 60}}, "event": "start", "learning_rate": 0.03, "n_epochs": 10, "n_params": 84, "n_params_per_block": 14, "n_repeats": 2, "n_uploads": 3, "seed": 1000, "steps_per_epoch": 5}
{"batch_loss": 5.825029966398985, "epoch": 1, "event": "epoch", "global_step": 5, "test_accuracy": 0.35, "test_loss": 5.051115310610513, "train_accuracy": 0.36666666666666664, "train_loss": 4.846604572684209, "validation_accuracy": 0.35, "validation_loss": 4.864762454686758}
{"batch_loss": 3.570402130796527, "epoch": 2, "event": "epoch", "global_step": 10, "test_accuracy": 0.4, "test_loss": 3.2583946358724707, "train_accuracy": 0.4222222222222222, "train_loss": 3.292710712998513, "validation_accuracy": 0.35, "validation_loss": 3.173484596874507}
{"batch_loss": 3.4451262188089187, "epoch": 3, "event": "epoch", "global_step": 15, "test_accuracy": 0.4666666666666667, "test_loss": 2.884634025400449, "train_accuracy": 0.4444444444444444, "train_loss": 2.9698968020875256, "validation_accuracy": 0.4, "validation_loss": 2.768028810010201}
{"batch_loss": 2.7343662798978867, "epoch": 4, "event": "epoch", "global_step": 20, "test_accuracy": 0.45, "test_loss": 2.7811532475210154, "train_accuracy": 0.4444444444444444, "train_loss": 2.8362734219155414, "validation_accuracy": 0.43333333333333335, "validation_loss": 2.6414108362475717}
{"batch_loss": 2.6541001388979817, "epoch": 5, "event": "epoch", "global_step": 25, "test_accuracy": 0.45, "test_loss": 2.7365654932218506, "train_accuracy": 0.45555555555555555, "train_loss": 2.7653824642584444, "validation_accuracy": 0.5, "validation_loss": 2.6081940569065876}
{"batch_loss": 2.879745770389941, "epoch": 6, "event": "epoch", "global_step": 30, "test_accuracy": 0.45, "test_loss": 2.715882204245484, "train_accuracy": 0.4666666666666667, "train_loss": 2.7209344832681857, "validation_accuracy": 0.5666666666666667, "validation_loss": 2.5943361080822824}
{"batch_loss": 3.219452622310444, "epoch": 7, "event": "epoch", "global_step": 35, "test_accuracy": 0.38333333333333336, "test_loss": 2.6846605477332606, "train_accuracy": 0.5111111111111111, "train_loss": 2.664457813235018, "validation_accuracy": 0.55, "validation_loss": 2.549161486235502}
{"batch_loss": 2.4132018434527134, "epoch": 8, "event": "epoch", "global_step": 40, "test_accuracy": 0.4666666666666667, "test_loss": 2.629121118286183, "train_accuracy": 0.5666666666666667, "train_loss": 2.5834021875432147, "validation_accuracy": 0.5833333333333334, "validation_loss": 2.505803689272151}
{"batch_loss": 2.275237052230855, "epoch": 9, "event": "epoch", "global_step": 45, "test_accuracy": 0.5666666666666667, "test_loss": 2.5721479016445135, "train_accuracy": 0.6111111111111112, "train_loss": 2.515949594864565, "validation_accuracy": 0.6166666666666667, "validation_loss": 2.468093423707167}
{"batch_loss": 2.6510791643679896, "epoch": 10, "event": "epoch", "global_step": 50, "test_accuracy": 0.5166666666666667, "test_loss": 2.5398914387868783, "train_accuracy": 0.5555555555555556, "train_loss": 2.484833651692149, "validation_accuracy": 0.55, "validation_loss": 2.4617937707335016}
{"convergence_epoch": null, "convergence_step": null, "convergence_threshold": 0.9, "depth": 132, "event": "final", "gate_count": 333, "generalization_gap": 0.03888888888888886, "history_tail": [{"batch_loss": 5.825029966398985, "epoch": 1, "event": "epoch", "global_step": 5, "test_accuracy": 0.35, "test_loss": 5.051115310610513, "train_accuracy": 0.36666666666666664, "train_loss": 4.846604572684209, "validation_accuracy": 0.35, "validation_loss": 4.864762454686758}, {"batch_loss": 3.570402130796527, "epoch": 2, "event": "epoch", "global_step": 10, "test_accuracy": 0.4, "test_loss": 3.2583946358724707, "train_accuracy": 0.4222222222222222, "train_loss": 3.292710712998513, "validation_accuracy": 0.35, "validation_loss": 3.173484596874507}, {"batch_loss": 3.4451262188089187, "epoch": 3, "event": "epoch", "global_step": 15, "test_accuracy": 0.4666666666666667, "test_loss": 2.884634025400449, "train_accuracy": 0.4444444444444444, "train_loss": 2.9698968020875256, "validation_accuracy": 0.4, "validation_loss": 2.768028810010201}, {"batch_loss": 2.7343662798978867, "epoch": 4, "event": "epoch", "global_step": 20, "test_accuracy": 0.45, "test_loss": 2.7811532475210154, "train_accuracy": 0.4444444444444444, "train_loss": 2.8362734219155414, "validation_accuracy": 0.43333333333333335, "validation_loss": 2.6414108362475717}, {"batch_loss": 2.6541001388979817, "epoch": 5, "event": "epoch", "global_step": 25, "test_accuracy": 0.45, "test_loss": 2.7365654932218506, "train_accuracy": 0.45555555555555555, "train_loss": 2.7653824642584444, "validation_accuracy": 0.5, "validation_loss": 2.6081940569065876}, {"batch_loss": 2.879745770389941, "epoch": 6, "event": "epoch", "global_step": 30, "test_accuracy": 0.45, "test_loss": 2.715882204245484, "train_accuracy": 0.4666666666666667, "train_loss": 2.7209344832681857, "validation_accuracy": 0.5666666666666667, "validation_loss": 2.5943361080822824}, {"batch_loss": 3.219452622310444, "epoch": 7, "event": "epoch", "global_step": 35, "test_accuracy": 0.38333333333333336, "test_loss": 2.6846605477332606, "train_accuracy": 0.5111111111111111, "train_loss": 2.664457813235018, "validation_accuracy": 0.55, "validation_loss": 2.549161486235502}, {"batch_loss": 2.4132018434527134, "epoch": 8, "event": "epoch", "global_step": 40, "test_accuracy": 0.4666666666666667, "test_loss": 2.629121118286183, "train_accuracy": 0.5666666666666667, "train_loss": 2.5834021875432147, "validation_accuracy": 0.5833333333333334, "validation_loss": 2.505803689272151}, {"batch_loss": 2.275237052230855, "epoch": 9, "event": "epoch", "global_step": 45, "test_accuracy": 0.5666666666666667, "test_loss": 2.5721479016445135, "train_accuracy": 0.6111111111111112, "train_loss": 2.515949594864565, "validation_accuracy": 0.6166666666666667, "validation_loss": 2.468093423707167}, {"batch_loss": 2.6510791643679896, "epoch": 10, "event": "epoch", "global_step": 50, "test_accuracy": 0.5166666666666667, "test_loss": 2.5398914387868783, "train_accuracy": 0.5555555555555556, "train_loss": 2.484833651692149, "validation_accuracy": 0.55, "validation_loss": 2.4617937707335016}], "max_steps": 50, "n_params": 84, "n_params_per_block": 14, "n_qubits": 9, "n_repeats": 2, "n_uploads": 3, "operations": [["RX", [0]], ["RX", [1]], ["RX", [2]], ["RX", [3]], ["RX", [4]], ["RX", [5]], ["RX", [6]], ["RX", [7]], ["RX", [8]], ["RZ", [0]], ["RZ", [2]], ["RZ", [4]], ["RZ", [6]], ["RZ", [1]], ["RZ", [3]], ["RZ", [5]], ["RZ", [7]], ["RZ", [8]], ["RY", [0]], ["RY", [2]], ["RY", [4]], ["RY", [6]], ["RY", [1]], ["RY", [3]], ["RY", [5]], ["RY", [7]], ["RY", [8]], ["CZ", [0, 1]], ["CZ", [1, 2]], ["CZ", [2, 3]], ["CZ", [3, 4]], ["CZ", [4, 5]], ["CZ", [5, 6]], ["CZ", [6, 7]], ["CZ", [7, 0]], ["CRX", [0, 1]], ["CRX", [1, 2]], ["CRX", [2, 3]], ["CRX", [3, 4]], ["CRX", [4, 5]], ["CRX", [5, 6]], ["CRX", [6, 7]], ["CRX", [7, 0]], ["CRX", [8, 1]], ["CRX", [8, 3]], ["CRX", [8, 5]], ["CRX", [8, 7]], ["CRX", [8, 1]], ["CRX", [8, 3]], ["CRX", [8, 5]], ["CRX", [8, 7]], ["RZ", [0]], ["RZ", [2]], ["RZ", [4]], ["RZ", [6]], ["RZ", [1]], ["RZ", [3]], ["RZ", [5]], ["RZ", [7]], ["RZ", [8]], ["RZ", [0]], ["RZ", [2]], ["RZ", [4]], ["RZ", [6]], ["RZ", [1]], ["RZ", [3]], ["RZ", [5]], ["RZ", [7]], ["RZ", [8]], ["RY", [0]], ["RY", [2]], ["RY", [4]], ["RY", [6]], ["RY", [1]], ["RY", [3]], ["RY", [5]], ["RY", [7]], ["RY", [8]], ["CZ", [0, 1]], ["CZ", [1, 2]], ["CZ", [2, 3]], ["CZ", [3, 4]], ["CZ", [4, 5]], ["CZ", [5, 6]], ["CZ", [6, 7]], ["CZ", [7, 0]], ["CRX", [0, 1]], ["CRX", [1, 2]], ["CRX", [2, 3]], ["CRX", [3, 4]], ["CRX", [4, 5]], ["CRX", [5, 6]], ["CRX", [6, 7]], ["CRX", [7, 0]], ["CRX", [8, 1]], ["CRX", [8, 3]], ["CRX", [8, 5]], ["CRX", [8, 7]], ["CRX", [8, 1]], ["CRX", [8, 3]], ["CRX", [8, 5]], ["CRX", [8, 7]], ["RZ", [0]], ["RZ", [2]], ["RZ", [4]], ["RZ", [6]], ["RZ", [1]], ["RZ", [3]], ["RZ", [5]], ["RZ", [7]], ["RZ", [8]], ["RX", [0]], ["RX", [1]], ["RX", [2]], ["RX", [3]], ["RX", [4]], ["RX", [5]], ["RX", [6]], ["RX", [7]], ["RX", [8]], ["RZ", [0]], ["RZ", [2]], ["RZ", [4]], ["RZ", [6]], ["RZ", [1]], ["RZ", [3]], ["RZ", [5]], ["RZ", [7]], ["RZ", [8]], ["RY", [0]], ["RY", [2]], ["RY", [4]], ["RY", [6]], ["RY", [1]], ["RY", [3]], ["RY", [5]], ["RY", [7]], ["RY", [8]], ["CZ", [0, 1]], ["CZ", [1, 2]], ["CZ", [2, 3]], ["CZ", [3, 4]], ["CZ", [4, 5]], ["CZ", [5, 6]], ["CZ", [6, 7]], ["CZ", [7, 0]], ["CRX", [0, 1]], ["CRX", [1, 2]], ["CRX", [2, 3]], ["CRX", [3, 4]], ["CRX", [4, 5]], ["CRX", [5, 6]], ["CRX", [6, 7]], ["CRX", [7, 0]], ["CRX", [8, 1]], ["CRX", [8, 3]], ["CRX", [8, 5]], ["CRX", [8, 7]], ["CRX", [8, 1]], ["CRX", [8, 3]], ["CRX", [8, 5]], ["CRX", [8, 7]], ["RZ", [0]], ["RZ", [2]], ["RZ", [4]], ["RZ", [6]], ["RZ", [1]], ["RZ", [3]], ["RZ", [5]], ["RZ", [7]], ["RZ", [8]], ["RZ", [0]], ["RZ", [2]], ["RZ", [4]], ["RZ", [6]], ["RZ", [1]], ["RZ", [3]], ["RZ", [5]], ["RZ", [7]], ["RZ", [8]], ["RY", [0]], ["RY", [2]], ["RY", [4]], ["RY", [6]], ["RY", [1]], ["RY", [3]], ["RY", [5]], ["RY", [7]], ["RY", [8]], ["CZ", [0, 1]], ["CZ", [1, 2]], ["CZ", [2, 3]], ["CZ", [3, 4]], ["CZ", [4, 5]], ["CZ", [5, 6]], ["CZ", [6, 7]], ["CZ", [7, 0]], ["CRX", [0, 1]], ["CRX", [1, 2]], ["CRX", [2, 3]], ["CRX", [3, 4]], ["CRX", [4, 5]], ["CRX", [5, 6]], ["CRX", [6, 7]], ["CRX", [7, 0]], ["CRX", [8, 1]], ["CRX", [8, 3]], ["CRX", [8, 5]], ["CRX", [8, 7]], ["CRX", [8, 1]], ["CRX", [8, 3]], ["CRX", [8, 5]], ["CRX", [8, 7]], ["RZ", [0]], ["RZ", [2]], ["RZ", [4]], ["RZ", [6]], ["RZ", [1]], ["RZ", [3]], ["RZ", [5]], ["RZ", [7]], ["RZ", [8]], ["RX", [0]], ["RX", [1]], ["RX", [2]], ["RX", [3]], ["RX", [4]], ["RX", [5]], ["RX", [6]], ["RX", [7]], ["RX", [8]], ["RZ", [0]], ["RZ", [2]], ["RZ", [4]], ["RZ", [6]], ["RZ", [1]], ["RZ", [3]], ["RZ", [5]], ["RZ", [7]], ["RZ", [8]], ["RY", [0]], ["RY", [2]], ["RY", [4]], ["RY", [6]], ["RY", [1]], ["RY", [3]], ["RY", [5]], ["RY", [7]], ["RY", [8]], ["CZ", [0, 1]], ["CZ", [1, 2]], ["CZ", [2, 3]], ["CZ", [3, 4]], ["CZ", [4, 5]], ["CZ", [5, 6]], ["CZ", [6, 7]], ["CZ", [7, 0]], ["CRX", [0, 1]], ["CRX", [1, 2]], ["CRX", [2, 3]], ["CRX", [3, 4]], ["CRX", [4, 5]], ["CRX", [5, 6]], ["CRX", [6, 7]], ["CRX", [7, 0]], ["CRX", [8, 1]], ["CRX", [8, 3]], ["CRX", [8, 5]], ["CRX", [8, 7]], ["CRX", [8, 1]], ["CRX", [8, 3]], ["CRX", [8, 5]], ["CRX", [8, 7]], ["RZ", [0]], ["RZ", [2]], ["RZ", [4]], ["RZ", [6]], ["RZ", [1]], ["RZ", [3]], ["RZ", [5]], ["RZ", [7]], ["RZ", [8]], ["RZ", [0]], ["RZ", [2]], ["RZ", [4]], ["RZ", [6]], ["RZ", [1]], ["RZ", [3]], ["RZ", [5]], ["RZ", [7]], ["RZ", [8]], ["RY", [0]], ["RY", [2]], ["RY", [4]], ["RY", [6]], ["RY", [1]], ["RY", [3]], ["RY", [5]], ["RY", [7]], ["RY", [8]], ["CZ", [0, 1]], ["CZ", [1, 2]], ["CZ", [2, 3]], ["CZ", [3, 4]], ["CZ", [4, 5]], ["CZ", [5, 6]], ["CZ", [6, 7]], ["CZ", [7, 0]], ["CRX", [0, 1]], ["CRX", [1, 2]], ["CRX", [2, 3]], ["CRX", [3, 4]], ["CRX", [4, 5]], ["CRX", [5, 6]], ["CRX", [6, 7]], ["CRX", [7, 0]], ["CRX", [8, 1]], ["CRX", [8, 3]], ["CRX", [8, 5]], ["CRX", [8, 7]], ["CRX", [8, 1]], ["CRX", [8, 3]], ["CRX", [8, 5]], ["CRX", [8, 7]], ["RZ", [0]], ["RZ", [2]], ["RZ", [4]], ["RZ", [6]], ["RZ", [1]], ["RZ", [3]], ["RZ", [5]], ["RZ", [7]], ["RZ", [8]]], "parameter_efficiency": 0.0061507936507936515, "spec_valid": true, "test_accuracy": 0.5166666666666667, "test_loss": 2.5398914387868783, "train_accuracy": 0.5555555555555556, "train_loss": 2.484833651692149, "validation_accuracy": 0.55, "validation_loss": 2.4617937707335016}
==========Run 1/1 completed in 186.54 seconds==========
Correctness and error status saved to /home/chengyou1368/QuantumAnsatz/tic-tac-toe/results/ttt_qml_cli_20260605_124906/gen_13/results/correct.json
Metrics saved to /home/chengyou1368/QuantumAnsatz/tic-tac-toe/results/ttt_qml_cli_20260605_124906/gen_13/results/metrics.json
OK
{
  "combined_score": 0.5572190263650498,
  "public": {
    "train_accuracy_mean": 0.5556,
    "train_accuracy_std": 0.0,
    "validation_accuracy_mean": 0.55,
    "validation_accuracy_std": 0.0,
    "test_accuracy_mean": 0.5167,
    "test_accuracy_std": 0.0,
    "generalization_gap_mean": 0.0389,
    "validation_loss_mean": 2.4618,
    "test_loss_mean": 2.5399,
    "parameter_efficiency_mean": 0.006151,
    "n_params": 84,
    "depth_mean": 132.0,
    "gate_count_mean": 333.0,
    "score_uses_test": false,
    "convergence_step_mean": null
  },
  "private": {
    "per_run_scores": [
      {
        "combined_score": 0.5572190263650498,
        "primary_accuracy": 0.55,
        "gap_score": 0.888888888888889,
        "loss_score": 0.2888675831744059,
        "parameter_efficiency_score": 1.0,
        "convergence_score": 0.0
      }
    ],
    "per_run_test_accuracies": [
      0.5166666666666667
    ]
  },
  "text_feedback": "Combined score: 0.5572\nValidation accuracy mean: 0.5500\nTest accuracy mean: 0.5167\nTrain-test generalization gap mean: 0.0389\nValidation L2 loss mean: 2.4618\nParameters: 84, depth mean: 132.0, gate count mean: 333.0\nFitness uses validation metrics; test metrics are reported as holdout diagnostics.\nDid not reach convergence threshold 0.90 in these runs.",
  "execution_time_mean": 186.53980291599873,
  "execution_time_std": 0.0,
  "num_valid_runs": 1,
  "num_invalid_runs": 0,
  "all_validation_errors": []
}
