==========Running program evaluation 1/1...==========
{"batch_size": 10, "data_seed": 2027, "dataset": {"all_valid_unique_boards": {"class_counts": {"circle": 316, "cross": 626, "draw": 4536}, "total": 5478}, "overlap_train_test": 2, "overlap_train_validation": 1, "overlap_validation_test": 3, "test": {"class_counts": {"circle": 20, "cross": 20, "draw": 20}, "rows": 60, "unique_boards": 59}, "train": {"class_counts": {"circle": 30, "cross": 30, "draw": 30}, "rows": 90, "unique_boards": 87}, "validation": {"class_counts": {"circle": 20, "cross": 20, "draw": 20}, "rows": 60, "unique_boards": 60}}, "event": "start", "learning_rate": 0.03, "n_epochs": 10, "n_params": 66, "n_params_per_block": 11, "n_repeats": 2, "n_uploads": 3, "seed": 1000, "steps_per_epoch": 5}
{"batch_loss": 5.446492293618374, "epoch": 1, "event": "epoch", "global_step": 5, "test_accuracy": 0.3333333333333333, "test_loss": 5.026222967418452, "train_accuracy": 0.35555555555555557, "train_loss": 4.894706239831662, "validation_accuracy": 0.35, "validation_loss": 4.824344548827934}
{"batch_loss": 2.93932524602974, "epoch": 2, "event": "epoch", "global_step": 10, "test_accuracy": 0.4166666666666667, "test_loss": 3.305916767891159, "train_accuracy": 0.32222222222222224, "train_loss": 3.394158299293196, "validation_accuracy": 0.43333333333333335, "validation_loss": 3.1155891661309503}
{"batch_loss": 2.633505937966407, "epoch": 3, "event": "epoch", "global_step": 15, "test_accuracy": 0.4666666666666667, "test_loss": 2.8540868201861316, "train_accuracy": 0.4222222222222222, "train_loss": 2.928603850935635, "validation_accuracy": 0.45, "validation_loss": 2.762873029787349}
{"batch_loss": 3.177586207248803, "epoch": 4, "event": "epoch", "global_step": 20, "test_accuracy": 0.48333333333333334, "test_loss": 2.790552765085067, "train_accuracy": 0.5111111111111111, "train_loss": 2.766673838683348, "validation_accuracy": 0.43333333333333335, "validation_loss": 2.7109497586452718}
{"batch_loss": 2.9709821206379443, "epoch": 5, "event": "epoch", "global_step": 25, "test_accuracy": 0.38333333333333336, "test_loss": 2.7151275669378854, "train_accuracy": 0.5222222222222223, "train_loss": 2.5748549553234414, "validation_accuracy": 0.4666666666666667, "validation_loss": 2.5671928054781}
{"batch_loss": 2.4143937731181153, "epoch": 6, "event": "epoch", "global_step": 30, "test_accuracy": 0.5, "test_loss": 2.683572522092912, "train_accuracy": 0.5444444444444444, "train_loss": 2.4985270519101745, "validation_accuracy": 0.5666666666666667, "validation_loss": 2.492550770490196}
{"batch_loss": 2.2196651779583254, "epoch": 7, "event": "epoch", "global_step": 35, "test_accuracy": 0.5166666666666667, "test_loss": 2.664115864025499, "train_accuracy": 0.5666666666666667, "train_loss": 2.4708781882968305, "validation_accuracy": 0.65, "validation_loss": 2.4500012840317846}
{"batch_loss": 2.416103974792037, "epoch": 8, "event": "epoch", "global_step": 40, "test_accuracy": 0.5, "test_loss": 2.6076290667035544, "train_accuracy": 0.6, "train_loss": 2.375855512676433, "validation_accuracy": 0.6166666666666667, "validation_loss": 2.367776624253238}
{"batch_loss": 2.0264061255923194, "epoch": 9, "event": "epoch", "global_step": 45, "test_accuracy": 0.5333333333333333, "test_loss": 2.592562266412546, "train_accuracy": 0.6111111111111112, "train_loss": 2.344564404198801, "validation_accuracy": 0.6, "validation_loss": 2.327133127267571}
{"batch_loss": 1.8946867923709199, "epoch": 10, "event": "epoch", "global_step": 50, "test_accuracy": 0.5, "test_loss": 2.5553590946359614, "train_accuracy": 0.5666666666666667, "train_loss": 2.3159843642723654, "validation_accuracy": 0.65, "validation_loss": 2.3077600600869954}
{"convergence_epoch": null, "convergence_step": null, "convergence_threshold": 0.9, "depth": 70, "event": "final", "gate_count": 261, "generalization_gap": 0.06666666666666665, "history_tail": [{"batch_loss": 5.446492293618374, "epoch": 1, "event": "epoch", "global_step": 5, "test_accuracy": 0.3333333333333333, "test_loss": 5.026222967418452, "train_accuracy": 0.35555555555555557, "train_loss": 4.894706239831662, "validation_accuracy": 0.35, "validation_loss": 4.824344548827934}, {"batch_loss": 2.93932524602974, "epoch": 2, "event": "epoch", "global_step": 10, "test_accuracy": 0.4166666666666667, "test_loss": 3.305916767891159, "train_accuracy": 0.32222222222222224, "train_loss": 3.394158299293196, "validation_accuracy": 0.43333333333333335, "validation_loss": 3.1155891661309503}, {"batch_loss": 2.633505937966407, "epoch": 3, "event": "epoch", "global_step": 15, "test_accuracy": 0.4666666666666667, "test_loss": 2.8540868201861316, "train_accuracy": 0.4222222222222222, "train_loss": 2.928603850935635, "validation_accuracy": 0.45, "validation_loss": 2.762873029787349}, {"batch_loss": 3.177586207248803, "epoch": 4, "event": "epoch", "global_step": 20, "test_accuracy": 0.48333333333333334, "test_loss": 2.790552765085067, "train_accuracy": 0.5111111111111111, "train_loss": 2.766673838683348, "validation_accuracy": 0.43333333333333335, "validation_loss": 2.7109497586452718}, {"batch_loss": 2.9709821206379443, "epoch": 5, "event": "epoch", "global_step": 25, "test_accuracy": 0.38333333333333336, "test_loss": 2.7151275669378854, "train_accuracy": 0.5222222222222223, "train_loss": 2.5748549553234414, "validation_accuracy": 0.4666666666666667, "validation_loss": 2.5671928054781}, {"batch_loss": 2.4143937731181153, "epoch": 6, "event": "epoch", "global_step": 30, "test_accuracy": 0.5, "test_loss": 2.683572522092912, "train_accuracy": 0.5444444444444444, "train_loss": 2.4985270519101745, "validation_accuracy": 0.5666666666666667, "validation_loss": 2.492550770490196}, {"batch_loss": 2.2196651779583254, "epoch": 7, "event": "epoch", "global_step": 35, "test_accuracy": 0.5166666666666667, "test_loss": 2.664115864025499, "train_accuracy": 0.5666666666666667, "train_loss": 2.4708781882968305, "validation_accuracy": 0.65, "validation_loss": 2.4500012840317846}, {"batch_loss": 2.416103974792037, "epoch": 8, "event": "epoch", "global_step": 40, "test_accuracy": 0.5, "test_loss": 2.6076290667035544, "train_accuracy": 0.6, "train_loss": 2.375855512676433, "validation_accuracy": 0.6166666666666667, "validation_loss": 2.367776624253238}, {"batch_loss": 2.0264061255923194, "epoch": 9, "event": "epoch", "global_step": 45, "test_accuracy": 0.5333333333333333, "test_loss": 2.592562266412546, "train_accuracy": 0.6111111111111112, "train_loss": 2.344564404198801, "validation_accuracy": 0.6, "validation_loss": 2.327133127267571}, {"batch_loss": 1.8946867923709199, "epoch": 10, "event": "epoch", "global_step": 50, "test_accuracy": 0.5, "test_loss": 2.5553590946359614, "train_accuracy": 0.5666666666666667, "train_loss": 2.3159843642723654, "validation_accuracy": 0.65, "validation_loss": 2.3077600600869954}], "max_steps": 50, "n_params": 66, "n_params_per_block": 11, "n_qubits": 9, "n_repeats": 2, "n_uploads": 3, "operations": [["RX", [0]], ["RX", [1]], ["RX", [2]], ["RX", [3]], ["RX", [4]], ["RX", [5]], ["RX", [6]], ["RX", [7]], ["RX", [8]], ["RZ", [0]], ["RZ", [2]], ["RZ", [4]], ["RZ", [6]], ["RZ", [1]], ["RZ", [3]], ["RZ", [5]], ["RZ", [7]], ["RZ", [8]], ["RY", [0]], ["RY", [2]], ["RY", [4]], ["RY", [6]], ["RY", [1]], ["RY", [3]], ["RY", [5]], ["RY", [7]], ["RY", [8]], ["CRX", [0, 1]], ["CRX", [1, 2]], ["CRX", [2, 3]], ["CRX", [3, 4]], ["CRX", [4, 5]], ["CRX", [5, 6]], ["CRX", [6, 7]], ["CRX", [7, 0]], ["CRY", [8, 1]], ["CRY", [8, 3]], ["CRY", [8, 5]], ["CRY", [8, 7]], ["RZ", [0]], ["RZ", [2]], ["RZ", [4]], ["RZ", [6]], ["RZ", [1]], ["RZ", [3]], ["RZ", [5]], ["RZ", [7]], ["RZ", [8]], ["RZ", [0]], ["RZ", [2]], ["RZ", [4]], ["RZ", [6]], ["RZ", [1]], ["RZ", [3]], ["RZ", [5]], ["RZ", [7]], ["RZ", [8]], ["RY", [0]], ["RY", [2]], ["RY", [4]], ["RY", [6]], ["RY", [1]], ["RY", [3]], ["RY", [5]], ["RY", [7]], ["RY", [8]], ["CRX", [0, 1]], ["CRX", [1, 2]], ["CRX", [2, 3]], ["CRX", [3, 4]], ["CRX", [4, 5]], ["CRX", [5, 6]], ["CRX", [6, 7]], ["CRX", [7, 0]], ["CRY", [8, 1]], ["CRY", [8, 3]], ["CRY", [8, 5]], ["CRY", [8, 7]], ["RZ", [0]], ["RZ", [2]], ["RZ", [4]], ["RZ", [6]], ["RZ", [1]], ["RZ", [3]], ["RZ", [5]], ["RZ", [7]], ["RZ", [8]], ["RX", [0]], ["RX", [1]], ["RX", [2]], ["RX", [3]], ["RX", [4]], ["RX", [5]], ["RX", [6]], ["RX", [7]], ["RX", [8]], ["RZ", [0]], ["RZ", [2]], ["RZ", [4]], ["RZ", [6]], ["RZ", [1]], ["RZ", [3]], ["RZ", [5]], ["RZ", [7]], ["RZ", [8]], ["RY", [0]], ["RY", [2]], ["RY", [4]], ["RY", [6]], ["RY", [1]], ["RY", [3]], ["RY", [5]], ["RY", [7]], ["RY", [8]], ["CRX", [0, 1]], ["CRX", [1, 2]], ["CRX", [2, 3]], ["CRX", [3, 4]], ["CRX", [4, 5]], ["CRX", [5, 6]], ["CRX", [6, 7]], ["CRX", [7, 0]], ["CRY", [8, 1]], ["CRY", [8, 3]], ["CRY", [8, 5]], ["CRY", [8, 7]], ["RZ", [0]], ["RZ", [2]], ["RZ", [4]], ["RZ", [6]], ["RZ", [1]], ["RZ", [3]], ["RZ", [5]], ["RZ", [7]], ["RZ", [8]], ["RZ", [0]], ["RZ", [2]], ["RZ", [4]], ["RZ", [6]], ["RZ", [1]], ["RZ", [3]], ["RZ", [5]], ["RZ", [7]], ["RZ", [8]], ["RY", [0]], ["RY", [2]], ["RY", [4]], ["RY", [6]], ["RY", [1]], ["RY", [3]], ["RY", [5]], ["RY", [7]], ["RY", [8]], ["CRX", [0, 1]], ["CRX", [1, 2]], ["CRX", [2, 3]], ["CRX", [3, 4]], ["CRX", [4, 5]], ["CRX", [5, 6]], ["CRX", [6, 7]], ["CRX", [7, 0]], ["CRY", [8, 1]], ["CRY", [8, 3]], ["CRY", [8, 5]], ["CRY", [8, 7]], ["RZ", [0]], ["RZ", [2]], ["RZ", [4]], ["RZ", [6]], ["RZ", [1]], ["RZ", [3]], ["RZ", [5]], ["RZ", [7]], ["RZ", [8]], ["RX", [0]], ["RX", [1]], ["RX", [2]], ["RX", [3]], ["RX", [4]], ["RX", [5]], ["RX", [6]], ["RX", [7]], ["RX", [8]], ["RZ", [0]], ["RZ", [2]], ["RZ", [4]], ["RZ", [6]], ["RZ", [1]], ["RZ", [3]], ["RZ", [5]], ["RZ", [7]], ["RZ", [8]], ["RY", [0]], ["RY", [2]], ["RY", [4]], ["RY", [6]], ["RY", [1]], ["RY", [3]], ["RY", [5]], ["RY", [7]], ["RY", [8]], ["CRX", [0, 1]], ["CRX", [1, 2]], ["CRX", [2, 3]], ["CRX", [3, 4]], ["CRX", [4, 5]], ["CRX", [5, 6]], ["CRX", [6, 7]], ["CRX", [7, 0]], ["CRY", [8, 1]], ["CRY", [8, 3]], ["CRY", [8, 5]], ["CRY", [8, 7]], ["RZ", [0]], ["RZ", [2]], ["RZ", [4]], ["RZ", [6]], ["RZ", [1]], ["RZ", [3]], ["RZ", [5]], ["RZ", [7]], ["RZ", [8]], ["RZ", [0]], ["RZ", [2]], ["RZ", [4]], ["RZ", [6]], ["RZ", [1]], ["RZ", [3]], ["RZ", [5]], ["RZ", [7]], ["RZ", [8]], ["RY", [0]], ["RY", [2]], ["RY", [4]], ["RY", [6]], ["RY", [1]], ["RY", [3]], ["RY", [5]], ["RY", [7]], ["RY", [8]], ["CRX", [0, 1]], ["CRX", [1, 2]], ["CRX", [2, 3]], ["CRX", [3, 4]], ["CRX", [4, 5]], ["CRX", [5, 6]], ["CRX", [6, 7]], ["CRX", [7, 0]], ["CRY", [8, 1]], ["CRY", [8, 3]], ["CRY", [8, 5]], ["CRY", [8, 7]], ["RZ", [0]], ["RZ", [2]], ["RZ", [4]], ["RZ", [6]], ["RZ", [1]], ["RZ", [3]], ["RZ", [5]], ["RZ", [7]], ["RZ", [8]]], "parameter_efficiency": 0.007575757575757576, "spec_valid": true, "test_accuracy": 0.5, "test_loss": 2.5553590946359614, "train_accuracy": 0.5666666666666667, "train_loss": 2.3159843642723654, "validation_accuracy": 0.65, "validation_loss": 2.3077600600869954}
==========Run 1/1 completed in 152.53 seconds==========
Correctness and error status saved to /home/chengyou1368/QuantumAnsatz/tic-tac-toe/results/ttt_qml_cli_20260605_124906/gen_10/results/correct.json
Metrics saved to /home/chengyou1368/QuantumAnsatz/tic-tac-toe/results/ttt_qml_cli_20260605_124906/gen_10/results/metrics.json
OK
{
  "combined_score": 0.5984431464305408,
  "public": {
    "train_accuracy_mean": 0.5667,
    "train_accuracy_std": 0.0,
    "validation_accuracy_mean": 0.65,
    "validation_accuracy_std": 0.0,
    "test_accuracy_mean": 0.5,
    "test_accuracy_std": 0.0,
    "generalization_gap_mean": 0.0667,
    "validation_loss_mean": 2.3078,
    "test_loss_mean": 2.5554,
    "parameter_efficiency_mean": 0.007576,
    "n_params": 66,
    "depth_mean": 70.0,
    "gate_count_mean": 261.0,
    "score_uses_test": false,
    "convergence_step_mean": null
  },
  "private": {
    "per_run_scores": [
      {
        "combined_score": 0.5984431464305408,
        "primary_accuracy": 0.65,
        "gap_score": 0.8095238095238095,
        "loss_score": 0.30231938890201715,
        "parameter_efficiency_score": 1.0,
        "convergence_score": 0.0
      }
    ],
    "per_run_test_accuracies": [
      0.5
    ]
  },
  "text_feedback": "Combined score: 0.5984\nValidation accuracy mean: 0.6500\nTest accuracy mean: 0.5000\nTrain-test generalization gap mean: 0.0667\nValidation L2 loss mean: 2.3078\nParameters: 66, depth mean: 70.0, gate count mean: 261.0\nFitness uses validation metrics; test metrics are reported as holdout diagnostics.\nDid not reach convergence threshold 0.90 in these runs.",
  "execution_time_mean": 152.52514282000084,
  "execution_time_std": 0.0,
  "num_valid_runs": 1,
  "num_invalid_runs": 0,
  "all_validation_errors": []
}
