==========Running program evaluation 1/1...==========
{"batch_size": 10, "data_seed": 2027, "dataset": {"all_valid_unique_boards": {"class_counts": {"circle": 316, "cross": 626, "draw": 4536}, "total": 5478}, "overlap_train_test": 2, "overlap_train_validation": 1, "overlap_validation_test": 3, "test": {"class_counts": {"circle": 20, "cross": 20, "draw": 20}, "rows": 60, "unique_boards": 59}, "train": {"class_counts": {"circle": 30, "cross": 30, "draw": 30}, "rows": 90, "unique_boards": 87}, "validation": {"class_counts": {"circle": 20, "cross": 20, "draw": 20}, "rows": 60, "unique_boards": 60}}, "event": "start", "learning_rate": 0.03, "n_epochs": 10, "n_params": 66, "n_params_per_block": 11, "n_repeats": 2, "n_uploads": 3, "seed": 1000, "steps_per_epoch": 5}
{"batch_loss": 5.6750020194355475, "epoch": 1, "event": "epoch", "global_step": 5, "test_accuracy": 0.38333333333333336, "test_loss": 5.420411464023828, "train_accuracy": 0.3888888888888889, "train_loss": 5.141825945919414, "validation_accuracy": 0.38333333333333336, "validation_loss": 5.242212602936129}
{"batch_loss": 3.219183361891873, "epoch": 2, "event": "epoch", "global_step": 10, "test_accuracy": 0.35, "test_loss": 3.4410500037040053, "train_accuracy": 0.35555555555555557, "train_loss": 3.4428695509572056, "validation_accuracy": 0.35, "validation_loss": 3.409987723902364}
{"batch_loss": 3.2385355908750215, "epoch": 3, "event": "epoch", "global_step": 15, "test_accuracy": 0.4166666666666667, "test_loss": 2.9959242068764333, "train_accuracy": 0.3888888888888889, "train_loss": 3.050435865975339, "validation_accuracy": 0.43333333333333335, "validation_loss": 2.890550955629281}
{"batch_loss": 3.479966753339396, "epoch": 4, "event": "epoch", "global_step": 20, "test_accuracy": 0.4, "test_loss": 2.9152945109528896, "train_accuracy": 0.4111111111111111, "train_loss": 2.9024912300145673, "validation_accuracy": 0.4166666666666667, "validation_loss": 2.791657829934498}
{"batch_loss": 3.095179245623498, "epoch": 5, "event": "epoch", "global_step": 25, "test_accuracy": 0.38333333333333336, "test_loss": 2.83615576483795, "train_accuracy": 0.36666666666666664, "train_loss": 2.7951044835598706, "validation_accuracy": 0.36666666666666664, "validation_loss": 2.758745004788433}
{"batch_loss": 2.467283444642831, "epoch": 6, "event": "epoch", "global_step": 30, "test_accuracy": 0.3, "test_loss": 2.776461459482208, "train_accuracy": 0.4111111111111111, "train_loss": 2.694208889360632, "validation_accuracy": 0.4, "validation_loss": 2.7183137803461235}
{"batch_loss": 2.5491150725971847, "epoch": 7, "event": "epoch", "global_step": 35, "test_accuracy": 0.3, "test_loss": 2.720549515483016, "train_accuracy": 0.4777777777777778, "train_loss": 2.6105337624348053, "validation_accuracy": 0.45, "validation_loss": 2.6393393539898886}
{"batch_loss": 2.590413862302939, "epoch": 8, "event": "epoch", "global_step": 40, "test_accuracy": 0.45, "test_loss": 2.615072302723675, "train_accuracy": 0.4666666666666667, "train_loss": 2.5089856880363817, "validation_accuracy": 0.5166666666666667, "validation_loss": 2.4981339874725603}
{"batch_loss": 2.1605885180285678, "epoch": 9, "event": "epoch", "global_step": 45, "test_accuracy": 0.48333333333333334, "test_loss": 2.567011012763859, "train_accuracy": 0.5111111111111111, "train_loss": 2.471617501182837, "validation_accuracy": 0.55, "validation_loss": 2.4188506229823585}
{"batch_loss": 1.9967913126114738, "epoch": 10, "event": "epoch", "global_step": 50, "test_accuracy": 0.4666666666666667, "test_loss": 2.55648438394922, "train_accuracy": 0.4888888888888889, "train_loss": 2.45023233687643, "validation_accuracy": 0.5333333333333333, "validation_loss": 2.400962759417224}
{"convergence_epoch": null, "convergence_step": null, "convergence_threshold": 0.9, "depth": 70, "event": "final", "gate_count": 261, "generalization_gap": 0.0222222222222222, "history_tail": [{"batch_loss": 5.6750020194355475, "epoch": 1, "event": "epoch", "global_step": 5, "test_accuracy": 0.38333333333333336, "test_loss": 5.420411464023828, "train_accuracy": 0.3888888888888889, "train_loss": 5.141825945919414, "validation_accuracy": 0.38333333333333336, "validation_loss": 5.242212602936129}, {"batch_loss": 3.219183361891873, "epoch": 2, "event": "epoch", "global_step": 10, "test_accuracy": 0.35, "test_loss": 3.4410500037040053, "train_accuracy": 0.35555555555555557, "train_loss": 3.4428695509572056, "validation_accuracy": 0.35, "validation_loss": 3.409987723902364}, {"batch_loss": 3.2385355908750215, "epoch": 3, "event": "epoch", "global_step": 15, "test_accuracy": 0.4166666666666667, "test_loss": 2.9959242068764333, "train_accuracy": 0.3888888888888889, "train_loss": 3.050435865975339, "validation_accuracy": 0.43333333333333335, "validation_loss": 2.890550955629281}, {"batch_loss": 3.479966753339396, "epoch": 4, "event": "epoch", "global_step": 20, "test_accuracy": 0.4, "test_loss": 2.9152945109528896, "train_accuracy": 0.4111111111111111, "train_loss": 2.9024912300145673, "validation_accuracy": 0.4166666666666667, "validation_loss": 2.791657829934498}, {"batch_loss": 3.095179245623498, "epoch": 5, "event": "epoch", "global_step": 25, "test_accuracy": 0.38333333333333336, "test_loss": 2.83615576483795, "train_accuracy": 0.36666666666666664, "train_loss": 2.7951044835598706, "validation_accuracy": 0.36666666666666664, "validation_loss": 2.758745004788433}, {"batch_loss": 2.467283444642831, "epoch": 6, "event": "epoch", "global_step": 30, "test_accuracy": 0.3, "test_loss": 2.776461459482208, "train_accuracy": 0.4111111111111111, "train_loss": 2.694208889360632, "validation_accuracy": 0.4, "validation_loss": 2.7183137803461235}, {"batch_loss": 2.5491150725971847, "epoch": 7, "event": "epoch", "global_step": 35, "test_accuracy": 0.3, "test_loss": 2.720549515483016, "train_accuracy": 0.4777777777777778, "train_loss": 2.6105337624348053, "validation_accuracy": 0.45, "validation_loss": 2.6393393539898886}, {"batch_loss": 2.590413862302939, "epoch": 8, "event": "epoch", "global_step": 40, "test_accuracy": 0.45, "test_loss": 2.615072302723675, "train_accuracy": 0.4666666666666667, "train_loss": 2.5089856880363817, "validation_accuracy": 0.5166666666666667, "validation_loss": 2.4981339874725603}, {"batch_loss": 2.1605885180285678, "epoch": 9, "event": "epoch", "global_step": 45, "test_accuracy": 0.48333333333333334, "test_loss": 2.567011012763859, "train_accuracy": 0.5111111111111111, "train_loss": 2.471617501182837, "validation_accuracy": 0.55, "validation_loss": 2.4188506229823585}, {"batch_loss": 1.9967913126114738, "epoch": 10, "event": "epoch", "global_step": 50, "test_accuracy": 0.4666666666666667, "test_loss": 2.55648438394922, "train_accuracy": 0.4888888888888889, "train_loss": 2.45023233687643, "validation_accuracy": 0.5333333333333333, "validation_loss": 2.400962759417224}], "max_steps": 50, "n_params": 66, "n_params_per_block": 11, "n_qubits": 9, "n_repeats": 2, "n_uploads": 3, "operations": [["RX", [0]], ["RX", [1]], ["RX", [2]], ["RX", [3]], ["RX", [4]], ["RX", [5]], ["RX", [6]], ["RX", [7]], ["RX", [8]], ["RZ", [0]], ["RZ", [2]], ["RZ", [4]], ["RZ", [6]], ["RZ", [1]], ["RZ", [3]], ["RZ", [5]], ["RZ", [7]], ["RZ", [8]], ["RY", [0]], ["RY", [2]], ["RY", [4]], ["RY", [6]], ["RY", [1]], ["RY", [3]], ["RY", [5]], ["RY", [7]], ["RY", [8]], ["CZ", [0, 1]], ["CZ", [1, 2]], ["CZ", [2, 3]], ["CZ", [3, 4]], ["CZ", [4, 5]], ["CZ", [5, 6]], ["CZ", [6, 7]], ["CZ", [7, 0]], ["CRZ", [8, 1]], ["CRZ", [8, 5]], ["CRX", [8, 3]], ["CRX", [8, 7]], ["RZ", [0]], ["RZ", [2]], ["RZ", [4]], ["RZ", [6]], ["RZ", [1]], ["RZ", [3]], ["RZ", [5]], ["RZ", [7]], ["RZ", [8]], ["RZ", [0]], ["RZ", [2]], ["RZ", [4]], ["RZ", [6]], ["RZ", [1]], ["RZ", [3]], ["RZ", [5]], ["RZ", [7]], ["RZ", [8]], ["RY", [0]], ["RY", [2]], ["RY", [4]], ["RY", [6]], ["RY", [1]], ["RY", [3]], ["RY", [5]], ["RY", [7]], ["RY", [8]], ["CZ", [0, 1]], ["CZ", [1, 2]], ["CZ", [2, 3]], ["CZ", [3, 4]], ["CZ", [4, 5]], ["CZ", [5, 6]], ["CZ", [6, 7]], ["CZ", [7, 0]], ["CRZ", [8, 1]], ["CRZ", [8, 5]], ["CRX", [8, 3]], ["CRX", [8, 7]], ["RZ", [0]], ["RZ", [2]], ["RZ", [4]], ["RZ", [6]], ["RZ", [1]], ["RZ", [3]], ["RZ", [5]], ["RZ", [7]], ["RZ", [8]], ["RX", [0]], ["RX", [1]], ["RX", [2]], ["RX", [3]], ["RX", [4]], ["RX", [5]], ["RX", [6]], ["RX", [7]], ["RX", [8]], ["RZ", [0]], ["RZ", [2]], ["RZ", [4]], ["RZ", [6]], ["RZ", [1]], ["RZ", [3]], ["RZ", [5]], ["RZ", [7]], ["RZ", [8]], ["RY", [0]], ["RY", [2]], ["RY", [4]], ["RY", [6]], ["RY", [1]], ["RY", [3]], ["RY", [5]], ["RY", [7]], ["RY", [8]], ["CZ", [0, 1]], ["CZ", [1, 2]], ["CZ", [2, 3]], ["CZ", [3, 4]], ["CZ", [4, 5]], ["CZ", [5, 6]], ["CZ", [6, 7]], ["CZ", [7, 0]], ["CRZ", [8, 1]], ["CRZ", [8, 5]], ["CRX", [8, 3]], ["CRX", [8, 7]], ["RZ", [0]], ["RZ", [2]], ["RZ", [4]], ["RZ", [6]], ["RZ", [1]], ["RZ", [3]], ["RZ", [5]], ["RZ", [7]], ["RZ", [8]], ["RZ", [0]], ["RZ", [2]], ["RZ", [4]], ["RZ", [6]], ["RZ", [1]], ["RZ", [3]], ["RZ", [5]], ["RZ", [7]], ["RZ", [8]], ["RY", [0]], ["RY", [2]], ["RY", [4]], ["RY", [6]], ["RY", [1]], ["RY", [3]], ["RY", [5]], ["RY", [7]], ["RY", [8]], ["CZ", [0, 1]], ["CZ", [1, 2]], ["CZ", [2, 3]], ["CZ", [3, 4]], ["CZ", [4, 5]], ["CZ", [5, 6]], ["CZ", [6, 7]], ["CZ", [7, 0]], ["CRZ", [8, 1]], ["CRZ", [8, 5]], ["CRX", [8, 3]], ["CRX", [8, 7]], ["RZ", [0]], ["RZ", [2]], ["RZ", [4]], ["RZ", [6]], ["RZ", [1]], ["RZ", [3]], ["RZ", [5]], ["RZ", [7]], ["RZ", [8]], ["RX", [0]], ["RX", [1]], ["RX", [2]], ["RX", [3]], ["RX", [4]], ["RX", [5]], ["RX", [6]], ["RX", [7]], ["RX", [8]], ["RZ", [0]], ["RZ", [2]], ["RZ", [4]], ["RZ", [6]], ["RZ", [1]], ["RZ", [3]], ["RZ", [5]], ["RZ", [7]], ["RZ", [8]], ["RY", [0]], ["RY", [2]], ["RY", [4]], ["RY", [6]], ["RY", [1]], ["RY", [3]], ["RY", [5]], ["RY", [7]], ["RY", [8]], ["CZ", [0, 1]], ["CZ", [1, 2]], ["CZ", [2, 3]], ["CZ", [3, 4]], ["CZ", [4, 5]], ["CZ", [5, 6]], ["CZ", [6, 7]], ["CZ", [7, 0]], ["CRZ", [8, 1]], ["CRZ", [8, 5]], ["CRX", [8, 3]], ["CRX", [8, 7]], ["RZ", [0]], ["RZ", [2]], ["RZ", [4]], ["RZ", [6]], ["RZ", [1]], ["RZ", [3]], ["RZ", [5]], ["RZ", [7]], ["RZ", [8]], ["RZ", [0]], ["RZ", [2]], ["RZ", [4]], ["RZ", [6]], ["RZ", [1]], ["RZ", [3]], ["RZ", [5]], ["RZ", [7]], ["RZ", [8]], ["RY", [0]], ["RY", [2]], ["RY", [4]], ["RY", [6]], ["RY", [1]], ["RY", [3]], ["RY", [5]], ["RY", [7]], ["RY", [8]], ["CZ", [0, 1]], ["CZ", [1, 2]], ["CZ", [2, 3]], ["CZ", [3, 4]], ["CZ", [4, 5]], ["CZ", [5, 6]], ["CZ", [6, 7]], ["CZ", [7, 0]], ["CRZ", [8, 1]], ["CRZ", [8, 5]], ["CRX", [8, 3]], ["CRX", [8, 7]], ["RZ", [0]], ["RZ", [2]], ["RZ", [4]], ["RZ", [6]], ["RZ", [1]], ["RZ", [3]], ["RZ", [5]], ["RZ", [7]], ["RZ", [8]]], "parameter_efficiency": 0.007070707070707071, "spec_valid": true, "test_accuracy": 0.4666666666666667, "test_loss": 2.55648438394922, "train_accuracy": 0.4888888888888889, "train_loss": 2.45023233687643, "validation_accuracy": 0.5333333333333333, "validation_loss": 2.400962759417224}
==========Run 1/1 completed in 140.27 seconds==========
Correctness and error status saved to /home/chengyou1368/QuantumAnsatz/tic-tac-toe/results/ttt_qml_cli_20260605_124906/gen_15/results/correct.json
Metrics saved to /home/chengyou1368/QuantumAnsatz/tic-tac-toe/results/ttt_qml_cli_20260605_124906/gen_15/results/metrics.json
OK
{
  "combined_score": 0.5501369040740245,
  "public": {
    "train_accuracy_mean": 0.4889,
    "train_accuracy_std": 0.0,
    "validation_accuracy_mean": 0.5333,
    "validation_accuracy_std": 0.0,
    "test_accuracy_mean": 0.4667,
    "test_accuracy_std": 0.0,
    "generalization_gap_mean": 0.0222,
    "validation_loss_mean": 2.401,
    "test_loss_mean": 2.5565,
    "parameter_efficiency_mean": 0.007071,
    "n_params": 66,
    "depth_mean": 70.0,
    "gate_count_mean": 261.0,
    "score_uses_test": false,
    "convergence_step_mean": null
  },
  "private": {
    "per_run_scores": [
      {
        "combined_score": 0.5501369040740245,
        "primary_accuracy": 0.5333333333333333,
        "gap_score": 0.9365079365079365,
        "loss_score": 0.29403438694852285,
        "parameter_efficiency_score": 1.0,
        "convergence_score": 0.0
      }
    ],
    "per_run_test_accuracies": [
      0.4666666666666667
    ]
  },
  "text_feedback": "Combined score: 0.5501\nValidation accuracy mean: 0.5333\nTest accuracy mean: 0.4667\nTrain-test generalization gap mean: 0.0222\nValidation L2 loss mean: 2.4010\nParameters: 66, depth mean: 70.0, gate count mean: 261.0\nFitness uses validation metrics; test metrics are reported as holdout diagnostics.\nAccuracy is still low; explore more expressive local entanglement or rotation diversity.\nDid not reach convergence threshold 0.90 in these runs.",
  "execution_time_mean": 140.27366801699827,
  "execution_time_std": 0.0,
  "num_valid_runs": 1,
  "num_invalid_runs": 0,
  "all_validation_errors": []
}
