==========Running program evaluation 1/1...==========
{"batch_size": 10, "data_seed": 2027, "dataset": {"all_valid_unique_boards": {"class_counts": {"circle": 316, "cross": 626, "draw": 4536}, "total": 5478}, "overlap_train_test": 2, "overlap_train_validation": 1, "overlap_validation_test": 3, "test": {"class_counts": {"circle": 20, "cross": 20, "draw": 20}, "rows": 60, "unique_boards": 59}, "train": {"class_counts": {"circle": 30, "cross": 30, "draw": 30}, "rows": 90, "unique_boards": 87}, "validation": {"class_counts": {"circle": 20, "cross": 20, "draw": 20}, "rows": 60, "unique_boards": 60}}, "event": "start", "learning_rate": 0.03, "n_epochs": 10, "n_params": 90, "n_params_per_block": 15, "n_repeats": 2, "n_uploads": 3, "seed": 1000, "steps_per_epoch": 5}
{"batch_loss": 6.2123717041726465, "epoch": 1, "event": "epoch", "global_step": 5, "test_accuracy": 0.3333333333333333, "test_loss": 5.1803434804504445, "train_accuracy": 0.35555555555555557, "train_loss": 5.298419281855501, "validation_accuracy": 0.35, "validation_loss": 5.243230201509607}
{"batch_loss": 4.4814299198620855, "epoch": 2, "event": "epoch", "global_step": 10, "test_accuracy": 0.35, "test_loss": 3.4378712086446996, "train_accuracy": 0.35555555555555557, "train_loss": 3.4364028734871517, "validation_accuracy": 0.26666666666666666, "validation_loss": 3.5049239000344365}
{"batch_loss": 3.56001635676519, "epoch": 3, "event": "epoch", "global_step": 15, "test_accuracy": 0.45, "test_loss": 2.996060241283778, "train_accuracy": 0.43333333333333335, "train_loss": 2.9789707763950615, "validation_accuracy": 0.31666666666666665, "validation_loss": 2.9078962852609105}
{"batch_loss": 1.7185420141568906, "epoch": 4, "event": "epoch", "global_step": 20, "test_accuracy": 0.45, "test_loss": 2.821115651340516, "train_accuracy": 0.4666666666666667, "train_loss": 2.770842191293753, "validation_accuracy": 0.43333333333333335, "validation_loss": 2.647873568925456}
{"batch_loss": 2.6810881046629462, "epoch": 5, "event": "epoch", "global_step": 25, "test_accuracy": 0.4666666666666667, "test_loss": 2.779880663970784, "train_accuracy": 0.4444444444444444, "train_loss": 2.7218756206573187, "validation_accuracy": 0.4666666666666667, "validation_loss": 2.5984785326008053}
{"batch_loss": 1.7582529479254525, "epoch": 6, "event": "epoch", "global_step": 30, "test_accuracy": 0.43333333333333335, "test_loss": 2.744337658876185, "train_accuracy": 0.4444444444444444, "train_loss": 2.687097561202413, "validation_accuracy": 0.4166666666666667, "validation_loss": 2.5866427017170435}
{"batch_loss": 2.2366015570583864, "epoch": 7, "event": "epoch", "global_step": 35, "test_accuracy": 0.5166666666666667, "test_loss": 2.685399376868479, "train_accuracy": 0.4444444444444444, "train_loss": 2.6251919640054746, "validation_accuracy": 0.48333333333333334, "validation_loss": 2.557378768298231}
{"batch_loss": 2.29434581500929, "epoch": 8, "event": "epoch", "global_step": 40, "test_accuracy": 0.45, "test_loss": 2.6287985706946824, "train_accuracy": 0.4444444444444444, "train_loss": 2.5582784500271716, "validation_accuracy": 0.43333333333333335, "validation_loss": 2.5321444684295433}
{"batch_loss": 2.7058337577673526, "epoch": 9, "event": "epoch", "global_step": 45, "test_accuracy": 0.45, "test_loss": 2.6335512010219704, "train_accuracy": 0.4111111111111111, "train_loss": 2.540921082177064, "validation_accuracy": 0.48333333333333334, "validation_loss": 2.5560205012419335}
{"batch_loss": 2.8822439156191333, "epoch": 10, "event": "epoch", "global_step": 50, "test_accuracy": 0.43333333333333335, "test_loss": 2.5540086397011965, "train_accuracy": 0.5333333333333333, "train_loss": 2.430600156768223, "validation_accuracy": 0.4166666666666667, "validation_loss": 2.517407701552477}
{"convergence_epoch": null, "convergence_step": null, "convergence_threshold": 0.9, "depth": 84, "event": "final", "gate_count": 285, "generalization_gap": 0.09999999999999998, "history_tail": [{"batch_loss": 6.2123717041726465, "epoch": 1, "event": "epoch", "global_step": 5, "test_accuracy": 0.3333333333333333, "test_loss": 5.1803434804504445, "train_accuracy": 0.35555555555555557, "train_loss": 5.298419281855501, "validation_accuracy": 0.35, "validation_loss": 5.243230201509607}, {"batch_loss": 4.4814299198620855, "epoch": 2, "event": "epoch", "global_step": 10, "test_accuracy": 0.35, "test_loss": 3.4378712086446996, "train_accuracy": 0.35555555555555557, "train_loss": 3.4364028734871517, "validation_accuracy": 0.26666666666666666, "validation_loss": 3.5049239000344365}, {"batch_loss": 3.56001635676519, "epoch": 3, "event": "epoch", "global_step": 15, "test_accuracy": 0.45, "test_loss": 2.996060241283778, "train_accuracy": 0.43333333333333335, "train_loss": 2.9789707763950615, "validation_accuracy": 0.31666666666666665, "validation_loss": 2.9078962852609105}, {"batch_loss": 1.7185420141568906, "epoch": 4, "event": "epoch", "global_step": 20, "test_accuracy": 0.45, "test_loss": 2.821115651340516, "train_accuracy": 0.4666666666666667, "train_loss": 2.770842191293753, "validation_accuracy": 0.43333333333333335, "validation_loss": 2.647873568925456}, {"batch_loss": 2.6810881046629462, "epoch": 5, "event": "epoch", "global_step": 25, "test_accuracy": 0.4666666666666667, "test_loss": 2.779880663970784, "train_accuracy": 0.4444444444444444, "train_loss": 2.7218756206573187, "validation_accuracy": 0.4666666666666667, "validation_loss": 2.5984785326008053}, {"batch_loss": 1.7582529479254525, "epoch": 6, "event": "epoch", "global_step": 30, "test_accuracy": 0.43333333333333335, "test_loss": 2.744337658876185, "train_accuracy": 0.4444444444444444, "train_loss": 2.687097561202413, "validation_accuracy": 0.4166666666666667, "validation_loss": 2.5866427017170435}, {"batch_loss": 2.2366015570583864, "epoch": 7, "event": "epoch", "global_step": 35, "test_accuracy": 0.5166666666666667, "test_loss": 2.685399376868479, "train_accuracy": 0.4444444444444444, "train_loss": 2.6251919640054746, "validation_accuracy": 0.48333333333333334, "validation_loss": 2.557378768298231}, {"batch_loss": 2.29434581500929, "epoch": 8, "event": "epoch", "global_step": 40, "test_accuracy": 0.45, "test_loss": 2.6287985706946824, "train_accuracy": 0.4444444444444444, "train_loss": 2.5582784500271716, "validation_accuracy": 0.43333333333333335, "validation_loss": 2.5321444684295433}, {"batch_loss": 2.7058337577673526, "epoch": 9, "event": "epoch", "global_step": 45, "test_accuracy": 0.45, "test_loss": 2.6335512010219704, "train_accuracy": 0.4111111111111111, "train_loss": 2.540921082177064, "validation_accuracy": 0.48333333333333334, "validation_loss": 2.5560205012419335}, {"batch_loss": 2.8822439156191333, "epoch": 10, "event": "epoch", "global_step": 50, "test_accuracy": 0.43333333333333335, "test_loss": 2.5540086397011965, "train_accuracy": 0.5333333333333333, "train_loss": 2.430600156768223, "validation_accuracy": 0.4166666666666667, "validation_loss": 2.517407701552477}], "max_steps": 50, "n_params": 90, "n_params_per_block": 15, "n_qubits": 9, "n_repeats": 2, "n_uploads": 3, "operations": [["RX", [0]], ["RX", [1]], ["RX", [2]], ["RX", [3]], ["RX", [4]], ["RX", [5]], ["RX", [6]], ["RX", [7]], ["RX", [8]], ["RZ", [0]], ["RZ", [2]], ["RZ", [4]], ["RZ", [6]], ["RZ", [1]], ["RZ", [3]], ["RZ", [5]], ["RZ", [7]], ["RZ", [8]], ["RY", [0]], ["RY", [2]], ["RY", [4]], ["RY", [6]], ["RY", [1]], ["RY", [3]], ["RY", [5]], ["RY", [7]], ["RY", [8]], ["CRZ", [0, 1]], ["CRZ", [1, 2]], ["CRZ", [2, 3]], ["CRZ", [3, 4]], ["CRZ", [4, 5]], ["CRZ", [5, 6]], ["CRZ", [6, 7]], ["CRZ", [7, 0]], ["CRZ", [8, 1]], ["CRZ", [8, 3]], ["CRZ", [8, 5]], ["CRZ", [8, 7]], ["CRZ", [8, 1]], ["CRZ", [8, 3]], ["CRZ", [8, 5]], ["CRZ", [8, 7]], ["RZ", [0]], ["RZ", [2]], ["RZ", [4]], ["RZ", [6]], ["RZ", [1]], ["RZ", [3]], ["RZ", [5]], ["RZ", [7]], ["RZ", [8]], ["RZ", [0]], ["RZ", [2]], ["RZ", [4]], ["RZ", [6]], ["RZ", [1]], ["RZ", [3]], ["RZ", [5]], ["RZ", [7]], ["RZ", [8]], ["RY", [0]], ["RY", [2]], ["RY", [4]], ["RY", [6]], ["RY", [1]], ["RY", [3]], ["RY", [5]], ["RY", [7]], ["RY", [8]], ["CRZ", [0, 1]], ["CRZ", [1, 2]], ["CRZ", [2, 3]], ["CRZ", [3, 4]], ["CRZ", [4, 5]], ["CRZ", [5, 6]], ["CRZ", [6, 7]], ["CRZ", [7, 0]], ["CRZ", [8, 1]], ["CRZ", [8, 3]], ["CRZ", [8, 5]], ["CRZ", [8, 7]], ["CRZ", [8, 1]], ["CRZ", [8, 3]], ["CRZ", [8, 5]], ["CRZ", [8, 7]], ["RZ", [0]], ["RZ", [2]], ["RZ", [4]], ["RZ", [6]], ["RZ", [1]], ["RZ", [3]], ["RZ", [5]], ["RZ", [7]], ["RZ", [8]], ["RX", [0]], ["RX", [1]], ["RX", [2]], ["RX", [3]], ["RX", [4]], ["RX", [5]], ["RX", [6]], ["RX", [7]], ["RX", [8]], ["RZ", [0]], ["RZ", [2]], ["RZ", [4]], ["RZ", [6]], ["RZ", [1]], ["RZ", [3]], ["RZ", [5]], ["RZ", [7]], ["RZ", [8]], ["RY", [0]], ["RY", [2]], ["RY", [4]], ["RY", [6]], ["RY", [1]], ["RY", [3]], ["RY", [5]], ["RY", [7]], ["RY", [8]], ["CRZ", [0, 1]], ["CRZ", [1, 2]], ["CRZ", [2, 3]], ["CRZ", [3, 4]], ["CRZ", [4, 5]], ["CRZ", [5, 6]], ["CRZ", [6, 7]], ["CRZ", [7, 0]], ["CRZ", [8, 1]], ["CRZ", [8, 3]], ["CRZ", [8, 5]], ["CRZ", [8, 7]], ["CRZ", [8, 1]], ["CRZ", [8, 3]], ["CRZ", [8, 5]], ["CRZ", [8, 7]], ["RZ", [0]], ["RZ", [2]], ["RZ", [4]], ["RZ", [6]], ["RZ", [1]], ["RZ", [3]], ["RZ", [5]], ["RZ", [7]], ["RZ", [8]], ["RZ", [0]], ["RZ", [2]], ["RZ", [4]], ["RZ", [6]], ["RZ", [1]], ["RZ", [3]], ["RZ", [5]], ["RZ", [7]], ["RZ", [8]], ["RY", [0]], ["RY", [2]], ["RY", [4]], ["RY", [6]], ["RY", [1]], ["RY", [3]], ["RY", [5]], ["RY", [7]], ["RY", [8]], ["CRZ", [0, 1]], ["CRZ", [1, 2]], ["CRZ", [2, 3]], ["CRZ", [3, 4]], ["CRZ", [4, 5]], ["CRZ", [5, 6]], ["CRZ", [6, 7]], ["CRZ", [7, 0]], ["CRZ", [8, 1]], ["CRZ", [8, 3]], ["CRZ", [8, 5]], ["CRZ", [8, 7]], ["CRZ", [8, 1]], ["CRZ", [8, 3]], ["CRZ", [8, 5]], ["CRZ", [8, 7]], ["RZ", [0]], ["RZ", [2]], ["RZ", [4]], ["RZ", [6]], ["RZ", [1]], ["RZ", [3]], ["RZ", [5]], ["RZ", [7]], ["RZ", [8]], ["RX", [0]], ["RX", [1]], ["RX", [2]], ["RX", [3]], ["RX", [4]], ["RX", [5]], ["RX", [6]], ["RX", [7]], ["RX", [8]], ["RZ", [0]], ["RZ", [2]], ["RZ", [4]], ["RZ", [6]], ["RZ", [1]], ["RZ", [3]], ["RZ", [5]], ["RZ", [7]], ["RZ", [8]], ["RY", [0]], ["RY", [2]], ["RY", [4]], ["RY", [6]], ["RY", [1]], ["RY", [3]], ["RY", [5]], ["RY", [7]], ["RY", [8]], ["CRZ", [0, 1]], ["CRZ", [1, 2]], ["CRZ", [2, 3]], ["CRZ", [3, 4]], ["CRZ", [4, 5]], ["CRZ", [5, 6]], ["CRZ", [6, 7]], ["CRZ", [7, 0]], ["CRZ", [8, 1]], ["CRZ", [8, 3]], ["CRZ", [8, 5]], ["CRZ", [8, 7]], ["CRZ", [8, 1]], ["CRZ", [8, 3]], ["CRZ", [8, 5]], ["CRZ", [8, 7]], ["RZ", [0]], ["RZ", [2]], ["RZ", [4]], ["RZ", [6]], ["RZ", [1]], ["RZ", [3]], ["RZ", [5]], ["RZ", [7]], ["RZ", [8]], ["RZ", [0]], ["RZ", [2]], ["RZ", [4]], ["RZ", [6]], ["RZ", [1]], ["RZ", [3]], ["RZ", [5]], ["RZ", [7]], ["RZ", [8]], ["RY", [0]], ["RY", [2]], ["RY", [4]], ["RY", [6]], ["RY", [1]], ["RY", [3]], ["RY", [5]], ["RY", [7]], ["RY", [8]], ["CRZ", [0, 1]], ["CRZ", [1, 2]], ["CRZ", [2, 3]], ["CRZ", [3, 4]], ["CRZ", [4, 5]], ["CRZ", [5, 6]], ["CRZ", [6, 7]], ["CRZ", [7, 0]], ["CRZ", [8, 1]], ["CRZ", [8, 3]], ["CRZ", [8, 5]], ["CRZ", [8, 7]], ["CRZ", [8, 1]], ["CRZ", [8, 3]], ["CRZ", [8, 5]], ["CRZ", [8, 7]], ["RZ", [0]], ["RZ", [2]], ["RZ", [4]], ["RZ", [6]], ["RZ", [1]], ["RZ", [3]], ["RZ", [5]], ["RZ", [7]], ["RZ", [8]]], "parameter_efficiency": 0.004814814814814815, "spec_valid": true, "test_accuracy": 0.43333333333333335, "test_loss": 2.5540086397011965, "train_accuracy": 0.5333333333333333, "train_loss": 2.430600156768223, "validation_accuracy": 0.4166666666666667, "validation_loss": 2.517407701552477}
==========Run 1/1 completed in 153.76 seconds==========
Correctness and error status saved to /home/chengyou1368/QuantumAnsatz/tic-tac-toe/results/ttt_qml_cli_20260605_124906/gen_8/results/correct.json
Metrics saved to /home/chengyou1368/QuantumAnsatz/tic-tac-toe/results/ttt_qml_cli_20260605_124906/gen_8/results/metrics.json
OK
{
  "combined_score": 0.4489545660472475,
  "public": {
    "train_accuracy_mean": 0.5333,
    "train_accuracy_std": 0.0,
    "validation_accuracy_mean": 0.4167,
    "validation_accuracy_std": 0.0,
    "test_accuracy_mean": 0.4333,
    "test_accuracy_std": 0.0,
    "generalization_gap_mean": 0.1,
    "validation_loss_mean": 2.5174,
    "test_loss_mean": 2.554,
    "parameter_efficiency_mean": 0.004815,
    "n_params": 90,
    "depth_mean": 84.0,
    "gate_count_mean": 285.0,
    "score_uses_test": false,
    "convergence_step_mean": null
  },
  "private": {
    "per_run_scores": [
      {
        "combined_score": 0.4489545660472475,
        "primary_accuracy": 0.4166666666666667,
        "gap_score": 0.7142857142857144,
        "loss_score": 0.2843002815848246,
        "parameter_efficiency_score": 0.75,
        "convergence_score": 0.0
      }
    ],
    "per_run_test_accuracies": [
      0.43333333333333335
    ]
  },
  "text_feedback": "Combined score: 0.4490\nValidation accuracy mean: 0.4167\nTest accuracy mean: 0.4333\nTrain-test generalization gap mean: 0.1000\nValidation L2 loss mean: 2.5174\nParameters: 90, depth mean: 84.0, gate count mean: 285.0\nFitness uses validation metrics; test metrics are reported as holdout diagnostics.\nAccuracy is still low; explore more expressive local entanglement or rotation diversity.\nDid not reach convergence threshold 0.90 in these runs.",
  "execution_time_mean": 153.75741736700002,
  "execution_time_std": 0.0,
  "num_valid_runs": 1,
  "num_invalid_runs": 0,
  "all_validation_errors": []
}
