==========Running program evaluation 1/1...==========
{"batch_size": 10, "data_seed": 2027, "dataset": {"all_valid_unique_boards": {"class_counts": {"circle": 316, "cross": 626, "draw": 4536}, "total": 5478}, "overlap_train_test": 2, "overlap_train_validation": 1, "overlap_validation_test": 3, "test": {"class_counts": {"circle": 20, "cross": 20, "draw": 20}, "rows": 60, "unique_boards": 59}, "train": {"class_counts": {"circle": 30, "cross": 30, "draw": 30}, "rows": 90, "unique_boards": 87}, "validation": {"class_counts": {"circle": 20, "cross": 20, "draw": 20}, "rows": 60, "unique_boards": 60}}, "event": "start", "learning_rate": 0.03, "n_epochs": 10, "n_params": 78, "n_params_per_block": 13, "n_repeats": 2, "n_uploads": 3, "seed": 1000, "steps_per_epoch": 5}
{"batch_loss": 6.4880961042878535, "epoch": 1, "event": "epoch", "global_step": 5, "test_accuracy": 0.38333333333333336, "test_loss": 5.214572600216642, "train_accuracy": 0.3111111111111111, "train_loss": 5.5314343024266455, "validation_accuracy": 0.31666666666666665, "validation_loss": 5.279191425430903}
{"batch_loss": 4.015010810647249, "epoch": 2, "event": "epoch", "global_step": 10, "test_accuracy": 0.3333333333333333, "test_loss": 3.4187829532804965, "train_accuracy": 0.25555555555555554, "train_loss": 3.613250802394673, "validation_accuracy": 0.31666666666666665, "validation_loss": 3.30167774563489}
{"batch_loss": 3.378925619353543, "epoch": 3, "event": "epoch", "global_step": 15, "test_accuracy": 0.4, "test_loss": 2.972245558719309, "train_accuracy": 0.35555555555555557, "train_loss": 3.036112481495906, "validation_accuracy": 0.35, "validation_loss": 2.856975244848746}
{"batch_loss": 2.2983248449119413, "epoch": 4, "event": "epoch", "global_step": 20, "test_accuracy": 0.48333333333333334, "test_loss": 2.737819205022024, "train_accuracy": 0.4777777777777778, "train_loss": 2.7653025875753077, "validation_accuracy": 0.4, "validation_loss": 2.679039669750344}
{"batch_loss": 2.698315362545833, "epoch": 5, "event": "epoch", "global_step": 25, "test_accuracy": 0.4166666666666667, "test_loss": 2.675667873486427, "train_accuracy": 0.4777777777777778, "train_loss": 2.638244750532371, "validation_accuracy": 0.43333333333333335, "validation_loss": 2.6295396251299166}
{"batch_loss": 2.8220312415857625, "epoch": 6, "event": "epoch", "global_step": 30, "test_accuracy": 0.31666666666666665, "test_loss": 2.7538315816215544, "train_accuracy": 0.5, "train_loss": 2.644075159862635, "validation_accuracy": 0.35, "validation_loss": 2.7047079917825902}
{"batch_loss": 2.751573834239292, "epoch": 7, "event": "epoch", "global_step": 35, "test_accuracy": 0.38333333333333336, "test_loss": 2.7176655471422344, "train_accuracy": 0.5222222222222223, "train_loss": 2.5687544246350917, "validation_accuracy": 0.4166666666666667, "validation_loss": 2.6290490698499402}
{"batch_loss": 2.618187699700375, "epoch": 8, "event": "epoch", "global_step": 40, "test_accuracy": 0.45, "test_loss": 2.632769692015282, "train_accuracy": 0.5333333333333333, "train_loss": 2.470179622401141, "validation_accuracy": 0.5, "validation_loss": 2.4848090483244767}
{"batch_loss": 2.3819101899094735, "epoch": 9, "event": "epoch", "global_step": 45, "test_accuracy": 0.45, "test_loss": 2.6081513956060176, "train_accuracy": 0.4777777777777778, "train_loss": 2.44153511108406, "validation_accuracy": 0.5, "validation_loss": 2.4008985175563775}
{"batch_loss": 2.3710087640568207, "epoch": 10, "event": "epoch", "global_step": 50, "test_accuracy": 0.4666666666666667, "test_loss": 2.6106543846381998, "train_accuracy": 0.5111111111111111, "train_loss": 2.4250594965791046, "validation_accuracy": 0.55, "validation_loss": 2.3712192695213674}
{"convergence_epoch": null, "convergence_step": null, "convergence_threshold": 0.9, "depth": 70, "event": "final", "gate_count": 261, "generalization_gap": 0.0444444444444444, "history_tail": [{"batch_loss": 6.4880961042878535, "epoch": 1, "event": "epoch", "global_step": 5, "test_accuracy": 0.38333333333333336, "test_loss": 5.214572600216642, "train_accuracy": 0.3111111111111111, "train_loss": 5.5314343024266455, "validation_accuracy": 0.31666666666666665, "validation_loss": 5.279191425430903}, {"batch_loss": 4.015010810647249, "epoch": 2, "event": "epoch", "global_step": 10, "test_accuracy": 0.3333333333333333, "test_loss": 3.4187829532804965, "train_accuracy": 0.25555555555555554, "train_loss": 3.613250802394673, "validation_accuracy": 0.31666666666666665, "validation_loss": 3.30167774563489}, {"batch_loss": 3.378925619353543, "epoch": 3, "event": "epoch", "global_step": 15, "test_accuracy": 0.4, "test_loss": 2.972245558719309, "train_accuracy": 0.35555555555555557, "train_loss": 3.036112481495906, "validation_accuracy": 0.35, "validation_loss": 2.856975244848746}, {"batch_loss": 2.2983248449119413, "epoch": 4, "event": "epoch", "global_step": 20, "test_accuracy": 0.48333333333333334, "test_loss": 2.737819205022024, "train_accuracy": 0.4777777777777778, "train_loss": 2.7653025875753077, "validation_accuracy": 0.4, "validation_loss": 2.679039669750344}, {"batch_loss": 2.698315362545833, "epoch": 5, "event": "epoch", "global_step": 25, "test_accuracy": 0.4166666666666667, "test_loss": 2.675667873486427, "train_accuracy": 0.4777777777777778, "train_loss": 2.638244750532371, "validation_accuracy": 0.43333333333333335, "validation_loss": 2.6295396251299166}, {"batch_loss": 2.8220312415857625, "epoch": 6, "event": "epoch", "global_step": 30, "test_accuracy": 0.31666666666666665, "test_loss": 2.7538315816215544, "train_accuracy": 0.5, "train_loss": 2.644075159862635, "validation_accuracy": 0.35, "validation_loss": 2.7047079917825902}, {"batch_loss": 2.751573834239292, "epoch": 7, "event": "epoch", "global_step": 35, "test_accuracy": 0.38333333333333336, "test_loss": 2.7176655471422344, "train_accuracy": 0.5222222222222223, "train_loss": 2.5687544246350917, "validation_accuracy": 0.4166666666666667, "validation_loss": 2.6290490698499402}, {"batch_loss": 2.618187699700375, "epoch": 8, "event": "epoch", "global_step": 40, "test_accuracy": 0.45, "test_loss": 2.632769692015282, "train_accuracy": 0.5333333333333333, "train_loss": 2.470179622401141, "validation_accuracy": 0.5, "validation_loss": 2.4848090483244767}, {"batch_loss": 2.3819101899094735, "epoch": 9, "event": "epoch", "global_step": 45, "test_accuracy": 0.45, "test_loss": 2.6081513956060176, "train_accuracy": 0.4777777777777778, "train_loss": 2.44153511108406, "validation_accuracy": 0.5, "validation_loss": 2.4008985175563775}, {"batch_loss": 2.3710087640568207, "epoch": 10, "event": "epoch", "global_step": 50, "test_accuracy": 0.4666666666666667, "test_loss": 2.6106543846381998, "train_accuracy": 0.5111111111111111, "train_loss": 2.4250594965791046, "validation_accuracy": 0.55, "validation_loss": 2.3712192695213674}], "max_steps": 50, "n_params": 78, "n_params_per_block": 13, "n_qubits": 9, "n_repeats": 2, "n_uploads": 3, "operations": [["RX", [0]], ["RX", [1]], ["RX", [2]], ["RX", [3]], ["RX", [4]], ["RX", [5]], ["RX", [6]], ["RX", [7]], ["RX", [8]], ["RZ", [0]], ["RZ", [2]], ["RZ", [4]], ["RZ", [6]], ["RZ", [1]], ["RZ", [3]], ["RZ", [5]], ["RZ", [7]], ["RZ", [8]], ["RY", [0]], ["RY", [2]], ["RY", [4]], ["RY", [6]], ["RY", [1]], ["RY", [3]], ["RY", [5]], ["RY", [7]], ["RY", [8]], ["CZ", [0, 1]], ["CZ", [1, 2]], ["CZ", [2, 3]], ["CZ", [3, 4]], ["CZ", [4, 5]], ["CZ", [5, 6]], ["CZ", [6, 7]], ["CZ", [7, 0]], ["CRX", [8, 1]], ["CRX", [8, 3]], ["CRX", [8, 5]], ["CRX", [8, 7]], ["RZ", [0]], ["RZ", [2]], ["RZ", [4]], ["RZ", [6]], ["RZ", [1]], ["RZ", [3]], ["RZ", [5]], ["RZ", [7]], ["RZ", [8]], ["RZ", [0]], ["RZ", [2]], ["RZ", [4]], ["RZ", [6]], ["RZ", [1]], ["RZ", [3]], ["RZ", [5]], ["RZ", [7]], ["RZ", [8]], ["RY", [0]], ["RY", [2]], ["RY", [4]], ["RY", [6]], ["RY", [1]], ["RY", [3]], ["RY", [5]], ["RY", [7]], ["RY", [8]], ["CZ", [0, 1]], ["CZ", [1, 2]], ["CZ", [2, 3]], ["CZ", [3, 4]], ["CZ", [4, 5]], ["CZ", [5, 6]], ["CZ", [6, 7]], ["CZ", [7, 0]], ["CRX", [8, 1]], ["CRX", [8, 3]], ["CRX", [8, 5]], ["CRX", [8, 7]], ["RZ", [0]], ["RZ", [2]], ["RZ", [4]], ["RZ", [6]], ["RZ", [1]], ["RZ", [3]], ["RZ", [5]], ["RZ", [7]], ["RZ", [8]], ["RX", [0]], ["RX", [1]], ["RX", [2]], ["RX", [3]], ["RX", [4]], ["RX", [5]], ["RX", [6]], ["RX", [7]], ["RX", [8]], ["RZ", [0]], ["RZ", [2]], ["RZ", [4]], ["RZ", [6]], ["RZ", [1]], ["RZ", [3]], ["RZ", [5]], ["RZ", [7]], ["RZ", [8]], ["RY", [0]], ["RY", [2]], ["RY", [4]], ["RY", [6]], ["RY", [1]], ["RY", [3]], ["RY", [5]], ["RY", [7]], ["RY", [8]], ["CZ", [0, 1]], ["CZ", [1, 2]], ["CZ", [2, 3]], ["CZ", [3, 4]], ["CZ", [4, 5]], ["CZ", [5, 6]], ["CZ", [6, 7]], ["CZ", [7, 0]], ["CRX", [8, 1]], ["CRX", [8, 3]], ["CRX", [8, 5]], ["CRX", [8, 7]], ["RZ", [0]], ["RZ", [2]], ["RZ", [4]], ["RZ", [6]], ["RZ", [1]], ["RZ", [3]], ["RZ", [5]], ["RZ", [7]], ["RZ", [8]], ["RZ", [0]], ["RZ", [2]], ["RZ", [4]], ["RZ", [6]], ["RZ", [1]], ["RZ", [3]], ["RZ", [5]], ["RZ", [7]], ["RZ", [8]], ["RY", [0]], ["RY", [2]], ["RY", [4]], ["RY", [6]], ["RY", [1]], ["RY", [3]], ["RY", [5]], ["RY", [7]], ["RY", [8]], ["CZ", [0, 1]], ["CZ", [1, 2]], ["CZ", [2, 3]], ["CZ", [3, 4]], ["CZ", [4, 5]], ["CZ", [5, 6]], ["CZ", [6, 7]], ["CZ", [7, 0]], ["CRX", [8, 1]], ["CRX", [8, 3]], ["CRX", [8, 5]], ["CRX", [8, 7]], ["RZ", [0]], ["RZ", [2]], ["RZ", [4]], ["RZ", [6]], ["RZ", [1]], ["RZ", [3]], ["RZ", [5]], ["RZ", [7]], ["RZ", [8]], ["RX", [0]], ["RX", [1]], ["RX", [2]], ["RX", [3]], ["RX", [4]], ["RX", [5]], ["RX", [6]], ["RX", [7]], ["RX", [8]], ["RZ", [0]], ["RZ", [2]], ["RZ", [4]], ["RZ", [6]], ["RZ", [1]], ["RZ", [3]], ["RZ", [5]], ["RZ", [7]], ["RZ", [8]], ["RY", [0]], ["RY", [2]], ["RY", [4]], ["RY", [6]], ["RY", [1]], ["RY", [3]], ["RY", [5]], ["RY", [7]], ["RY", [8]], ["CZ", [0, 1]], ["CZ", [1, 2]], ["CZ", [2, 3]], ["CZ", [3, 4]], ["CZ", [4, 5]], ["CZ", [5, 6]], ["CZ", [6, 7]], ["CZ", [7, 0]], ["CRX", [8, 1]], ["CRX", [8, 3]], ["CRX", [8, 5]], ["CRX", [8, 7]], ["RZ", [0]], ["RZ", [2]], ["RZ", [4]], ["RZ", [6]], ["RZ", [1]], ["RZ", [3]], ["RZ", [5]], ["RZ", [7]], ["RZ", [8]], ["RZ", [0]], ["RZ", [2]], ["RZ", [4]], ["RZ", [6]], ["RZ", [1]], ["RZ", [3]], ["RZ", [5]], ["RZ", [7]], ["RZ", [8]], ["RY", [0]], ["RY", [2]], ["RY", [4]], ["RY", [6]], ["RY", [1]], ["RY", [3]], ["RY", [5]], ["RY", [7]], ["RY", [8]], ["CZ", [0, 1]], ["CZ", [1, 2]], ["CZ", [2, 3]], ["CZ", [3, 4]], ["CZ", [4, 5]], ["CZ", [5, 6]], ["CZ", [6, 7]], ["CZ", [7, 0]], ["CRX", [8, 1]], ["CRX", [8, 3]], ["CRX", [8, 5]], ["CRX", [8, 7]], ["RZ", [0]], ["RZ", [2]], ["RZ", [4]], ["RZ", [6]], ["RZ", [1]], ["RZ", [3]], ["RZ", [5]], ["RZ", [7]], ["RZ", [8]]], "parameter_efficiency": 0.005982905982905983, "spec_valid": true, "test_accuracy": 0.4666666666666667, "test_loss": 2.6106543846381998, "train_accuracy": 0.5111111111111111, "train_loss": 2.4250594965791046, "validation_accuracy": 0.55, "validation_loss": 2.3712192695213674}
==========Run 1/1 completed in 139.01 seconds==========
Correctness and error status saved to /home/chengyou1368/QuantumAnsatz/tic-tac-toe/results/ttt_qml_cli_20260605_124906/gen_2/results/correct.json
Metrics saved to /home/chengyou1368/QuantumAnsatz/tic-tac-toe/results/ttt_qml_cli_20260605_124906/gen_2/results/metrics.json
OK
{
  "combined_score": 0.5515577797403943,
  "public": {
    "train_accuracy_mean": 0.5111,
    "train_accuracy_std": 0.0,
    "validation_accuracy_mean": 0.55,
    "validation_accuracy_std": 0.0,
    "test_accuracy_mean": 0.4667,
    "test_accuracy_std": 0.0,
    "generalization_gap_mean": 0.0444,
    "validation_loss_mean": 2.3712,
    "test_loss_mean": 2.6107,
    "parameter_efficiency_mean": 0.005983,
    "n_params": 78,
    "depth_mean": 70.0,
    "gate_count_mean": 261.0,
    "score_uses_test": false,
    "convergence_step_mean": null
  },
  "private": {
    "per_run_scores": [
      {
        "combined_score": 0.5515577797403943,
        "primary_accuracy": 0.55,
        "gap_score": 0.8730158730158731,
        "loss_score": 0.2966285845126817,
        "parameter_efficiency_score": 1.0,
        "convergence_score": 0.0
      }
    ],
    "per_run_test_accuracies": [
      0.4666666666666667
    ]
  },
  "text_feedback": "Combined score: 0.5516\nValidation accuracy mean: 0.5500\nTest accuracy mean: 0.4667\nTrain-test generalization gap mean: 0.0444\nValidation L2 loss mean: 2.3712\nParameters: 78, depth mean: 70.0, gate count mean: 261.0\nFitness uses validation metrics; test metrics are reported as holdout diagnostics.\nDid not reach convergence threshold 0.90 in these runs.",
  "execution_time_mean": 139.00741727700006,
  "execution_time_std": 0.0,
  "num_valid_runs": 1,
  "num_invalid_runs": 0,
  "all_validation_errors": []
}
