==========Running program evaluation 1/1...==========
{"batch_size": 10, "data_seed": 2027, "dataset": {"all_valid_unique_boards": {"class_counts": {"circle": 316, "cross": 626, "draw": 4536}, "total": 5478}, "overlap_train_test": 2, "overlap_train_validation": 1, "overlap_validation_test": 3, "test": {"class_counts": {"circle": 20, "cross": 20, "draw": 20}, "rows": 60, "unique_boards": 59}, "train": {"class_counts": {"circle": 30, "cross": 30, "draw": 30}, "rows": 90, "unique_boards": 87}, "validation": {"class_counts": {"circle": 20, "cross": 20, "draw": 20}, "rows": 60, "unique_boards": 60}}, "event": "start", "learning_rate": 0.03, "n_epochs": 10, "n_params": 66, "n_params_per_block": 11, "n_repeats": 2, "n_uploads": 3, "seed": 1000, "steps_per_epoch": 5}
{"batch_loss": 5.423138770623252, "epoch": 1, "event": "epoch", "global_step": 5, "test_accuracy": 0.4, "test_loss": 5.219618203125699, "train_accuracy": 0.4, "train_loss": 4.943791766127964, "validation_accuracy": 0.35, "validation_loss": 5.03482144271613}
{"batch_loss": 2.9627956675176264, "epoch": 2, "event": "epoch", "global_step": 10, "test_accuracy": 0.36666666666666664, "test_loss": 3.4152328327246746, "train_accuracy": 0.35555555555555557, "train_loss": 3.279922195397576, "validation_accuracy": 0.48333333333333334, "validation_loss": 3.2225063774585023}
{"batch_loss": 2.612149474719071, "epoch": 3, "event": "epoch", "global_step": 15, "test_accuracy": 0.4666666666666667, "test_loss": 2.867940481221964, "train_accuracy": 0.4222222222222222, "train_loss": 2.8087333493738535, "validation_accuracy": 0.45, "validation_loss": 2.690842985730469}
{"batch_loss": 2.987466490156619, "epoch": 4, "event": "epoch", "global_step": 20, "test_accuracy": 0.5166666666666667, "test_loss": 2.7653736270043505, "train_accuracy": 0.4888888888888889, "train_loss": 2.689260633223148, "validation_accuracy": 0.5333333333333333, "validation_loss": 2.612084505011558}
{"batch_loss": 2.6793921215830645, "epoch": 5, "event": "epoch", "global_step": 25, "test_accuracy": 0.45, "test_loss": 2.737264539985742, "train_accuracy": 0.4777777777777778, "train_loss": 2.6373617463246437, "validation_accuracy": 0.5333333333333333, "validation_loss": 2.639802813806172}
{"batch_loss": 2.6015524264729786, "epoch": 6, "event": "epoch", "global_step": 30, "test_accuracy": 0.43333333333333335, "test_loss": 2.6853397433595894, "train_accuracy": 0.5333333333333333, "train_loss": 2.5744921257475752, "validation_accuracy": 0.48333333333333334, "validation_loss": 2.670281770228031}
{"batch_loss": 2.410640892473274, "epoch": 7, "event": "epoch", "global_step": 35, "test_accuracy": 0.4666666666666667, "test_loss": 2.660967968924252, "train_accuracy": 0.5222222222222223, "train_loss": 2.562030922471041, "validation_accuracy": 0.55, "validation_loss": 2.666246551886792}
{"batch_loss": 2.5179616137314165, "epoch": 8, "event": "epoch", "global_step": 40, "test_accuracy": 0.48333333333333334, "test_loss": 2.582322254767665, "train_accuracy": 0.6111111111111112, "train_loss": 2.481619836422678, "validation_accuracy": 0.48333333333333334, "validation_loss": 2.555447593681648}
{"batch_loss": 2.3368571734696593, "epoch": 9, "event": "epoch", "global_step": 45, "test_accuracy": 0.55, "test_loss": 2.5349006319018446, "train_accuracy": 0.5666666666666667, "train_loss": 2.4420056685050393, "validation_accuracy": 0.5833333333333334, "validation_loss": 2.4624320792600742}
{"batch_loss": 1.8634365754840474, "epoch": 10, "event": "epoch", "global_step": 50, "test_accuracy": 0.5333333333333333, "test_loss": 2.5170679831545986, "train_accuracy": 0.5777777777777777, "train_loss": 2.412361221634126, "validation_accuracy": 0.5666666666666667, "validation_loss": 2.4423650422031304}
{"convergence_epoch": null, "convergence_step": null, "convergence_threshold": 0.9, "depth": 70, "event": "final", "gate_count": 261, "generalization_gap": 0.0444444444444444, "history_tail": [{"batch_loss": 5.423138770623252, "epoch": 1, "event": "epoch", "global_step": 5, "test_accuracy": 0.4, "test_loss": 5.219618203125699, "train_accuracy": 0.4, "train_loss": 4.943791766127964, "validation_accuracy": 0.35, "validation_loss": 5.03482144271613}, {"batch_loss": 2.9627956675176264, "epoch": 2, "event": "epoch", "global_step": 10, "test_accuracy": 0.36666666666666664, "test_loss": 3.4152328327246746, "train_accuracy": 0.35555555555555557, "train_loss": 3.279922195397576, "validation_accuracy": 0.48333333333333334, "validation_loss": 3.2225063774585023}, {"batch_loss": 2.612149474719071, "epoch": 3, "event": "epoch", "global_step": 15, "test_accuracy": 0.4666666666666667, "test_loss": 2.867940481221964, "train_accuracy": 0.4222222222222222, "train_loss": 2.8087333493738535, "validation_accuracy": 0.45, "validation_loss": 2.690842985730469}, {"batch_loss": 2.987466490156619, "epoch": 4, "event": "epoch", "global_step": 20, "test_accuracy": 0.5166666666666667, "test_loss": 2.7653736270043505, "train_accuracy": 0.4888888888888889, "train_loss": 2.689260633223148, "validation_accuracy": 0.5333333333333333, "validation_loss": 2.612084505011558}, {"batch_loss": 2.6793921215830645, "epoch": 5, "event": "epoch", "global_step": 25, "test_accuracy": 0.45, "test_loss": 2.737264539985742, "train_accuracy": 0.4777777777777778, "train_loss": 2.6373617463246437, "validation_accuracy": 0.5333333333333333, "validation_loss": 2.639802813806172}, {"batch_loss": 2.6015524264729786, "epoch": 6, "event": "epoch", "global_step": 30, "test_accuracy": 0.43333333333333335, "test_loss": 2.6853397433595894, "train_accuracy": 0.5333333333333333, "train_loss": 2.5744921257475752, "validation_accuracy": 0.48333333333333334, "validation_loss": 2.670281770228031}, {"batch_loss": 2.410640892473274, "epoch": 7, "event": "epoch", "global_step": 35, "test_accuracy": 0.4666666666666667, "test_loss": 2.660967968924252, "train_accuracy": 0.5222222222222223, "train_loss": 2.562030922471041, "validation_accuracy": 0.55, "validation_loss": 2.666246551886792}, {"batch_loss": 2.5179616137314165, "epoch": 8, "event": "epoch", "global_step": 40, "test_accuracy": 0.48333333333333334, "test_loss": 2.582322254767665, "train_accuracy": 0.6111111111111112, "train_loss": 2.481619836422678, "validation_accuracy": 0.48333333333333334, "validation_loss": 2.555447593681648}, {"batch_loss": 2.3368571734696593, "epoch": 9, "event": "epoch", "global_step": 45, "test_accuracy": 0.55, "test_loss": 2.5349006319018446, "train_accuracy": 0.5666666666666667, "train_loss": 2.4420056685050393, "validation_accuracy": 0.5833333333333334, "validation_loss": 2.4624320792600742}, {"batch_loss": 1.8634365754840474, "epoch": 10, "event": "epoch", "global_step": 50, "test_accuracy": 0.5333333333333333, "test_loss": 2.5170679831545986, "train_accuracy": 0.5777777777777777, "train_loss": 2.412361221634126, "validation_accuracy": 0.5666666666666667, "validation_loss": 2.4423650422031304}], "max_steps": 50, "n_params": 66, "n_params_per_block": 11, "n_qubits": 9, "n_repeats": 2, "n_uploads": 3, "operations": [["RX", [0]], ["RX", [1]], ["RX", [2]], ["RX", [3]], ["RX", [4]], ["RX", [5]], ["RX", [6]], ["RX", [7]], ["RX", [8]], ["RZ", [0]], ["RZ", [2]], ["RZ", [4]], ["RZ", [6]], ["RZ", [1]], ["RZ", [3]], ["RZ", [5]], ["RZ", [7]], ["RZ", [8]], ["RY", [0]], ["RY", [2]], ["RY", [4]], ["RY", [6]], ["RY", [1]], ["RY", [3]], ["RY", [5]], ["RY", [7]], ["RY", [8]], ["CRY", [0, 1]], ["CRY", [1, 2]], ["CRY", [2, 3]], ["CRY", [3, 4]], ["CRY", [4, 5]], ["CRY", [5, 6]], ["CRY", [6, 7]], ["CRY", [7, 0]], ["CRX", [8, 1]], ["CRX", [8, 3]], ["CRX", [8, 5]], ["CRX", [8, 7]], ["RZ", [0]], ["RZ", [2]], ["RZ", [4]], ["RZ", [6]], ["RZ", [1]], ["RZ", [3]], ["RZ", [5]], ["RZ", [7]], ["RZ", [8]], ["RZ", [0]], ["RZ", [2]], ["RZ", [4]], ["RZ", [6]], ["RZ", [1]], ["RZ", [3]], ["RZ", [5]], ["RZ", [7]], ["RZ", [8]], ["RY", [0]], ["RY", [2]], ["RY", [4]], ["RY", [6]], ["RY", [1]], ["RY", [3]], ["RY", [5]], ["RY", [7]], ["RY", [8]], ["CRY", [0, 1]], ["CRY", [1, 2]], ["CRY", [2, 3]], ["CRY", [3, 4]], ["CRY", [4, 5]], ["CRY", [5, 6]], ["CRY", [6, 7]], ["CRY", [7, 0]], ["CRX", [8, 1]], ["CRX", [8, 3]], ["CRX", [8, 5]], ["CRX", [8, 7]], ["RZ", [0]], ["RZ", [2]], ["RZ", [4]], ["RZ", [6]], ["RZ", [1]], ["RZ", [3]], ["RZ", [5]], ["RZ", [7]], ["RZ", [8]], ["RX", [0]], ["RX", [1]], ["RX", [2]], ["RX", [3]], ["RX", [4]], ["RX", [5]], ["RX", [6]], ["RX", [7]], ["RX", [8]], ["RZ", [0]], ["RZ", [2]], ["RZ", [4]], ["RZ", [6]], ["RZ", [1]], ["RZ", [3]], ["RZ", [5]], ["RZ", [7]], ["RZ", [8]], ["RY", [0]], ["RY", [2]], ["RY", [4]], ["RY", [6]], ["RY", [1]], ["RY", [3]], ["RY", [5]], ["RY", [7]], ["RY", [8]], ["CRY", [0, 1]], ["CRY", [1, 2]], ["CRY", [2, 3]], ["CRY", [3, 4]], ["CRY", [4, 5]], ["CRY", [5, 6]], ["CRY", [6, 7]], ["CRY", [7, 0]], ["CRX", [8, 1]], ["CRX", [8, 3]], ["CRX", [8, 5]], ["CRX", [8, 7]], ["RZ", [0]], ["RZ", [2]], ["RZ", [4]], ["RZ", [6]], ["RZ", [1]], ["RZ", [3]], ["RZ", [5]], ["RZ", [7]], ["RZ", [8]], ["RZ", [0]], ["RZ", [2]], ["RZ", [4]], ["RZ", [6]], ["RZ", [1]], ["RZ", [3]], ["RZ", [5]], ["RZ", [7]], ["RZ", [8]], ["RY", [0]], ["RY", [2]], ["RY", [4]], ["RY", [6]], ["RY", [1]], ["RY", [3]], ["RY", [5]], ["RY", [7]], ["RY", [8]], ["CRY", [0, 1]], ["CRY", [1, 2]], ["CRY", [2, 3]], ["CRY", [3, 4]], ["CRY", [4, 5]], ["CRY", [5, 6]], ["CRY", [6, 7]], ["CRY", [7, 0]], ["CRX", [8, 1]], ["CRX", [8, 3]], ["CRX", [8, 5]], ["CRX", [8, 7]], ["RZ", [0]], ["RZ", [2]], ["RZ", [4]], ["RZ", [6]], ["RZ", [1]], ["RZ", [3]], ["RZ", [5]], ["RZ", [7]], ["RZ", [8]], ["RX", [0]], ["RX", [1]], ["RX", [2]], ["RX", [3]], ["RX", [4]], ["RX", [5]], ["RX", [6]], ["RX", [7]], ["RX", [8]], ["RZ", [0]], ["RZ", [2]], ["RZ", [4]], ["RZ", [6]], ["RZ", [1]], ["RZ", [3]], ["RZ", [5]], ["RZ", [7]], ["RZ", [8]], ["RY", [0]], ["RY", [2]], ["RY", [4]], ["RY", [6]], ["RY", [1]], ["RY", [3]], ["RY", [5]], ["RY", [7]], ["RY", [8]], ["CRY", [0, 1]], ["CRY", [1, 2]], ["CRY", [2, 3]], ["CRY", [3, 4]], ["CRY", [4, 5]], ["CRY", [5, 6]], ["CRY", [6, 7]], ["CRY", [7, 0]], ["CRX", [8, 1]], ["CRX", [8, 3]], ["CRX", [8, 5]], ["CRX", [8, 7]], ["RZ", [0]], ["RZ", [2]], ["RZ", [4]], ["RZ", [6]], ["RZ", [1]], ["RZ", [3]], ["RZ", [5]], ["RZ", [7]], ["RZ", [8]], ["RZ", [0]], ["RZ", [2]], ["RZ", [4]], ["RZ", [6]], ["RZ", [1]], ["RZ", [3]], ["RZ", [5]], ["RZ", [7]], ["RZ", [8]], ["RY", [0]], ["RY", [2]], ["RY", [4]], ["RY", [6]], ["RY", [1]], ["RY", [3]], ["RY", [5]], ["RY", [7]], ["RY", [8]], ["CRY", [0, 1]], ["CRY", [1, 2]], ["CRY", [2, 3]], ["CRY", [3, 4]], ["CRY", [4, 5]], ["CRY", [5, 6]], ["CRY", [6, 7]], ["CRY", [7, 0]], ["CRX", [8, 1]], ["CRX", [8, 3]], ["CRX", [8, 5]], ["CRX", [8, 7]], ["RZ", [0]], ["RZ", [2]], ["RZ", [4]], ["RZ", [6]], ["RZ", [1]], ["RZ", [3]], ["RZ", [5]], ["RZ", [7]], ["RZ", [8]]], "parameter_efficiency": 0.00808080808080808, "spec_valid": true, "test_accuracy": 0.5333333333333333, "test_loss": 2.5170679831545986, "train_accuracy": 0.5777777777777777, "train_loss": 2.412361221634126, "validation_accuracy": 0.5666666666666667, "validation_loss": 2.4423650422031304}
==========Run 1/1 completed in 144.64 seconds==========
Correctness and error status saved to /home/chengyou1368/QuantumAnsatz/tic-tac-toe/results/ttt_qml_cli_20260605_124906/gen_17/results/correct.json
Metrics saved to /home/chengyou1368/QuantumAnsatz/tic-tac-toe/results/ttt_qml_cli_20260605_124906/gen_17/results/metrics.json
OK
{
  "combined_score": 0.5656381850902372,
  "public": {
    "train_accuracy_mean": 0.5778,
    "train_accuracy_std": 0.0,
    "validation_accuracy_mean": 0.5667,
    "validation_accuracy_std": 0.0,
    "test_accuracy_mean": 0.5333,
    "test_accuracy_std": 0.0,
    "generalization_gap_mean": 0.0444,
    "validation_loss_mean": 2.4424,
    "test_loss_mean": 2.5171,
    "parameter_efficiency_mean": 0.008081,
    "n_params": 66,
    "depth_mean": 70.0,
    "gate_count_mean": 261.0,
    "score_uses_test": false,
    "convergence_step_mean": null
  },
  "private": {
    "per_run_scores": [
      {
        "combined_score": 0.5656381850902372,
        "primary_accuracy": 0.5666666666666667,
        "gap_score": 0.8730158730158731,
        "loss_score": 0.29049795351163427,
        "parameter_efficiency_score": 1.0,
        "convergence_score": 0.0
      }
    ],
    "per_run_test_accuracies": [
      0.5333333333333333
    ]
  },
  "text_feedback": "Combined score: 0.5656\nValidation accuracy mean: 0.5667\nTest accuracy mean: 0.5333\nTrain-test generalization gap mean: 0.0444\nValidation L2 loss mean: 2.4424\nParameters: 66, depth mean: 70.0, gate count mean: 261.0\nFitness uses validation metrics; test metrics are reported as holdout diagnostics.\nDid not reach convergence threshold 0.90 in these runs.",
  "execution_time_mean": 144.64391614600027,
  "execution_time_std": 0.0,
  "num_valid_runs": 1,
  "num_invalid_runs": 0,
  "all_validation_errors": []
}
