==========Running program evaluation 1/1...==========
{"batch_size": 10, "data_seed": 2027, "dataset": {"all_valid_unique_boards": {"class_counts": {"circle": 316, "cross": 626, "draw": 4536}, "total": 5478}, "overlap_train_test": 4, "overlap_train_validation": 1, "overlap_validation_test": 3, "test": {"class_counts": {"circle": 20, "cross": 20, "draw": 20}, "rows": 60, "unique_boards": 59}, "train": {"class_counts": {"circle": 20, "cross": 20, "draw": 20}, "rows": 60, "unique_boards": 59}, "validation": {"class_counts": {"circle": 15, "cross": 15, "draw": 15}, "rows": 45, "unique_boards": 44}}, "event": "start", "learning_rate": 0.03, "n_epochs": 3, "n_params": 24, "n_params_per_block": 4, "n_repeats": 2, "n_uploads": 3, "seed": 1000, "steps_per_epoch": 3}
{"batch_loss": 7.663020981532358, "epoch": 1, "event": "epoch", "global_step": 3, "test_accuracy": 0.36666666666666664, "test_loss": 7.30451386067932, "train_accuracy": 0.36666666666666664, "train_loss": 7.337869510334462, "validation_accuracy": 0.37777777777777777, "validation_loss": 7.28126671099132}
{"batch_loss": 6.753319430305311, "epoch": 2, "event": "epoch", "global_step": 6, "test_accuracy": 0.36666666666666664, "test_loss": 6.2025697124069215, "train_accuracy": 0.35, "train_loss": 6.284986317336254, "validation_accuracy": 0.37777777777777777, "validation_loss": 6.181582959615663}
{"batch_loss": 5.817551257703805, "epoch": 3, "event": "epoch", "global_step": 9, "test_accuracy": 0.36666666666666664, "test_loss": 5.097914472075598, "train_accuracy": 0.35, "train_loss": 5.230803768961815, "validation_accuracy": 0.37777777777777777, "validation_loss": 5.118128588100754}
{"convergence_epoch": null, "convergence_step": null, "convergence_threshold": 0.9, "depth": 72, "event": "final", "gate_count": 177, "generalization_gap": 0.016666666666666663, "history_tail": [{"batch_loss": 7.663020981532358, "epoch": 1, "event": "epoch", "global_step": 3, "test_accuracy": 0.36666666666666664, "test_loss": 7.30451386067932, "train_accuracy": 0.36666666666666664, "train_loss": 7.337869510334462, "validation_accuracy": 0.37777777777777777, "validation_loss": 7.28126671099132}, {"batch_loss": 6.753319430305311, "epoch": 2, "event": "epoch", "global_step": 6, "test_accuracy": 0.36666666666666664, "test_loss": 6.2025697124069215, "train_accuracy": 0.35, "train_loss": 6.284986317336254, "validation_accuracy": 0.37777777777777777, "validation_loss": 6.181582959615663}, {"batch_loss": 5.817551257703805, "epoch": 3, "event": "epoch", "global_step": 9, "test_accuracy": 0.36666666666666664, "test_loss": 5.097914472075598, "train_accuracy": 0.35, "train_loss": 5.230803768961815, "validation_accuracy": 0.37777777777777777, "validation_loss": 5.118128588100754}], "max_steps": 9, "n_params": 24, "n_params_per_block": 4, "n_qubits": 9, "n_repeats": 2, "n_uploads": 3, "operations": [["RX", [0]], ["RX", [1]], ["RX", [2]], ["RX", [3]], ["RX", [4]], ["RX", [5]], ["RX", [6]], ["RX", [7]], ["RX", [8]], ["RY", [0]], ["RY", [1]], ["RY", [2]], ["RY", [3]], ["RY", [4]], ["RY", [5]], ["RY", [6]], ["RY", [7]], ["RY", [8]], ["CZ", [0, 1]], ["CZ", [1, 2]], ["CZ", [2, 3]], ["CZ", [3, 4]], ["CZ", [4, 5]], ["CZ", [5, 6]], ["CZ", [6, 7]], ["CZ", [7, 0]], ["CZ", [1, 8]], ["CZ", [3, 8]], ["CZ", [5, 8]], ["CZ", [7, 8]], ["CRX", [1, 8]], ["CRX", [3, 8]], ["CRX", [5, 8]], ["CRX", [7, 8]], ["RY", [0]], ["RY", [1]], ["RY", [2]], ["RY", [3]], ["RY", [4]], ["RY", [5]], ["RY", [6]], ["RY", [7]], ["RY", [8]], ["CZ", [0, 1]], ["CZ", [1, 2]], ["CZ", [2, 3]], ["CZ", [3, 4]], ["CZ", [4, 5]], ["CZ", [5, 6]], ["CZ", [6, 7]], ["CZ", [7, 0]], ["CZ", [1, 8]], ["CZ", [3, 8]], ["CZ", [5, 8]], ["CZ", [7, 8]], ["CRX", [1, 8]], ["CRX", [3, 8]], ["CRX", [5, 8]], ["CRX", [7, 8]], ["RX", [0]], ["RX", [1]], ["RX", [2]], ["RX", [3]], ["RX", [4]], ["RX", [5]], ["RX", [6]], ["RX", [7]], ["RX", [8]], ["RY", [0]], ["RY", [1]], ["RY", [2]], ["RY", [3]], ["RY", [4]], ["RY", [5]], ["RY", [6]], ["RY", [7]], ["RY", [8]], ["CZ", [0, 1]], ["CZ", [1, 2]], ["CZ", [2, 3]], ["CZ", [3, 4]], ["CZ", [4, 5]], ["CZ", [5, 6]], ["CZ", [6, 7]], ["CZ", [7, 0]], ["CZ", [1, 8]], ["CZ", [3, 8]], ["CZ", [5, 8]], ["CZ", [7, 8]], ["CRX", [1, 8]], ["CRX", [3, 8]], ["CRX", [5, 8]], ["CRX", [7, 8]], ["RY", [0]], ["RY", [1]], ["RY", [2]], ["RY", [3]], ["RY", [4]], ["RY", [5]], ["RY", [6]], ["RY", [7]], ["RY", [8]], ["CZ", [0, 1]], ["CZ", [1, 2]], ["CZ", [2, 3]], ["CZ", [3, 4]], ["CZ", [4, 5]], ["CZ", [5, 6]], ["CZ", [6, 7]], ["CZ", [7, 0]], ["CZ", [1, 8]], ["CZ", [3, 8]], ["CZ", [5, 8]], ["CZ", [7, 8]], ["CRX", [1, 8]], ["CRX", [3, 8]], ["CRX", [5, 8]], ["CRX", [7, 8]], ["RX", [0]], ["RX", [1]], ["RX", [2]], ["RX", [3]], ["RX", [4]], ["RX", [5]], ["RX", [6]], ["RX", [7]], ["RX", [8]], ["RY", [0]], ["RY", [1]], ["RY", [2]], ["RY", [3]], ["RY", [4]], ["RY", [5]], ["RY", [6]], ["RY", [7]], ["RY", [8]], ["CZ", [0, 1]], ["CZ", [1, 2]], ["CZ", [2, 3]], ["CZ", [3, 4]], ["CZ", [4, 5]], ["CZ", [5, 6]], ["CZ", [6, 7]], ["CZ", [7, 0]], ["CZ", [1, 8]], ["CZ", [3, 8]], ["CZ", [5, 8]], ["CZ", [7, 8]], ["CRX", [1, 8]], ["CRX", [3, 8]], ["CRX", [5, 8]], ["CRX", [7, 8]], ["RY", [0]], ["RY", [1]], ["RY", [2]], ["RY", [3]], ["RY", [4]], ["RY", [5]], ["RY", [6]], ["RY", [7]], ["RY", [8]], ["CZ", [0, 1]], ["CZ", [1, 2]], ["CZ", [2, 3]], ["CZ", [3, 4]], ["CZ", [4, 5]], ["CZ", [5, 6]], ["CZ", [6, 7]], ["CZ", [7, 0]], ["CZ", [1, 8]], ["CZ", [3, 8]], ["CZ", [5, 8]], ["CZ", [7, 8]], ["CRX", [1, 8]], ["CRX", [3, 8]], ["CRX", [5, 8]], ["CRX", [7, 8]]], "parameter_efficiency": 0.015277777777777777, "spec_valid": true, "test_accuracy": 0.36666666666666664, "test_loss": 5.097914472075598, "train_accuracy": 0.35, "train_loss": 5.230803768961815, "validation_accuracy": 0.37777777777777777, "validation_loss": 5.118128588100754}
==========Run 1/1 completed in 20.23 seconds==========
Correctness and error status saved to /home/chengyou1368/QuantumAnsatz/tic-tac-toe/results/ttt_qml_cli_20260605_113556/gen_3/results/correct.json
Metrics saved to /home/chengyou1368/QuantumAnsatz/tic-tac-toe/results/ttt_qml_cli_20260605_113556/gen_3/results/metrics.json
OK
{
  "combined_score": 0.44126333272132295,
  "public": {
    "train_accuracy_mean": 0.35,
    "train_accuracy_std": 0.0,
    "validation_accuracy_mean": 0.3778,
    "validation_accuracy_std": 0.0,
    "test_accuracy_mean": 0.3667,
    "test_accuracy_std": 0.0,
    "generalization_gap_mean": 0.0167,
    "validation_loss_mean": 5.1181,
    "test_loss_mean": 5.0979,
    "parameter_efficiency_mean": 0.015278,
    "n_params": 24,
    "depth_mean": 72.0,
    "gate_count_mean": 177.0,
    "score_uses_test": false,
    "convergence_step_mean": null
  },
  "private": {
    "per_run_scores": [
      {
        "combined_score": 0.44126333272132295,
        "primary_accuracy": 0.37777777777777777,
        "gap_score": 0.9523809523809524,
        "loss_score": 0.16344867316860845,
        "parameter_efficiency_score": 1.0,
        "convergence_score": 0.0
      }
    ],
    "per_run_test_accuracies": [
      0.36666666666666664
    ]
  },
  "text_feedback": "Combined score: 0.4413\nValidation accuracy mean: 0.3778\nTest accuracy mean: 0.3667\nTrain-test generalization gap mean: 0.0167\nValidation L2 loss mean: 5.1181\nParameters: 24, depth mean: 72.0, gate count mean: 177.0\nFitness uses validation metrics; test metrics are reported as holdout diagnostics.\nAccuracy is still low; explore more expressive local entanglement or rotation diversity.\nDid not reach convergence threshold 0.90 in these runs.",
  "execution_time_mean": 20.228143641001225,
  "execution_time_std": 0.0,
  "num_valid_runs": 1,
  "num_invalid_runs": 0,
  "all_validation_errors": []
}
