==========Running program evaluation 1/1...==========
{"batch_size": 10, "data_seed": 2027, "dataset": {"all_valid_unique_boards": {"class_counts": {"circle": 316, "cross": 626, "draw": 4536}, "total": 5478}, "overlap_train_test": 2, "overlap_train_validation": 1, "overlap_validation_test": 3, "test": {"class_counts": {"circle": 20, "cross": 20, "draw": 20}, "rows": 60, "unique_boards": 59}, "train": {"class_counts": {"circle": 30, "cross": 30, "draw": 30}, "rows": 90, "unique_boards": 87}, "validation": {"class_counts": {"circle": 20, "cross": 20, "draw": 20}, "rows": 60, "unique_boards": 60}}, "event": "start", "learning_rate": 0.03, "n_epochs": 10, "n_params": 78, "n_params_per_block": 13, "n_repeats": 2, "n_uploads": 3, "seed": 1000, "steps_per_epoch": 5}
{"batch_loss": 6.483801068024704, "epoch": 1, "event": "epoch", "global_step": 5, "test_accuracy": 0.35, "test_loss": 5.209384118612897, "train_accuracy": 0.3, "train_loss": 5.551889256084745, "validation_accuracy": 0.35, "validation_loss": 5.284577643350855}
{"batch_loss": 3.898222704894356, "epoch": 2, "event": "epoch", "global_step": 10, "test_accuracy": 0.36666666666666664, "test_loss": 3.4137841225133276, "train_accuracy": 0.3, "train_loss": 3.669237383929212, "validation_accuracy": 0.35, "validation_loss": 3.299491676162885}
{"batch_loss": 3.3602321730520464, "epoch": 3, "event": "epoch", "global_step": 15, "test_accuracy": 0.36666666666666664, "test_loss": 2.9897080036613355, "train_accuracy": 0.34444444444444444, "train_loss": 3.064418373425622, "validation_accuracy": 0.31666666666666665, "validation_loss": 2.8625608811166283}
{"batch_loss": 2.245763282459356, "epoch": 4, "event": "epoch", "global_step": 20, "test_accuracy": 0.45, "test_loss": 2.7383975131575427, "train_accuracy": 0.3888888888888889, "train_loss": 2.7653064652204886, "validation_accuracy": 0.36666666666666664, "validation_loss": 2.7004398067668514}
{"batch_loss": 2.7081381149738113, "epoch": 5, "event": "epoch", "global_step": 25, "test_accuracy": 0.5333333333333333, "test_loss": 2.612629924393972, "train_accuracy": 0.43333333333333335, "train_loss": 2.5706343333442083, "validation_accuracy": 0.48333333333333334, "validation_loss": 2.614077962679948}
{"batch_loss": 2.6901053999977793, "epoch": 6, "event": "epoch", "global_step": 30, "test_accuracy": 0.3333333333333333, "test_loss": 2.6981482267562, "train_accuracy": 0.4777777777777778, "train_loss": 2.561509902223248, "validation_accuracy": 0.38333333333333336, "validation_loss": 2.6802788772699544}
{"batch_loss": 2.8489751776411536, "epoch": 7, "event": "epoch", "global_step": 35, "test_accuracy": 0.4166666666666667, "test_loss": 2.6962759490932617, "train_accuracy": 0.5555555555555556, "train_loss": 2.491535651166532, "validation_accuracy": 0.45, "validation_loss": 2.6226189282248056}
{"batch_loss": 2.4889933652184553, "epoch": 8, "event": "epoch", "global_step": 40, "test_accuracy": 0.4166666666666667, "test_loss": 2.623531167718204, "train_accuracy": 0.5888888888888889, "train_loss": 2.395853930022492, "validation_accuracy": 0.4666666666666667, "validation_loss": 2.5192972315206514}
{"batch_loss": 2.455714651440882, "epoch": 9, "event": "epoch", "global_step": 45, "test_accuracy": 0.48333333333333334, "test_loss": 2.6036250307257243, "train_accuracy": 0.5555555555555556, "train_loss": 2.374443310661375, "validation_accuracy": 0.5, "validation_loss": 2.4692446833691535}
{"batch_loss": 2.4872047990229578, "epoch": 10, "event": "epoch", "global_step": 50, "test_accuracy": 0.5166666666666667, "test_loss": 2.580616987270406, "train_accuracy": 0.5555555555555556, "train_loss": 2.3467852664943534, "validation_accuracy": 0.5333333333333333, "validation_loss": 2.4191748018150157}
{"convergence_epoch": null, "convergence_step": null, "convergence_threshold": 0.9, "depth": 70, "event": "final", "gate_count": 261, "generalization_gap": 0.03888888888888886, "history_tail": [{"batch_loss": 6.483801068024704, "epoch": 1, "event": "epoch", "global_step": 5, "test_accuracy": 0.35, "test_loss": 5.209384118612897, "train_accuracy": 0.3, "train_loss": 5.551889256084745, "validation_accuracy": 0.35, "validation_loss": 5.284577643350855}, {"batch_loss": 3.898222704894356, "epoch": 2, "event": "epoch", "global_step": 10, "test_accuracy": 0.36666666666666664, "test_loss": 3.4137841225133276, "train_accuracy": 0.3, "train_loss": 3.669237383929212, "validation_accuracy": 0.35, "validation_loss": 3.299491676162885}, {"batch_loss": 3.3602321730520464, "epoch": 3, "event": "epoch", "global_step": 15, "test_accuracy": 0.36666666666666664, "test_loss": 2.9897080036613355, "train_accuracy": 0.34444444444444444, "train_loss": 3.064418373425622, "validation_accuracy": 0.31666666666666665, "validation_loss": 2.8625608811166283}, {"batch_loss": 2.245763282459356, "epoch": 4, "event": "epoch", "global_step": 20, "test_accuracy": 0.45, "test_loss": 2.7383975131575427, "train_accuracy": 0.3888888888888889, "train_loss": 2.7653064652204886, "validation_accuracy": 0.36666666666666664, "validation_loss": 2.7004398067668514}, {"batch_loss": 2.7081381149738113, "epoch": 5, "event": "epoch", "global_step": 25, "test_accuracy": 0.5333333333333333, "test_loss": 2.612629924393972, "train_accuracy": 0.43333333333333335, "train_loss": 2.5706343333442083, "validation_accuracy": 0.48333333333333334, "validation_loss": 2.614077962679948}, {"batch_loss": 2.6901053999977793, "epoch": 6, "event": "epoch", "global_step": 30, "test_accuracy": 0.3333333333333333, "test_loss": 2.6981482267562, "train_accuracy": 0.4777777777777778, "train_loss": 2.561509902223248, "validation_accuracy": 0.38333333333333336, "validation_loss": 2.6802788772699544}, {"batch_loss": 2.8489751776411536, "epoch": 7, "event": "epoch", "global_step": 35, "test_accuracy": 0.4166666666666667, "test_loss": 2.6962759490932617, "train_accuracy": 0.5555555555555556, "train_loss": 2.491535651166532, "validation_accuracy": 0.45, "validation_loss": 2.6226189282248056}, {"batch_loss": 2.4889933652184553, "epoch": 8, "event": "epoch", "global_step": 40, "test_accuracy": 0.4166666666666667, "test_loss": 2.623531167718204, "train_accuracy": 0.5888888888888889, "train_loss": 2.395853930022492, "validation_accuracy": 0.4666666666666667, "validation_loss": 2.5192972315206514}, {"batch_loss": 2.455714651440882, "epoch": 9, "event": "epoch", "global_step": 45, "test_accuracy": 0.48333333333333334, "test_loss": 2.6036250307257243, "train_accuracy": 0.5555555555555556, "train_loss": 2.374443310661375, "validation_accuracy": 0.5, "validation_loss": 2.4692446833691535}, {"batch_loss": 2.4872047990229578, "epoch": 10, "event": "epoch", "global_step": 50, "test_accuracy": 0.5166666666666667, "test_loss": 2.580616987270406, "train_accuracy": 0.5555555555555556, "train_loss": 2.3467852664943534, "validation_accuracy": 0.5333333333333333, "validation_loss": 2.4191748018150157}], "max_steps": 50, "n_params": 78, "n_params_per_block": 13, "n_qubits": 9, "n_repeats": 2, "n_uploads": 3, "operations": [["RX", [0]], ["RX", [1]], ["RX", [2]], ["RX", [3]], ["RX", [4]], ["RX", [5]], ["RX", [6]], ["RX", [7]], ["RX", [8]], ["RZ", [0]], ["RZ", [2]], ["RZ", [4]], ["RZ", [6]], ["RZ", [1]], ["RZ", [3]], ["RZ", [5]], ["RZ", [7]], ["RZ", [8]], ["RY", [0]], ["RY", [2]], ["RY", [4]], ["RY", [6]], ["RY", [1]], ["RY", [3]], ["RY", [5]], ["RY", [7]], ["RY", [8]], ["CZ", [0, 1]], ["CZ", [1, 2]], ["CZ", [2, 3]], ["CZ", [3, 4]], ["CZ", [4, 5]], ["CZ", [5, 6]], ["CZ", [6, 7]], ["CZ", [7, 0]], ["CRZ", [8, 1]], ["CRZ", [8, 3]], ["CRZ", [8, 5]], ["CRZ", [8, 7]], ["RZ", [0]], ["RZ", [2]], ["RZ", [4]], ["RZ", [6]], ["RZ", [1]], ["RZ", [3]], ["RZ", [5]], ["RZ", [7]], ["RZ", [8]], ["RZ", [0]], ["RZ", [2]], ["RZ", [4]], ["RZ", [6]], ["RZ", [1]], ["RZ", [3]], ["RZ", [5]], ["RZ", [7]], ["RZ", [8]], ["RY", [0]], ["RY", [2]], ["RY", [4]], ["RY", [6]], ["RY", [1]], ["RY", [3]], ["RY", [5]], ["RY", [7]], ["RY", [8]], ["CZ", [0, 1]], ["CZ", [1, 2]], ["CZ", [2, 3]], ["CZ", [3, 4]], ["CZ", [4, 5]], ["CZ", [5, 6]], ["CZ", [6, 7]], ["CZ", [7, 0]], ["CRZ", [8, 1]], ["CRZ", [8, 3]], ["CRZ", [8, 5]], ["CRZ", [8, 7]], ["RZ", [0]], ["RZ", [2]], ["RZ", [4]], ["RZ", [6]], ["RZ", [1]], ["RZ", [3]], ["RZ", [5]], ["RZ", [7]], ["RZ", [8]], ["RX", [0]], ["RX", [1]], ["RX", [2]], ["RX", [3]], ["RX", [4]], ["RX", [5]], ["RX", [6]], ["RX", [7]], ["RX", [8]], ["RZ", [0]], ["RZ", [2]], ["RZ", [4]], ["RZ", [6]], ["RZ", [1]], ["RZ", [3]], ["RZ", [5]], ["RZ", [7]], ["RZ", [8]], ["RY", [0]], ["RY", [2]], ["RY", [4]], ["RY", [6]], ["RY", [1]], ["RY", [3]], ["RY", [5]], ["RY", [7]], ["RY", [8]], ["CZ", [0, 1]], ["CZ", [1, 2]], ["CZ", [2, 3]], ["CZ", [3, 4]], ["CZ", [4, 5]], ["CZ", [5, 6]], ["CZ", [6, 7]], ["CZ", [7, 0]], ["CRZ", [8, 1]], ["CRZ", [8, 3]], ["CRZ", [8, 5]], ["CRZ", [8, 7]], ["RZ", [0]], ["RZ", [2]], ["RZ", [4]], ["RZ", [6]], ["RZ", [1]], ["RZ", [3]], ["RZ", [5]], ["RZ", [7]], ["RZ", [8]], ["RZ", [0]], ["RZ", [2]], ["RZ", [4]], ["RZ", [6]], ["RZ", [1]], ["RZ", [3]], ["RZ", [5]], ["RZ", [7]], ["RZ", [8]], ["RY", [0]], ["RY", [2]], ["RY", [4]], ["RY", [6]], ["RY", [1]], ["RY", [3]], ["RY", [5]], ["RY", [7]], ["RY", [8]], ["CZ", [0, 1]], ["CZ", [1, 2]], ["CZ", [2, 3]], ["CZ", [3, 4]], ["CZ", [4, 5]], ["CZ", [5, 6]], ["CZ", [6, 7]], ["CZ", [7, 0]], ["CRZ", [8, 1]], ["CRZ", [8, 3]], ["CRZ", [8, 5]], ["CRZ", [8, 7]], ["RZ", [0]], ["RZ", [2]], ["RZ", [4]], ["RZ", [6]], ["RZ", [1]], ["RZ", [3]], ["RZ", [5]], ["RZ", [7]], ["RZ", [8]], ["RX", [0]], ["RX", [1]], ["RX", [2]], ["RX", [3]], ["RX", [4]], ["RX", [5]], ["RX", [6]], ["RX", [7]], ["RX", [8]], ["RZ", [0]], ["RZ", [2]], ["RZ", [4]], ["RZ", [6]], ["RZ", [1]], ["RZ", [3]], ["RZ", [5]], ["RZ", [7]], ["RZ", [8]], ["RY", [0]], ["RY", [2]], ["RY", [4]], ["RY", [6]], ["RY", [1]], ["RY", [3]], ["RY", [5]], ["RY", [7]], ["RY", [8]], ["CZ", [0, 1]], ["CZ", [1, 2]], ["CZ", [2, 3]], ["CZ", [3, 4]], ["CZ", [4, 5]], ["CZ", [5, 6]], ["CZ", [6, 7]], ["CZ", [7, 0]], ["CRZ", [8, 1]], ["CRZ", [8, 3]], ["CRZ", [8, 5]], ["CRZ", [8, 7]], ["RZ", [0]], ["RZ", [2]], ["RZ", [4]], ["RZ", [6]], ["RZ", [1]], ["RZ", [3]], ["RZ", [5]], ["RZ", [7]], ["RZ", [8]], ["RZ", [0]], ["RZ", [2]], ["RZ", [4]], ["RZ", [6]], ["RZ", [1]], ["RZ", [3]], ["RZ", [5]], ["RZ", [7]], ["RZ", [8]], ["RY", [0]], ["RY", [2]], ["RY", [4]], ["RY", [6]], ["RY", [1]], ["RY", [3]], ["RY", [5]], ["RY", [7]], ["RY", [8]], ["CZ", [0, 1]], ["CZ", [1, 2]], ["CZ", [2, 3]], ["CZ", [3, 4]], ["CZ", [4, 5]], ["CZ", [5, 6]], ["CZ", [6, 7]], ["CZ", [7, 0]], ["CRZ", [8, 1]], ["CRZ", [8, 3]], ["CRZ", [8, 5]], ["CRZ", [8, 7]], ["RZ", [0]], ["RZ", [2]], ["RZ", [4]], ["RZ", [6]], ["RZ", [1]], ["RZ", [3]], ["RZ", [5]], ["RZ", [7]], ["RZ", [8]]], "parameter_efficiency": 0.006623931623931625, "spec_valid": true, "test_accuracy": 0.5166666666666667, "test_loss": 2.580616987270406, "train_accuracy": 0.5555555555555556, "train_loss": 2.3467852664943534, "validation_accuracy": 0.5333333333333333, "validation_loss": 2.4191748018150157}
==========Run 1/1 completed in 128.14 seconds==========
Correctness and error status saved to /home/chengyou1368/QuantumAnsatz/tic-tac-toe/results/ttt_qml_cli_20260605_124906/gen_3/results/correct.json
Metrics saved to /home/chengyou1368/QuantumAnsatz/tic-tac-toe/results/ttt_qml_cli_20260605_124906/gen_3/results/metrics.json
OK
{
  "combined_score": 0.549425789952573,
  "public": {
    "train_accuracy_mean": 0.5556,
    "train_accuracy_std": 0.0,
    "validation_accuracy_mean": 0.5333,
    "validation_accuracy_std": 0.0,
    "test_accuracy_mean": 0.5167,
    "test_accuracy_std": 0.0,
    "generalization_gap_mean": 0.0389,
    "validation_loss_mean": 2.4192,
    "test_loss_mean": 2.5806,
    "parameter_efficiency_mean": 0.006624,
    "n_params": 78,
    "depth_mean": 70.0,
    "gate_count_mean": 261.0,
    "score_uses_test": false,
    "convergence_step_mean": null
  },
  "private": {
    "per_run_scores": [
      {
        "combined_score": 0.549425789952573,
        "primary_accuracy": 0.5333333333333333,
        "gap_score": 0.888888888888889,
        "loss_score": 0.29246822931344885,
        "parameter_efficiency_score": 1.0,
        "convergence_score": 0.0
      }
    ],
    "per_run_test_accuracies": [
      0.5166666666666667
    ]
  },
  "text_feedback": "Combined score: 0.5494\nValidation accuracy mean: 0.5333\nTest accuracy mean: 0.5167\nTrain-test generalization gap mean: 0.0389\nValidation L2 loss mean: 2.4192\nParameters: 78, depth mean: 70.0, gate count mean: 261.0\nFitness uses validation metrics; test metrics are reported as holdout diagnostics.\nAccuracy is still low; explore more expressive local entanglement or rotation diversity.\nDid not reach convergence threshold 0.90 in these runs.",
  "execution_time_mean": 128.14078962000167,
  "execution_time_std": 0.0,
  "num_valid_runs": 1,
  "num_invalid_runs": 0,
  "all_validation_errors": []
}
