==========Running program evaluation 1/1...==========
{"batch_size": 10, "data_seed": 2027, "dataset": {"all_valid_unique_boards": {"class_counts": {"circle": 316, "cross": 626, "draw": 4536}, "total": 5478}, "overlap_train_test": 2, "overlap_train_validation": 1, "overlap_validation_test": 3, "test": {"class_counts": {"circle": 20, "cross": 20, "draw": 20}, "rows": 60, "unique_boards": 59}, "train": {"class_counts": {"circle": 30, "cross": 30, "draw": 30}, "rows": 90, "unique_boards": 87}, "validation": {"class_counts": {"circle": 20, "cross": 20, "draw": 20}, "rows": 60, "unique_boards": 60}}, "event": "start", "learning_rate": 0.03, "n_epochs": 10, "n_params": 78, "n_params_per_block": 13, "n_repeats": 2, "n_uploads": 3, "seed": 1000, "steps_per_epoch": 5}
{"batch_loss": 6.759480886358391, "epoch": 1, "event": "epoch", "global_step": 5, "test_accuracy": 0.3, "test_loss": 5.051423675951522, "train_accuracy": 0.3, "train_loss": 5.448647502870291, "validation_accuracy": 0.35, "validation_loss": 5.04773493527081}
{"batch_loss": 4.54294962417772, "epoch": 2, "event": "epoch", "global_step": 10, "test_accuracy": 0.3333333333333333, "test_loss": 3.7228265578783333, "train_accuracy": 0.3111111111111111, "train_loss": 3.9338606888168286, "validation_accuracy": 0.36666666666666664, "validation_loss": 3.531301368416718}
{"batch_loss": 3.6091058859338956, "epoch": 3, "event": "epoch", "global_step": 15, "test_accuracy": 0.5, "test_loss": 3.1968385048922507, "train_accuracy": 0.45555555555555555, "train_loss": 3.297654727794622, "validation_accuracy": 0.38333333333333336, "validation_loss": 3.03071256165813}
{"batch_loss": 2.637939756904493, "epoch": 4, "event": "epoch", "global_step": 20, "test_accuracy": 0.4666666666666667, "test_loss": 2.990681183039747, "train_accuracy": 0.45555555555555555, "train_loss": 3.03963115469856, "validation_accuracy": 0.4, "validation_loss": 2.898739538992992}
{"batch_loss": 3.335838557530079, "epoch": 5, "event": "epoch", "global_step": 25, "test_accuracy": 0.43333333333333335, "test_loss": 2.9180677062577747, "train_accuracy": 0.43333333333333335, "train_loss": 2.903522416104609, "validation_accuracy": 0.3333333333333333, "validation_loss": 2.8729353692682986}
{"batch_loss": 3.0214681268862598, "epoch": 6, "event": "epoch", "global_step": 30, "test_accuracy": 0.3, "test_loss": 2.9662885307425726, "train_accuracy": 0.3111111111111111, "train_loss": 2.894209622128415, "validation_accuracy": 0.26666666666666666, "validation_loss": 2.9428885772808595}
{"batch_loss": 3.029477008758847, "epoch": 7, "event": "epoch", "global_step": 35, "test_accuracy": 0.3, "test_loss": 2.960198153211687, "train_accuracy": 0.36666666666666664, "train_loss": 2.8674787854224735, "validation_accuracy": 0.2833333333333333, "validation_loss": 2.9308110592020067}
{"batch_loss": 2.7439595096128704, "epoch": 8, "event": "epoch", "global_step": 40, "test_accuracy": 0.36666666666666664, "test_loss": 2.892186799184795, "train_accuracy": 0.43333333333333335, "train_loss": 2.810402259816226, "validation_accuracy": 0.31666666666666665, "validation_loss": 2.846692073079501}
{"batch_loss": 2.8857465982115524, "epoch": 9, "event": "epoch", "global_step": 45, "test_accuracy": 0.48333333333333334, "test_loss": 2.846810385029925, "train_accuracy": 0.4666666666666667, "train_loss": 2.788246178618705, "validation_accuracy": 0.43333333333333335, "validation_loss": 2.7814997580521443}
{"batch_loss": 2.5092360397076527, "epoch": 10, "event": "epoch", "global_step": 50, "test_accuracy": 0.4666666666666667, "test_loss": 2.8101608627876287, "train_accuracy": 0.5111111111111111, "train_loss": 2.766731617964442, "validation_accuracy": 0.43333333333333335, "validation_loss": 2.735868339544464}
{"convergence_epoch": null, "convergence_step": null, "convergence_threshold": 0.9, "depth": 76, "event": "final", "gate_count": 285, "generalization_gap": 0.0444444444444444, "history_tail": [{"batch_loss": 6.759480886358391, "epoch": 1, "event": "epoch", "global_step": 5, "test_accuracy": 0.3, "test_loss": 5.051423675951522, "train_accuracy": 0.3, "train_loss": 5.448647502870291, "validation_accuracy": 0.35, "validation_loss": 5.04773493527081}, {"batch_loss": 4.54294962417772, "epoch": 2, "event": "epoch", "global_step": 10, "test_accuracy": 0.3333333333333333, "test_loss": 3.7228265578783333, "train_accuracy": 0.3111111111111111, "train_loss": 3.9338606888168286, "validation_accuracy": 0.36666666666666664, "validation_loss": 3.531301368416718}, {"batch_loss": 3.6091058859338956, "epoch": 3, "event": "epoch", "global_step": 15, "test_accuracy": 0.5, "test_loss": 3.1968385048922507, "train_accuracy": 0.45555555555555555, "train_loss": 3.297654727794622, "validation_accuracy": 0.38333333333333336, "validation_loss": 3.03071256165813}, {"batch_loss": 2.637939756904493, "epoch": 4, "event": "epoch", "global_step": 20, "test_accuracy": 0.4666666666666667, "test_loss": 2.990681183039747, "train_accuracy": 0.45555555555555555, "train_loss": 3.03963115469856, "validation_accuracy": 0.4, "validation_loss": 2.898739538992992}, {"batch_loss": 3.335838557530079, "epoch": 5, "event": "epoch", "global_step": 25, "test_accuracy": 0.43333333333333335, "test_loss": 2.9180677062577747, "train_accuracy": 0.43333333333333335, "train_loss": 2.903522416104609, "validation_accuracy": 0.3333333333333333, "validation_loss": 2.8729353692682986}, {"batch_loss": 3.0214681268862598, "epoch": 6, "event": "epoch", "global_step": 30, "test_accuracy": 0.3, "test_loss": 2.9662885307425726, "train_accuracy": 0.3111111111111111, "train_loss": 2.894209622128415, "validation_accuracy": 0.26666666666666666, "validation_loss": 2.9428885772808595}, {"batch_loss": 3.029477008758847, "epoch": 7, "event": "epoch", "global_step": 35, "test_accuracy": 0.3, "test_loss": 2.960198153211687, "train_accuracy": 0.36666666666666664, "train_loss": 2.8674787854224735, "validation_accuracy": 0.2833333333333333, "validation_loss": 2.9308110592020067}, {"batch_loss": 2.7439595096128704, "epoch": 8, "event": "epoch", "global_step": 40, "test_accuracy": 0.36666666666666664, "test_loss": 2.892186799184795, "train_accuracy": 0.43333333333333335, "train_loss": 2.810402259816226, "validation_accuracy": 0.31666666666666665, "validation_loss": 2.846692073079501}, {"batch_loss": 2.8857465982115524, "epoch": 9, "event": "epoch", "global_step": 45, "test_accuracy": 0.48333333333333334, "test_loss": 2.846810385029925, "train_accuracy": 0.4666666666666667, "train_loss": 2.788246178618705, "validation_accuracy": 0.43333333333333335, "validation_loss": 2.7814997580521443}, {"batch_loss": 2.5092360397076527, "epoch": 10, "event": "epoch", "global_step": 50, "test_accuracy": 0.4666666666666667, "test_loss": 2.8101608627876287, "train_accuracy": 0.5111111111111111, "train_loss": 2.766731617964442, "validation_accuracy": 0.43333333333333335, "validation_loss": 2.735868339544464}], "max_steps": 50, "n_params": 78, "n_params_per_block": 13, "n_qubits": 9, "n_repeats": 2, "n_uploads": 3, "operations": [["RX", [0]], ["RX", [1]], ["RX", [2]], ["RX", [3]], ["RX", [4]], ["RX", [5]], ["RX", [6]], ["RX", [7]], ["RX", [8]], ["RZ", [0]], ["RZ", [2]], ["RZ", [4]], ["RZ", [6]], ["RZ", [1]], ["RZ", [3]], ["RZ", [5]], ["RZ", [7]], ["RZ", [8]], ["RY", [0]], ["RY", [2]], ["RY", [4]], ["RY", [6]], ["RY", [1]], ["RY", [3]], ["RY", [5]], ["RY", [7]], ["RY", [8]], ["CZ", [0, 1]], ["CZ", [1, 2]], ["CZ", [2, 3]], ["CZ", [3, 4]], ["CZ", [4, 5]], ["CZ", [5, 6]], ["CZ", [6, 7]], ["CZ", [7, 0]], ["CRX", [8, 1]], ["CRX", [8, 3]], ["CRX", [8, 5]], ["CRX", [8, 7]], ["CNOT", [0, 1]], ["CNOT", [2, 3]], ["CNOT", [4, 5]], ["CNOT", [6, 7]], ["RZ", [0]], ["RZ", [2]], ["RZ", [4]], ["RZ", [6]], ["RZ", [1]], ["RZ", [3]], ["RZ", [5]], ["RZ", [7]], ["RZ", [8]], ["RZ", [0]], ["RZ", [2]], ["RZ", [4]], ["RZ", [6]], ["RZ", [1]], ["RZ", [3]], ["RZ", [5]], ["RZ", [7]], ["RZ", [8]], ["RY", [0]], ["RY", [2]], ["RY", [4]], ["RY", [6]], ["RY", [1]], ["RY", [3]], ["RY", [5]], ["RY", [7]], ["RY", [8]], ["CZ", [0, 1]], ["CZ", [1, 2]], ["CZ", [2, 3]], ["CZ", [3, 4]], ["CZ", [4, 5]], ["CZ", [5, 6]], ["CZ", [6, 7]], ["CZ", [7, 0]], ["CRX", [8, 1]], ["CRX", [8, 3]], ["CRX", [8, 5]], ["CRX", [8, 7]], ["CNOT", [0, 1]], ["CNOT", [2, 3]], ["CNOT", [4, 5]], ["CNOT", [6, 7]], ["RZ", [0]], ["RZ", [2]], ["RZ", [4]], ["RZ", [6]], ["RZ", [1]], ["RZ", [3]], ["RZ", [5]], ["RZ", [7]], ["RZ", [8]], ["RX", [0]], ["RX", [1]], ["RX", [2]], ["RX", [3]], ["RX", [4]], ["RX", [5]], ["RX", [6]], ["RX", [7]], ["RX", [8]], ["RZ", [0]], ["RZ", [2]], ["RZ", [4]], ["RZ", [6]], ["RZ", [1]], ["RZ", [3]], ["RZ", [5]], ["RZ", [7]], ["RZ", [8]], ["RY", [0]], ["RY", [2]], ["RY", [4]], ["RY", [6]], ["RY", [1]], ["RY", [3]], ["RY", [5]], ["RY", [7]], ["RY", [8]], ["CZ", [0, 1]], ["CZ", [1, 2]], ["CZ", [2, 3]], ["CZ", [3, 4]], ["CZ", [4, 5]], ["CZ", [5, 6]], ["CZ", [6, 7]], ["CZ", [7, 0]], ["CRX", [8, 1]], ["CRX", [8, 3]], ["CRX", [8, 5]], ["CRX", [8, 7]], ["CNOT", [0, 1]], ["CNOT", [2, 3]], ["CNOT", [4, 5]], ["CNOT", [6, 7]], ["RZ", [0]], ["RZ", [2]], ["RZ", [4]], ["RZ", [6]], ["RZ", [1]], ["RZ", [3]], ["RZ", [5]], ["RZ", [7]], ["RZ", [8]], ["RZ", [0]], ["RZ", [2]], ["RZ", [4]], ["RZ", [6]], ["RZ", [1]], ["RZ", [3]], ["RZ", [5]], ["RZ", [7]], ["RZ", [8]], ["RY", [0]], ["RY", [2]], ["RY", [4]], ["RY", [6]], ["RY", [1]], ["RY", [3]], ["RY", [5]], ["RY", [7]], ["RY", [8]], ["CZ", [0, 1]], ["CZ", [1, 2]], ["CZ", [2, 3]], ["CZ", [3, 4]], ["CZ", [4, 5]], ["CZ", [5, 6]], ["CZ", [6, 7]], ["CZ", [7, 0]], ["CRX", [8, 1]], ["CRX", [8, 3]], ["CRX", [8, 5]], ["CRX", [8, 7]], ["CNOT", [0, 1]], ["CNOT", [2, 3]], ["CNOT", [4, 5]], ["CNOT", [6, 7]], ["RZ", [0]], ["RZ", [2]], ["RZ", [4]], ["RZ", [6]], ["RZ", [1]], ["RZ", [3]], ["RZ", [5]], ["RZ", [7]], ["RZ", [8]], ["RX", [0]], ["RX", [1]], ["RX", [2]], ["RX", [3]], ["RX", [4]], ["RX", [5]], ["RX", [6]], ["RX", [7]], ["RX", [8]], ["RZ", [0]], ["RZ", [2]], ["RZ", [4]], ["RZ", [6]], ["RZ", [1]], ["RZ", [3]], ["RZ", [5]], ["RZ", [7]], ["RZ", [8]], ["RY", [0]], ["RY", [2]], ["RY", [4]], ["RY", [6]], ["RY", [1]], ["RY", [3]], ["RY", [5]], ["RY", [7]], ["RY", [8]], ["CZ", [0, 1]], ["CZ", [1, 2]], ["CZ", [2, 3]], ["CZ", [3, 4]], ["CZ", [4, 5]], ["CZ", [5, 6]], ["CZ", [6, 7]], ["CZ", [7, 0]], ["CRX", [8, 1]], ["CRX", [8, 3]], ["CRX", [8, 5]], ["CRX", [8, 7]], ["CNOT", [0, 1]], ["CNOT", [2, 3]], ["CNOT", [4, 5]], ["CNOT", [6, 7]], ["RZ", [0]], ["RZ", [2]], ["RZ", [4]], ["RZ", [6]], ["RZ", [1]], ["RZ", [3]], ["RZ", [5]], ["RZ", [7]], ["RZ", [8]], ["RZ", [0]], ["RZ", [2]], ["RZ", [4]], ["RZ", [6]], ["RZ", [1]], ["RZ", [3]], ["RZ", [5]], ["RZ", [7]], ["RZ", [8]], ["RY", [0]], ["RY", [2]], ["RY", [4]], ["RY", [6]], ["RY", [1]], ["RY", [3]], ["RY", [5]], ["RY", [7]], ["RY", [8]], ["CZ", [0, 1]], ["CZ", [1, 2]], ["CZ", [2, 3]], ["CZ", [3, 4]], ["CZ", [4, 5]], ["CZ", [5, 6]], ["CZ", [6, 7]], ["CZ", [7, 0]], ["CRX", [8, 1]], ["CRX", [8, 3]], ["CRX", [8, 5]], ["CRX", [8, 7]], ["CNOT", [0, 1]], ["CNOT", [2, 3]], ["CNOT", [4, 5]], ["CNOT", [6, 7]], ["RZ", [0]], ["RZ", [2]], ["RZ", [4]], ["RZ", [6]], ["RZ", [1]], ["RZ", [3]], ["RZ", [5]], ["RZ", [7]], ["RZ", [8]]], "parameter_efficiency": 0.005982905982905983, "spec_valid": true, "test_accuracy": 0.4666666666666667, "test_loss": 2.8101608627876287, "train_accuracy": 0.5111111111111111, "train_loss": 2.766731617964442, "validation_accuracy": 0.43333333333333335, "validation_loss": 2.735868339544464}
==========Run 1/1 completed in 149.48 seconds==========
Correctness and error status saved to /home/chengyou1368/QuantumAnsatz/tic-tac-toe/results/ttt_qml_cli_20260605_124906/gen_7/results/correct.json
Metrics saved to /home/chengyou1368/QuantumAnsatz/tic-tac-toe/results/ttt_qml_cli_20260605_124906/gen_7/results/metrics.json
OK
{
  "combined_score": 0.48388146663687426,
  "public": {
    "train_accuracy_mean": 0.5111,
    "train_accuracy_std": 0.0,
    "validation_accuracy_mean": 0.4333,
    "validation_accuracy_std": 0.0,
    "test_accuracy_mean": 0.4667,
    "test_accuracy_std": 0.0,
    "generalization_gap_mean": 0.0444,
    "validation_loss_mean": 2.7359,
    "test_loss_mean": 2.8102,
    "parameter_efficiency_mean": 0.005983,
    "n_params": 78,
    "depth_mean": 76.0,
    "gate_count_mean": 285.0,
    "score_uses_test": false,
    "convergence_step_mean": null
  },
  "private": {
    "per_run_scores": [
      {
        "combined_score": 0.48388146663687426,
        "primary_accuracy": 0.43333333333333335,
        "gap_score": 0.8730158730158731,
        "loss_score": 0.2676753860447705,
        "parameter_efficiency_score": 0.9,
        "convergence_score": 0.0
      }
    ],
    "per_run_test_accuracies": [
      0.4666666666666667
    ]
  },
  "text_feedback": "Combined score: 0.4839\nValidation accuracy mean: 0.4333\nTest accuracy mean: 0.4667\nTrain-test generalization gap mean: 0.0444\nValidation L2 loss mean: 2.7359\nParameters: 78, depth mean: 76.0, gate count mean: 285.0\nFitness uses validation metrics; test metrics are reported as holdout diagnostics.\nAccuracy is still low; explore more expressive local entanglement or rotation diversity.\nDid not reach convergence threshold 0.90 in these runs.",
  "execution_time_mean": 149.48306311600027,
  "execution_time_std": 0.0,
  "num_valid_runs": 1,
  "num_invalid_runs": 0,
  "all_validation_errors": []
}
