==========Running program evaluation 1/1...==========
{"batch_size": 10, "data_seed": 2027, "dataset": {"all_valid_unique_boards": {"class_counts": {"circle": 316, "cross": 626, "draw": 4536}, "total": 5478}, "overlap_train_test": 4, "overlap_train_validation": 1, "overlap_validation_test": 3, "test": {"class_counts": {"circle": 20, "cross": 20, "draw": 20}, "rows": 60, "unique_boards": 59}, "train": {"class_counts": {"circle": 20, "cross": 20, "draw": 20}, "rows": 60, "unique_boards": 59}, "validation": {"class_counts": {"circle": 15, "cross": 15, "draw": 15}, "rows": 45, "unique_boards": 44}}, "event": "start", "learning_rate": 0.03, "n_epochs": 3, "n_params": 42, "n_params_per_block": 7, "n_repeats": 2, "n_uploads": 3, "seed": 1000, "steps_per_epoch": 3}
{"batch_loss": 7.582753304165611, "epoch": 1, "event": "epoch", "global_step": 3, "test_accuracy": 0.35, "test_loss": 7.265660552451911, "train_accuracy": 0.36666666666666664, "train_loss": 7.311045751993563, "validation_accuracy": 0.3333333333333333, "validation_loss": 7.227336147829769}
{"batch_loss": 6.240906421876282, "epoch": 2, "event": "epoch", "global_step": 6, "test_accuracy": 0.35, "test_loss": 6.0809090002408706, "train_accuracy": 0.36666666666666664, "train_loss": 6.177617111742121, "validation_accuracy": 0.3333333333333333, "validation_loss": 6.016542568313776}
{"batch_loss": 5.352486272433945, "epoch": 3, "event": "epoch", "global_step": 9, "test_accuracy": 0.35, "test_loss": 5.070904246097833, "train_accuracy": 0.35, "train_loss": 5.166968759548464, "validation_accuracy": 0.3333333333333333, "validation_loss": 5.0105234360963875}
{"convergence_epoch": null, "convergence_step": null, "convergence_threshold": 0.9, "depth": 72, "event": "final", "gate_count": 177, "generalization_gap": 0.0, "history_tail": [{"batch_loss": 7.582753304165611, "epoch": 1, "event": "epoch", "global_step": 3, "test_accuracy": 0.35, "test_loss": 7.265660552451911, "train_accuracy": 0.36666666666666664, "train_loss": 7.311045751993563, "validation_accuracy": 0.3333333333333333, "validation_loss": 7.227336147829769}, {"batch_loss": 6.240906421876282, "epoch": 2, "event": "epoch", "global_step": 6, "test_accuracy": 0.35, "test_loss": 6.0809090002408706, "train_accuracy": 0.36666666666666664, "train_loss": 6.177617111742121, "validation_accuracy": 0.3333333333333333, "validation_loss": 6.016542568313776}, {"batch_loss": 5.352486272433945, "epoch": 3, "event": "epoch", "global_step": 9, "test_accuracy": 0.35, "test_loss": 5.070904246097833, "train_accuracy": 0.35, "train_loss": 5.166968759548464, "validation_accuracy": 0.3333333333333333, "validation_loss": 5.0105234360963875}], "max_steps": 9, "n_params": 42, "n_params_per_block": 7, "n_qubits": 9, "n_repeats": 2, "n_uploads": 3, "operations": [["RX", [0]], ["RX", [1]], ["RX", [2]], ["RX", [3]], ["RX", [4]], ["RX", [5]], ["RX", [6]], ["RX", [7]], ["RX", [8]], ["RY", [0]], ["RY", [1]], ["RY", [2]], ["RY", [3]], ["RY", [4]], ["RY", [5]], ["RY", [6]], ["RY", [7]], ["RY", [8]], ["CZ", [0, 1]], ["CZ", [1, 2]], ["CZ", [2, 3]], ["CZ", [3, 4]], ["CZ", [4, 5]], ["CZ", [5, 6]], ["CZ", [6, 7]], ["CZ", [7, 0]], ["CZ", [1, 8]], ["CZ", [3, 8]], ["CZ", [5, 8]], ["CZ", [7, 8]], ["CRX", [1, 8]], ["CRX", [3, 8]], ["CRX", [5, 8]], ["CRX", [7, 8]], ["RY", [0]], ["RY", [1]], ["RY", [2]], ["RY", [3]], ["RY", [4]], ["RY", [5]], ["RY", [6]], ["RY", [7]], ["RY", [8]], ["CZ", [0, 1]], ["CZ", [1, 2]], ["CZ", [2, 3]], ["CZ", [3, 4]], ["CZ", [4, 5]], ["CZ", [5, 6]], ["CZ", [6, 7]], ["CZ", [7, 0]], ["CZ", [1, 8]], ["CZ", [3, 8]], ["CZ", [5, 8]], ["CZ", [7, 8]], ["CRX", [1, 8]], ["CRX", [3, 8]], ["CRX", [5, 8]], ["CRX", [7, 8]], ["RX", [0]], ["RX", [1]], ["RX", [2]], ["RX", [3]], ["RX", [4]], ["RX", [5]], ["RX", [6]], ["RX", [7]], ["RX", [8]], ["RY", [0]], ["RY", [1]], ["RY", [2]], ["RY", [3]], ["RY", [4]], ["RY", [5]], ["RY", [6]], ["RY", [7]], ["RY", [8]], ["CZ", [0, 1]], ["CZ", [1, 2]], ["CZ", [2, 3]], ["CZ", [3, 4]], ["CZ", [4, 5]], ["CZ", [5, 6]], ["CZ", [6, 7]], ["CZ", [7, 0]], ["CZ", [1, 8]], ["CZ", [3, 8]], ["CZ", [5, 8]], ["CZ", [7, 8]], ["CRX", [1, 8]], ["CRX", [3, 8]], ["CRX", [5, 8]], ["CRX", [7, 8]], ["RY", [0]], ["RY", [1]], ["RY", [2]], ["RY", [3]], ["RY", [4]], ["RY", [5]], ["RY", [6]], ["RY", [7]], ["RY", [8]], ["CZ", [0, 1]], ["CZ", [1, 2]], ["CZ", [2, 3]], ["CZ", [3, 4]], ["CZ", [4, 5]], ["CZ", [5, 6]], ["CZ", [6, 7]], ["CZ", [7, 0]], ["CZ", [1, 8]], ["CZ", [3, 8]], ["CZ", [5, 8]], ["CZ", [7, 8]], ["CRX", [1, 8]], ["CRX", [3, 8]], ["CRX", [5, 8]], ["CRX", [7, 8]], ["RX", [0]], ["RX", [1]], ["RX", [2]], ["RX", [3]], ["RX", [4]], ["RX", [5]], ["RX", [6]], ["RX", [7]], ["RX", [8]], ["RY", [0]], ["RY", [1]], ["RY", [2]], ["RY", [3]], ["RY", [4]], ["RY", [5]], ["RY", [6]], ["RY", [7]], ["RY", [8]], ["CZ", [0, 1]], ["CZ", [1, 2]], ["CZ", [2, 3]], ["CZ", [3, 4]], ["CZ", [4, 5]], ["CZ", [5, 6]], ["CZ", [6, 7]], ["CZ", [7, 0]], ["CZ", [1, 8]], ["CZ", [3, 8]], ["CZ", [5, 8]], ["CZ", [7, 8]], ["CRX", [1, 8]], ["CRX", [3, 8]], ["CRX", [5, 8]], ["CRX", [7, 8]], ["RY", [0]], ["RY", [1]], ["RY", [2]], ["RY", [3]], ["RY", [4]], ["RY", [5]], ["RY", [6]], ["RY", [7]], ["RY", [8]], ["CZ", [0, 1]], ["CZ", [1, 2]], ["CZ", [2, 3]], ["CZ", [3, 4]], ["CZ", [4, 5]], ["CZ", [5, 6]], ["CZ", [6, 7]], ["CZ", [7, 0]], ["CZ", [1, 8]], ["CZ", [3, 8]], ["CZ", [5, 8]], ["CZ", [7, 8]], ["CRX", [1, 8]], ["CRX", [3, 8]], ["CRX", [5, 8]], ["CRX", [7, 8]]], "parameter_efficiency": 0.008333333333333333, "spec_valid": true, "test_accuracy": 0.35, "test_loss": 5.070904246097833, "train_accuracy": 0.35, "train_loss": 5.166968759548464, "validation_accuracy": 0.3333333333333333, "validation_loss": 5.0105234360963875}
==========Run 1/1 completed in 21.55 seconds==========
Correctness and error status saved to /home/chengyou1368/QuantumAnsatz/tic-tac-toe/results/ttt_qml_cli_20260605_113556/gen_1/results/correct.json
Metrics saved to /home/chengyou1368/QuantumAnsatz/tic-tac-toe/results/ttt_qml_cli_20260605_113556/gen_1/results/metrics.json
OK
{
  "combined_score": 0.4266228957862755,
  "public": {
    "train_accuracy_mean": 0.35,
    "train_accuracy_std": 0.0,
    "validation_accuracy_mean": 0.3333,
    "validation_accuracy_std": 0.0,
    "test_accuracy_mean": 0.35,
    "test_accuracy_std": 0.0,
    "generalization_gap_mean": 0.0,
    "validation_loss_mean": 5.0105,
    "test_loss_mean": 5.0709,
    "parameter_efficiency_mean": 0.008333,
    "n_params": 42,
    "depth_mean": 72.0,
    "gate_count_mean": 177.0,
    "score_uses_test": false,
    "convergence_step_mean": null
  },
  "private": {
    "per_run_scores": [
      {
        "combined_score": 0.4266228957862755,
        "primary_accuracy": 0.3333333333333333,
        "gap_score": 1.0,
        "loss_score": 0.16637486079739222,
        "parameter_efficiency_score": 1.0,
        "convergence_score": 0.0
      }
    ],
    "per_run_test_accuracies": [
      0.35
    ]
  },
  "text_feedback": "Combined score: 0.4266\nValidation accuracy mean: 0.3333\nTest accuracy mean: 0.3500\nTrain-test generalization gap mean: 0.0000\nValidation L2 loss mean: 5.0105\nParameters: 42, depth mean: 72.0, gate count mean: 177.0\nFitness uses validation metrics; test metrics are reported as holdout diagnostics.\nAccuracy is still low; explore more expressive local entanglement or rotation diversity.\nDid not reach convergence threshold 0.90 in these runs.",
  "execution_time_mean": 21.546344430000318,
  "execution_time_std": 0.0,
  "num_valid_runs": 1,
  "num_invalid_runs": 0,
  "all_validation_errors": []
}
